1
0.9996501965
0.9979673596
0.9956015075
0.992555176
0.9888313692
0.9844335568
0.9793656716
0.9736321052
0.9672377053
0.9601877709
0.9524880483
0.9441447267
0.9351644327
0.9255542258
0.9153215921
0.904474439
0.8930210892
0.8809702738
0.8683311261
0.8551131743
0.8413263348
0.8269809043
0.8120875521
0.7966573127
0.7807015767
0.7642320831
0.7472609104
0.7298004675
0.7118634848
0.693463005
0.6746123731
0.6553252272
0.6356154883
0.6154973501
0.5949852692
0.574093954
0.5528383546
0.5312336517
0.5092952461
0.4870387472
0.4644799623
0.4416348848
0.4185196832
0.3951506894
0.3715443872
0.3477174005
0.3236864817
0.2994684994
0.2750804272
0.2505393312
0.2258623582
0.2010667235
0.176169699
0.151188601
0.1261407783
0.1010435995
0.0759144418
0.050770678
0.02562966502
0.0005087316346
-0.02457483352
-0.04960379387
-0.07456097684
-0.09942928565
-0.1241917111
-0.1488313434
-0.1733313834
-0.1976751545
-0.2218461139
-0.2458278637
-0.2696041626
-0.2931589361
-0.3164762883
-0.3395405121
-0.3623361001
-0.3848477546
-0.4070603987
-0.4289591858
-0.4505295095
-0.471757014
-0.4926276029
-0.5131274492
-0.5332430042
-0.5529610062
-0.57226849
-0.5911527948
-0.6096015724
-0.6276027961
-0.6451447676
-0.6622161251
-0.6788058507
-0.694903277
-0.7104980947
-0.7255803585
-0.7401404937
-0.7541693022
-0.7676579686
-0.7805980649
-0.7929815567
-0.8048008072
-0.8160485827
-0.8267180564
-0.8368028124
-0.8462968502
-0.8551945872
-0.8634908627
-0.8711809403
-0.8782605107
-0.8847256939
-0.8905730412
-0.895799537
-0.9004025998
-0.9043800838
-0.9077302792
-0.9104519128
-0.9125441484
-0.9140065861
-0.9148392626
-0.9150426496
-0.9146176534
-0.9135656132
-0.9118882996
-0.9095879124
-0.9066670787
-0.9031288502
-0.8989766999
-0.89421452
-0.8888466174
-0.8828777107
-0.8763129259
-0.8691577923
-0.861418238
-0.8531005849
-0.8442115437
-0.8347582087
-0.8247480523
-0.8141889188
-0.8030890185
-0.7914569216
-0.7793015512
-0.766632177
-0.7534584075
-0.7397901839
-0.7256377714
-0.7110117522
-0.6959230178
-0.6803827602
-0.6644024641
-0.6479938983
-0.6311691073
-0.6139404019
-0.5963203507
-0.5783217705
-0.5599577176
-0.5412414776
-0.5221865562
-0.5028066696
-0.483115734
-0.4631278562
-0.4428573232
-0.4223185922
-0.4015262798
-0.3804951521
-0.3592401139
-0.3377761982
-0.3161185555
-0.2942824434
-0.2722832153
-0.2501363098
-0.2278572402
-0.205461583
-0.1829649674
-0.1603830644
-0.1377315757
-0.1150262226
-0.09228273541
-0.06951684244
-0.04674425895
-0.02398067644
-0.001241751729
0.02145690376
0.04409973481
0.06667125301
0.08915604742
0.1115387951
0.1338042715
0.155937361
0.177923067
0.199746522
0.2213929981
0.2428479165
0.2640968574
0.2851255701
0.3059199819
0.326466208
0.3467505606
0.3667595582
0.3864799342
0.4058986459
0.4250028832
0.443780077
0.4622179071
0.480304311
0.4980274909
0.5153759222
0.5323383603
0.5489038482
0.5650617235
0.5808016254
0.5961135008
0.6109876112
0.6254145387
0.6393851917
0.6528908108
0.6659229743
0.6784736031
0.6905349659
0.7020996837
0.7131607346
0.7237114574
0.7337455561
0.7432571031
0.7522405429
0.7606906952
0.7686027577
0.7759723085
0.7827953089
0.7890681051
0.79478743
0.7999504048
0.8045545405
0.8085977382
0.8120782906
0.8149948818
0.8173465878
0.8191328761
0.8203536057
0.8210090262
0.8210997766
0.8206268847
0.8195917651
0.8179962179
0.8158424263
0.8131329545
0.8098707454
0.8060591174
0.8017017617
0.7968027389
0.7913664754
0.7853977599
0.7789017389
0.7718839128
0.7643501314
0.7563065888
0.7477598189
0.7387166899
0.7291843991
0.719170467
0.7086827317
0.6977293428
0.6863187548
0.6744597213
0.6621612878
0.6494327852
0.6362838224
0.6227242795
0.6087643002
0.5944142842
0.5796848798
0.5645869757
0.5491316931
0.5333303776
0.5171945908
0.5007361021
0.4839668798
0.4668990825
0.4495450508
0.4319172975
0.4140284994
0.3958914878
0.3775192395
0.3589248672
0.3401216106
0.3211228268
0.3019419806
0.2825926353
0.263088443
0.243443135
0.223670512
0.2037844345
0.1837988133
0.1637275995
0.1435847747
0.1233843418
0.1031403145
0.08286670828
0.06257753034
0.04228676997
0.02200838901
0.001756312166
-0.0184555825
-0.03861347307
-0.05870360324
-0.07871229165
-0.09862594124
-0.1184310484
-0.1381142123
-0.1576621436
-0.1770616738
-0.1962997637
-0.2153635127
-0.2342401667
-0.2529171271
-0.2713819593
-0.2896224006
-0.3076263682
-0.325381968
-0.3428775012
-0.3601014732
-0.3770426002
-0.3936898172
-0.4100322846
-0.4260593958
-0.4417607837
-0.4571263273
-0.4721461585
-0.4868106681
-0.501110512
-0.5150366172
-0.5285801873
-0.5417327081
-0.5544859531
-0.566831988
-0.5787631763
-0.5902721833
-0.601351981
-0.6119958521
-0.6221973939
-0.6319505223
-0.641249475
-0.6500888152
-0.6584634344
-0.6663685553
-0.6737997343
-0.6807528639
-0.6872241752
-0.693210239
-0.6987079683
-0.703714619
-0.7082277915
-0.7122454315
-0.7157658307
-0.718787627
-0.7213098051
-0.7233316962
-0.7248529779
-0.7258736732
-0.7263941506
-0.7264151221
-0.7259376429
-0.7249631093
-0.7234932572
-0.7215301601
-0.7190762273
-0.7161342009
-0.7127071537
-0.7087984861
-0.7044119232
-0.6995515112
-0.6942216145
-0.6884269113
-0.6821723903
-0.6754633461
-0.6683053753
-0.6607043715
-0.6526665211
-0.6441982979
-0.6353064585
-0.6259980366
-0.6162803376
-0.6061609333
-0.5956476556
-0.5847485909
-0.5734720739
-0.561826681
-0.5498212242
-0.5374647444
-0.5247665046
-0.5117359829
-0.4983828658
-0.4847170408
-0.4707485892
-0.4564877788
-0.441945056
-0.427131039
-0.4120565091
-0.3967324037
-0.3811698081
-0.3653799472
-0.3493741781
-0.3331639815
-0.3167609534
-0.3001767974
-0.2834233158
-0.2665124015
-0.2494560296
-0.2322662489
-0.2149551733
-0.1975349736
-0.1800178687
-0.1624161169
-0.144742008
-0.127007854
-0.109225981
-0.09140872061
-0.07356840116
-0.05571733954
-0.03786783252
-0.02003214834
-0.002222518336
0.01554887144
0.03326988854
0.05092846236
0.06851259234
0.08601035608
0.1034099174
0.1206995344
0.1378675672
0.1549024857
0.1717928777
0.1885274561
0.2050950663
0.2214846942
0.2376854729
0.2536866901
0.2694777952
0.2850484061
0.3003883161
0.3154875004
0.3303361227
0.3449245416
0.3592433167
0.3732832147
0.3870352154
0.4004905173
0.4136405433
0.4264769459
0.4389916129
0.4511766718
0.4630244953
0.4745277055
0.4856791788
0.4964720501
0.506899717
0.5169558435
0.5266343642
0.5359294874
0.5448356989
0.5533477649
0.561460735
0.569169945
0.5764710195
0.5833598742
0.5898327181
0.5958860553
0.601516687
0.6067217129
0.6114985322
0.6158448452
0.619758654
0.623238263
0.6262822797
0.6288896147
0.6310594819
0.6327913981
0.6340851832
0.6349409587
0.635359148
0.6353404745
0.634885961
0.6339969277
0.6326749915
0.6309220633
0.6287403463
0.6261323342
0.6231008082
0.6196488347
0.6157797627
0.6114972203
0.6068051121
0.6017076156
0.5962091777
0.590314511
0.58402859
0.577356647
0.5703041678
0.5628768876
0.555080786
0.5469220828
0.5384072329
0.5295429212
0.5203360577
0.510793772
0.500923408
0.4907325181
0.4802288579
0.46942038
0.4583152282
0.4469217316
0.435248398
0.4233039079
0.4110971082
0.3986370056
0.3859327596
0.3729936767
0.3598292028
0.3464489167
0.3328625234
0.3190798467
0.3051108222
0.2909654906
0.2766539899
0.2621865489
0.2475734791
0.2328251681
0.2179520719
0.2029647077
0.1878736462
0.1726895046
0.1574229388
0.1420846363
0.1266853085
0.1112356831
0.09574649727
0.08022848961
0.06469239303
0.04914892732
0.03360879177
0.01808265785
0.002581161912
-0.01288510205
-0.02830558961
-0.04366981305
-0.0589673485
-0.07418784291
-0.08932102107
-0.1043566925
-0.1192847581
-0.1340952174
-0.1487781745
-0.1633238453
-0.1777225635
-0.1919647873
-0.2060411055
-0.2199422436
-0.2336590703
-0.2471826029
-0.2605040134
-0.2736146344
-0.2865059641
-0.2991696725
-0.3115976061
-0.3237817937
-0.3357144507
-0.3473879848
-0.3587950002
-0.3699283024
-0.3807809029
-0.3913460231
-0.4016170988
-0.4115877841
-0.4212519552
-0.430603714
-0.4396373919
-0.4483475529
-0.4567289969
-0.4647767626
-0.4724861305
-0.4798526255
-0.4868720192
-0.4935403326
-0.4998538378
-0.5058090603
-0.5114027807
-0.516632036
-0.5214941216
-0.5259865919
-0.5301072619
-0.5338542075
-0.5372257669
-0.5402205403
-0.5428373909
-0.5450754447
-0.5469340905
-0.5484129797
-0.5495120259
-0.5502314044
-0.5505715513
-0.5505331624
-0.5501171927
-0.5493248544
-0.5481576158
-0.5466171995
-0.5447055809
-0.5424249859
-0.5397778886
-0.5367670095
-0.5333953127
-0.5296660032
-0.5255825242
-0.5211485542
-0.5163680037
-0.5112450122
-0.5057839445
-0.4999893872
-0.4938661452
-0.4874192377
-0.4806538941
-0.47357555
-0.4661898429
-0.458502608
-0.4505198733
-0.4422478554
-0.4336929544
-0.4248617493
-0.4157609927
-0.4063976061
-0.3967786744
-0.3869114408
-0.3768033014
-0.3664617996
-0.3558946205
-0.3451095856
-0.3341146466
-0.3229178799
-0.3115274807
-0.299951757
-0.2881991236
-0.2762780958
-0.2641972838
-0.2519653861
-0.2395911835
-0.2270835328
-0.2144513603
-0.2017036557
-0.188849466
-0.1758978884
-0.1628580645
-0.1497391738
-0.1365504271
-0.1233010602
-0.1100003274
-0.09665749517
-0.08328183573
-0.06988262053
-0.05646911396
-0.04305056697
-0.02963621072
-0.01623525026
-0.002856858294
0.01048983111
0.02379572868
0.0370517961
0.05024905211
0.06337857857
0.07643152639
0.08939912151
0.1022726707
0.1150435675
0.1277032975
0.1402434447
0.1526556963
0.1649318487
0.1770638126
0.1890436183
0.2008634211
0.2125155061
0.2239922933
0.2352863428
0.2463903589
0.2572971953
0.2679998595
0.2784915171
0.2887654963
0.298815292
0.3086345698
0.3182171699
0.3275571111
0.3366485943
0.3454860062
0.3540639222
0.3623771104
0.3704205342
0.3781893553
0.3856789368
0.3928848456
0.3998028551
0.4064289474
0.412759316
0.418790367
0.4245187222
0.4299412196
0.4350549163
0.4398570889
0.4443452354
0.4485170762
0.4523705552
0.4559038404
0.4591153248
0.4620036269
0.4645675911
0.4668062877
0.4687190131
0.47030529
0.4715648666
0.4724977165
0.4731040382
0.4733842543
0.4733390104
0.4729691746
0.4722758357
0.4712603025
0.4699241019
0.4682689775
0.4662968876
0.4640100036
0.4614107078
0.4585015913
0.4552854513
0.4517652895
0.4479443083
0.4438259093
0.4394136895
0.4347114389
0.429723137
0.4244529498
0.4189052266
0.4130844961
0.406995463
0.4006430045
0.3940321662
0.3871681585
0.3800563523
0.372702275
0.3651116063
0.3572901738
0.3492439487
0.3409790415
0.3325016969
0.3238182896
0.3149353196
0.305859407
0.2965972876
0.2871558074
0.2775419184
0.2677626725
0.2578252175
0.247736791
0.2375047157
0.227136394
0.2166393026
0.2060209874
0.1952890579
0.1844511817
0.1735150795
0.1624885192
0.1513793107
0.1401953002
0.1289443649
0.1176344075
0.1062733504
0.09486913059
0.08342969381
0.07196298931
0.06047696419
0.04897955804
0.03747869745
0.02598229058
0.01449822178
0.003034346237
-0.008401515402
-0.01980158228
-0.03115811859
-0.04246343881
-0.05370991283
-0.06488997109
-0.07599610958
-0.08702089491
-0.09795696917
-0.1087970548
-0.1195339596
-0.130160581
-0.1406699111
-0.1510550412
-0.1613091661
-0.1714255889
-0.1813977246
-0.1912191053
-0.2008833835
-0.2103843366
-0.2197158708
-0.2288720249
-0.2378469739
-0.246635033
-0.2552306609
-0.2636284632
-0.2718231959
-0.2798097685
-0.287583247
-0.2951388571
-0.3024719871
-0.3095781903
-0.3164531878
-0.3230928713
-0.3294933048
-0.3356507276
-0.341561556
-0.3472223852
-0.3526299915
-0.3577813339
-0.3626735557
-0.3673039857
-0.3716701402
-0.3757697236
-0.3796006296
-0.3831609424
-0.3864489374
-0.3894630817
-0.3922020349
-0.3946646491
-0.3968499699
-0.3987572358
-0.4003858786
-0.401735523
-0.4028059869
-0.4035972804
-0.4041096055
-0.4043433554
-0.4042991141
-0.4039776549
-0.4033799396
-0.4025071175
-0.4013605239
-0.3999416789
-0.3982522855
-0.3962942282
-0.3940695713
-0.3915805567
-0.3888296021
-0.3858192988
-0.3825524096
-0.379031866
-0.3752607662
-0.3712423725
-0.3669801082
-0.3624775551
-0.3577384507
-0.3527666849
-0.3475662974
-0.342141474
-0.3364965435
-0.3306359745
-0.3245643718
-0.3182864727
-0.311807144
-0.3051313774
-0.2982642864
-0.2912111024
-0.2839771704
-0.2765679454
-0.268988988
-0.2612459607
-0.2533446235
-0.2452908295
-0.2370905209
-0.2287497247
-0.220274548
-0.2116711738
-0.2029458568
-0.1941049182
-0.1851547419
-0.1761017694
-0.1669524956
-0.157713464
-0.148391262
-0.1389925164
-0.1295238887
-0.1199920702
-0.1104037778
-0.1007657487
-0.09108473626
-0.08136750494
-0.07162082578
-0.06185147167
-0.05206621272
-0.04227181156
-0.03247501875
-0.02268256815
-0.01290117233
-0.003137517991
0.006601738515
0.01630997573
0.02598061154
0.03560710759
0.04518297366
0.05470177201
0.06415712168
0.07354270269
0.08285226026
0.0920796089
0.1012186365
0.1102633084
0.1192076711
0.1280458565
0.1367720854
0.1453806713
0.1538660241
0.1622226538
0.1704451739
0.1785283045
0.1864668762
0.1942558332
0.2018902361
0.2093652655
0.2166762246
0.2238185422
0.2307877756
0.2375796133
0.2441898774
0.2506145264
0.2568496575
0.2628915086
0.268736461
0.2743810412
0.2798219231
0.2850559294
0.2900800341
0.2948913635
0.2994871982
0.3038649744
0.3080222851
0.3119568816
0.3156666742
0.3191497339
0.3224042925
0.3254287438
0.3282216443
0.3307817134
0.3331078342
0.3351990538
0.3370545832
0.3386737975
0.3400562362
0.3412016026
0.3421097639
0.3427807506
0.3432147562
0.3434121365
0.3433734089
0.34315134
0.3433129673
0.3432984606
0.3430782881
0.3426520035
0.342022312
0.3411818577
0.3401653492
0.3388998949
0.3374068979
0.3356277261
0.3335126997
0.3312136834
0.3287605802
0.3260545356
0.323088358
0.3198999847
0.3164926902
0.3128596178
0.3090026269
0.3049254251
0.3006303708
0.2961197671
0.2913962729
0.2864627198
0.2813220692
0.2759774298
0.2704320598
0.2646893626
0.258752885
0.2526263152
0.2463134801
0.2398183436
0.2331450038
0.2262976903
0.219280762
0.212098704
0.2047561251
0.1972577544
0.1896084389
0.1818131399
0.1738769301
0.1658049902
0.1576026055
0.1492751627
0.1408281462
0.1322671343
0.1235977963
0.1148258877
0.1059572472
0.09699779271
0.08795351698
0.07883048409
0.06963482518
0.06037273436
0.05105046455
0.04167432329
0.03225066844
0.02278590392
0.01328647531
0.00375886551
-0.005790409721
-0.0153548062
-0.0249277558
-0.03450267099
-0.04407294935
-0.05363197811
-0.06317313879
-0.0726898117
-0.0821753806
-0.0916232373
-0.1010267863
-0.1103794492
-0.1196746697
-0.1289059178
-0.1380666947
-0.1471505371
-0.1561510222
-0.1650617718
-0.173876457
-0.1825888027
-0.1911925922
-0.1996816716
-0.2080499539
-0.216291424
-0.2244001422
-0.2323702494
-0.2401959706
-0.2478716196
-0.2553916028
-0.2627504235
-0.2699426856
-0.2769630982
-0.2838064787
-0.2904677574
-0.2969419806
-0.3032243146
-0.3093100495
-0.3151946023
-0.3208735206
-0.3263424859
-0.331597317
-0.336633973
-0.3414485564
-0.3460373164
-0.3503966514
-0.3545231119
-0.3584134036
-0.3620643895
-0.3654730926
-0.3686366982
-0.3715525564
-0.3742181842
-0.3766312672
-0.3787896621
-0.3806913981
-0.3823346789
-0.3837178839
-0.3848395703
-0.3856984737
-0.3862935099
-0.3866237758
-0.3866885504
-0.3864872954
-0.3860196564
-0.3852854633
-0.3842847304
-0.3830176574
-0.3814846291
-0.3796862156
-0.3776231724
-0.3752964402
-0.3727071443
-0.3698565946
-0.3667462848
-0.3633778914
-0.3597532737
-0.3558744718
-0.3517437063
-0.347363377
-0.342736061
-0.3378645118
-0.3327516575
-0.3274005992
-0.3218146087
-0.3159971273
-0.3099517629
-0.3036822884
-0.297192639
-0.2904869099
-0.2835693538
-0.276444378
-0.2691165417
-0.2615905533
-0.2538712669
-0.2459636798
-0.2378729287
-0.2296042865
-0.2211631594
-0.2125550824
-0.2037857164
-0.1948608443
-0.1857863671
-0.1765683
-0.1672127684
-0.1577260038
-0.1481143396
-0.1383842072
-0.1285421311
-0.118594725
-0.108548687
-0.09841079522
-0.08818790331
-0.0778869356
-0.06751488245
-0.05707879552
-0.04658578292
-0.03604300434
-0.02545766614
-0.01483701641
-0.004188339967
0.006481046672
0.01716380034
0.02785255632
0.03853993342
0.04921853913
0.05988097476
0.07051984058
0.08112774102
0.0916972898
0.1022211152
0.1126918649
0.1231022119
0.1334448586
0.143712543
0.1538980432
0.1639941825
0.1739938349
0.1838899298
0.1936754573
0.2033434726
0.212887102
0.2222995468
0.2315740887
0.2407040944
0.2496830207
0.2585044188
0.2671619391
0.275649336
0.2839604722
0.292089323
0.3000299813
0.3077766611
0.3153237025
0.3226655751
0.3297968829
0.3367123675
0.3434069124
0.3498755468
0.3561134491
0.3621159508
0.3678785394
0.3733968627
0.3786667312
0.3836841218
0.3884451807
0.3929462264
0.3971837525
0.4011544302
0.4048551115
0.4082828309
0.4114348083
0.414308451
0.4169013558
0.419211311
0.4212362983
0.4229744943
0.4244242722
0.4255842031
0.4264530577
0.4270298068
0.4273136229
0.4273038805
0.4270001574
0.4264022351
0.425510099
0.424323939
0.4228441495
0.4210713295
0.4190062824
0.4166500159
0.4140037413
0.4110688733
0.4078470289
0.4043400269
0.4005498867
0.3964788275
0.3921292664
0.3875038176
0.3826052906
0.3774366884
0.3720012062
0.3663022285
0.3603433279
0.3541282623
0.3476609731
0.3409455818
0.3339863882
0.3267878675
0.319354667
0.3116916033
0.3038036595
0.2956959814
0.2873738745
0.2788428004
0.2701083732
0.2611763557
0.2520526558
0.2427433222
0.2332545409
0.2235926304
0.213764038
0.2037753353
0.1936332138
0.1833444801
0.1729160519
0.1623549527
0.1516683073
0.1408633372
0.1299473551
0.1189277605
0.1078120343
0.09660773383
0.08532248761
0.07396399012
0.06253999655
0.05105831743
0.03952681328
0.02795338915
0.01634598921
0.004712591209
-0.006938799026
-0.01860015314
-0.03026342584
-0.04192056045
-0.05356349458
-0.06518416568
-0.0767745167
-0.08832650171
-0.09983209152
-0.1112832793
-0.1226720863
-0.1339905671
-0.1452308158
-0.1563849709
-0.1674452213
-0.1784038117
-0.189253048
-0.1999853028
-0.2105930208
-0.2210687241
-0.2314050175
-0.2415945939
-0.2516302394
-0.2615048384
-0.2712113786
-0.2807429564
-0.2900927813
-0.2992541812
-0.308220607
-0.3169856371
-0.3255429826
-0.3338864913
-0.3420101524
-0.3499081007
-0.3575746209
-0.365004152
-0.3721912909
-0.3791307969
-0.3858175948
-0.3922467794
-0.3984136187
-0.4043135571
-0.4099422197
-0.4152954144
-0.4203691359
-0.4251595683
-0.429663088
-0.4338762667
-0.4377958735
-0.4414188777
-0.4447424513
-0.4477639706
-0.450481019
-0.4528913883
-0.4549930806
-0.4567843102
-0.4582635048
-0.4594293067
-0.4602805744
-0.4608163833
-0.4610360266
-0.460939016
-0.4605250826
-0.4597941767
-0.4587464687
-0.4573823488
-0.4557024269
-0.4537075329
-0.4513987157
-0.4487772433
-0.4458446017
-0.442602494
-0.4390528401
-0.4351977749
-0.4310396473
-0.4265810186
-0.4218246614
-0.4167735572
-0.4114308952
-0.4058000696
-0.3998846782
-0.3936885195
-0.3872155903
-0.3804700834
-0.3734563848
-0.3661790706
-0.3586429043
-0.3508528333
-0.3428139861
-0.3345316684
-0.3260113599
-0.3172587107
-0.3082795372
-0.2990798186
-0.2896656924
-0.2800434508
-0.2702195362
-0.2602005367
-0.2499931821
-0.2396043389
-0.2290410058
-0.218310309
-0.2074194974
-0.1963759375
-0.1851871085
-0.1738605971
-0.1624040924
-0.1508253807
-0.1391323401
-0.1273329348
-0.1154352103
-0.1034472873
-0.09137735615
-0.07923367166
-0.06702454695
-0.0547583479
-0.04244348736
-0.03008841932
-0.01770163309
-0.005291647403
0.007132995502
0.01956373577
0.0319920019
0.04440921669
0.05680680317
0.06917619064
0.08150882056
0.09379615257
0.1060296704
0.1182008879
0.1303013549
0.1423226631
0.1542564519
0.1660944145
0.1778283035
0.1894499367
0.200951203
0.2123240678
0.2235605791
0.2346528726
0.2455931775
0.2563738223
0.2669872393
0.277425971
0.2876826747
0.2977501278
0.3076212332
0.317289024
0.3267466686
0.3359874757
0.3450048986
0.3537925403
0.3623441581
0.3706536677
0.3787151477
0.3865228441
0.3940711738
0.4013547295
0.4083682827
0.4151067882
0.4215653872
0.427739411
0.4336243846
0.4392160297
0.4445102679
0.4495032235
0.4541912268
0.4585708164
0.4626387416
0.4663919656
0.4698276668
0.4729432416
0.4757363061
0.4782046977
0.4803464773
0.4821599304
0.4836435684
0.4847961302
0.4856165828
0.4861041224
0.486258175
0.4860783972
0.4855646762
0.4847171304
0.4835361093
0.4820221934
0.4801761941
0.477999153
0.4754923418
0.472657261
0.4694956394
0.4660094331
0.4622008239
0.4580722183
0.4536262459
0.4488657574
0.4437938234
0.4384137317
0.4327289857
0.4267433019
0.4204606072
0.4138850369
0.4070209314
0.3998728336
0.3924454857
0.3847438262
0.3767729867
0.368538288
0.3600452369
0.3512995225
0.3423070121
0.3330737475
0.3236059407
0.31390997
0.3039923751
0.2938598534
0.2835192548
0.2729775773
0.2622419625
0.25131969
0.2402181734
0.2289449542
0.2175076975
0.2059141863
0.1941723162
0.1822900901
0.1702756126
0.1581370847
0.1458827976
0.1335211276
0.12106053
0.1085095334
0.09587673366
0.0831707882
0.07040040988
0.057574361
0.04470144728
0.03179051173
0.0188504286
0.005890097162
-0.007081564397
-0.02005562518
-0.03302314775
-0.04597519437
-0.05890283313
-0.07179714424
-0.08464922613
-0.09745020172
-0.1101912245
-0.1228634849
-0.1354582159
-0.1479667
-0.1603802743
-0.1726903373
-0.1848883545
-0.1969658646
-0.2089144852
-0.2207259186
-0.2323919579
-0.2439044926
-0.2552555141
-0.2664371215
-0.2774415271
-0.2882610618
-0.2988881804
-0.3093154672
-0.3195356409
-0.3295415598
-0.3393262268
-0.3488827945
-0.3582045697
-0.3672850183
-0.3761177701
-0.3846966227
-0.3930155467
-0.4010686891
-0.4088503781
-0.4163551269
-0.4235776372
-0.4305128038
-0.4371557174
-0.4435016685
-0.4495461508
-0.455284864
-0.4607137175
-0.4658288327
-0.4706265463
-0.4751034125
-0.4792562057
-0.483081923
-0.486577786
-0.489741243
-0.4925699708
-0.4950618767
-0.4972150996
-0.4990280116
-0.5004992194
-0.501627565
-0.5024121268
-0.5028522203
-0.5029473987
-0.5026974533
-0.5021024137
-0.5011625479
-0.4998783621
-0.4982506007
-0.4962802455
-0.4939685156
-0.491316866
-0.4883269874
-0.4850008045
-0.4813404753
-0.477348389
-0.4730271653
-0.4683796518
-0.4634089228
-0.4581182768
-0.4525112346
-0.4465915366
-0.4403631407
-0.4338302194
-0.4269971569
-0.4198685463
-0.4124491865
-0.4047440787
-0.3967584234
-0.3884976165
-0.379967246
-0.3711730877
-0.3621211017
-0.3528174282
-0.3432683831
-0.3334804541
-0.3234602959
-0.3132147258
-0.3027507189
-0.2920754035
-0.2811960563
-0.2701200969
-0.2588550834
-0.2474087065
-0.2357887849
-0.2240032595
-0.2120601879
-0.1999677391
-0.1877341877
-0.1753679085
-0.1628773703
-0.1502711302
-0.137557828
-0.1247461798
-0.1118449723
-0.09886305664
-0.08580934229
-0.07269279088
-0.05952241001
-0.04630724706
-0.03305638293
-0.01977892575
-0.006484004573
0.006819236904
0.02012164669
0.03341407084
0.04668735976
0.05993237456
0.0731399934
0.08630111777
0.09940667882
0.1124476436
0.1254150215
0.1382998701
0.1510933018
0.1637864897
0.1763706739
0.1888371675
0.2011773624
0.2133827358
0.2254448557
0.2373553868
0.2491060964
0.2606888602
0.2720956677
0.283318628
0.294349975
0.3051820732
0.3158074226
0.3262186644
0.3364085856
0.3463701243
0.3560963746
0.3655805914
0.3748161951
0.3837967761
0.3925160995
0.400968109
0.4091469318
0.4170468821
0.4246624652
0.4319883816
0.4390195305
0.4457510133
0.4521781372
0.4582964184
0.4641015853
0.4695895812
0.4747565677
0.4795989269
0.4841132642
0.4882964105
0.4921454246
0.4956575952
0.498830443
0.501661722
0.5041494216
0.5062917675
0.5080872237
0.5095344929
0.5106325177
0.5113804815
0.5117778088
0.5118241659
0.5115194613
0.5108638452
0.50985771
0.5085016899
0.5067966605
0.504743738
0.502344279
0.499599879
0.4965123716
0.4930838273
0.4893165523
0.4852130862
0.4807762012
0.4760088996
0.470914412
0.4654961949
0.4597579287
0.4537035147
0.447337073
0.440662939
0.433685661
0.4264099969
0.4188409108
0.4109835699
0.4028433404
0.3944257844
0.385736656
0.3767818968
0.3675676325
0.3581001682
0.3483859844
0.3384317322
0.3282442291
0.3178304539
0.3071975424
0.2963527818
0.2853036063
0.2740575918
0.2626224503
0.2510060252
0.2392162855
0.2272613203
0.2151493334
0.2028886376
0.1904876487
0.1779548802
0.1652989369
0.1525285093
0.1396523674
0.1266793549
0.1136183829
0.1004784235
0.08726850438
0.07399770168
0.0606751343
0.04730995739
0.03391135608
0.02048853913
0.007050732546
-0.006392826761
-0.01983289737
-0.03326023973
-0.04666562255
-0.06003982916
-0.07337366389
-0.08665795844
-0.09988357816
-0.1130414284
-0.1261224609
-0.1391176797
-0.1520181477
-0.1648149929
-0.1774994141
-0.1900626872
-0.2024961716
-0.2147913154
-0.2269396619
-0.2389328555
-0.250762647
-0.2624208995
-0.2738995943
-0.2851908359
-0.2962868582
-0.307180029
-0.3178628558
-0.3283279912
-0.3385682372
-0.3485765509
-0.358346049
-0.3678700126
-0.3771418919
-0.3861553107
-0.394904071
-0.4033821567
-0.4115837383
-0.419503177
-0.427135028
-0.4344740448
-0.4415151826
-0.4482536016
-0.454684671
-0.4608039712
-0.4666072979
-0.472090664
-0.4772503033
-0.4820826722
-0.4865844529
-0.4907525552
-0.4945841188
-0.4980765153
-0.5012273498
-0.5040344629
-0.506495932
-0.5086100723
-0.5103754387
-0.5117908259
-0.5128552701
-0.5135680489
-0.5139286822
-0.5139369326
-0.5135928052
-0.5128965479
-0.511848651
-0.5104498469
-0.5087011098
-0.5066036547
-0.5041589368
-0.5013686502
-0.498234727
-0.494759336
-0.4909448807
-0.4867939982
-0.482309557
-0.4774946553
-0.4723526185
-0.466886997
-0.4611015641
-0.4550003129
-0.4485874536
-0.441867411
-0.4348448208
-0.4275245269
-0.4199115778
-0.4120112232
-0.4038289102
-0.3953702797
-0.3866411624
-0.377647575
-0.3683957154
-0.3588919593
-0.349142855
-0.3391551193
-0.3289356327
-0.3184914347
-0.307829719
-0.2969578282
-0.2858832491
-0.2746136074
-0.2631566622
-0.2515203011
-0.2397125342
-0.2277414891
-0.2156154048
-0.2033426263
-0.1909315987
-0.1783908616
-0.1657290427
-0.1529548524
-0.1400770775
-0.1271045752
-0.1140462667
-0.1009111316
-0.08770820117
-0.0744465525
-0.06113530196
-0.04778359902
-0.03440061996
-0.02099556149
-0.007577634427
0.005843942672
0.01925994985
0.03266117214
0.04603840588
0.05938246509
0.07268418779
0.08593444232
0.09912413363
0.1122442096
0.125285667
0.1382395583
0.1510969972
0.163849165
0.1764873166
0.1890027869
0.2013869962
0.2136314563
0.2257277766
0.2376676695
0.2494429564
0.261045573
0.2724675753
0.2837011446
0.294738593
0.3055723689
0.3161950619
0.3265994081
0.336778295
0.3467247663
0.3564320267
0.3658934468
0.3751025672
0.3840531033
0.3927389495
0.4011541833
0.4092930694
0.4171500635
0.4247198165
0.4319971775
0.438977198
0.4456551348
0.4520264534
0.458086831
0.4638321596
0.4692585487
0.474362328
0.4791400497
0.4835884909
0.4877046557
0.4914857784
0.4949293241
0.4980329894
0.5007947052
0.5032126381
0.505285192
0.50701101
0.5083889739
0.5094182042
0.5100980601
0.5104281621
0.5104086042
0.5100397221
0.5093218714
0.5082556298
0.5068418075
0.5050814526
0.5029758531
0.5005265279
0.4977352165
0.4946038776
0.4911346797
0.4873300306
0.4831925975
0.4787252786
0.4739311907
0.4688136705
0.4633762763
0.457622781
0.4515571627
0.4451836136
0.4385065373
0.4315305455
0.4242604659
0.4167013213
0.4088583146
0.4007368452
0.392342513
0.383681101
0.3747585678
0.3655810504
0.3561548605
0.3464864782
0.3365825473
0.3264498712
0.3160954085
0.3055262681
0.294749704
0.2837731108
0.2726040184
0.261250087
0.2497191016
0.2380189669
0.2261577019
0.2141434343
0.201984395
0.1896889127
0.1772654077
0.1647223867
0.1520684366
0.139312219
0.1264624638
0.1135279638
0.1005175682
0.08744017715
0.07430473495
0.06112022454
0.04789566112
0.03464008608
0.02136256078
0.008072160439
-0.005222032098
-0.01851093252
-0.03178546126
-0.04503654964
-0.05825514611
-0.07143222234
-0.08455877945
-0.09762585404
-0.1106245244
-0.1235459164
-0.1363812099
-0.1491216444
-0.1617585248
-0.1742832282
-0.1866872088
-0.1989620042
-0.2110992411
-0.2230906409
-0.2349280255
-0.2466033228
-0.2581085719
-0.2694359289
-0.2805776722
-0.2915262075
-0.3022740732
-0.3128139452
-0.3231386422
-0.3332411305
-0.3431145286
-0.352752112
-0.3621473177
-0.3712937489
-0.3801851789
-0.3888155559
-0.3971790065
-0.4052698402
-0.413082553
-0.420611831
-0.4278525545
-0.4347998008
-0.4414488484
-0.4477951791
-0.4538344822
-0.4595626565
-0.4649758138
-0.4700702809
-0.4748426027
-0.4792895439
-0.4834080918
-0.4871954579
-0.49064908
-0.4937666239
-0.4965459849
-0.4989852892
-0.5010828955
-0.5028373956
-0.5042476156
-0.5053126168
-0.5060316961
-0.5064043864
-0.5064304575
-0.5061099153
-0.5054430028
-0.5044301989
-0.5030722189
-0.5013700137
-0.4993247689
-0.4969379043
-0.4942110728
-0.4911461594
-0.4877452795
-0.484010778
-0.4799452273
-0.4755514255
-0.470832395
-0.4657913797
-0.4604318433
-0.4547574668
-0.4487721459
-0.4424799884
-0.4358853113
-0.4289926381
-0.4218066955
-0.41433241
-0.4065749049
-0.3985394967
-0.3902316913
-0.3816571804
-0.3728218375
-0.363731714
-0.3543930349
-0.344812195
-0.3349957537
-0.3249504315
-0.3146831047
-0.304200801
-0.2935106945
-0.2826201012
-0.2715364736
-0.2602673958
-0.2488205784
-0.237203853
-0.225425167
-0.2134925783
-0.2014142496
-0.1891984429
-0.1768535139
-0.1643879062
-0.1518101458
-0.1391288348
-0.126352646
-0.1134903169
-0.1005506435
-0.08754247447
-0.07447470516
-0.06135627142
-0.04819614356
-0.03500332023
-0.02178682226
-0.00855568653
0.004681040193
0.01791430745
0.03113506725
0.04433428024
0.05750292187
0.07063198855
0.08371250381
0.09673552439
0.1096921464
0.1225735112
0.1353708119
0.1480752988
0.1606782856
0.1731711556
0.1855453672
0.1977924598
0.2099040596
0.2218718856
0.2336877547
0.2453435877
0.2568314148
0.2681433807
0.2792717505
0.2902089143
0.3009473931
0.3114798433
0.3217990623
0.3318979928
0.3417697282
0.3514075167
0.3608047665
0.36995505
0.3788521082
0.387489855
0.3958623815
0.4039639597
0.4117890467
0.4193322885
0.4265885235
0.433552786
0.4402203097
0.4465865312
0.4526470926
0.4583978447
0.4638348501
0.4689543855
0.4737529445
0.4782272399
0.482374206
0.4861910007
0.4896750072
0.4928238363
0.4956353277
0.4981075513
0.5002388089
0.5020276354
0.5034727994
0.5045733044
0.5053283893
0.505737529
0.5058004349
0.5055170547
0.5048875732
0.5039124111
0.5025922258
0.5009279103
0.4989205927
0.4965716358
0.4938826357
0.490855421
0.4874920513
0.4837948164
0.479766234
0.4754090484
0.4707262288
0.4657209666
0.4603966742
0.4547569819
0.4488057356
0.4425469946
0.4359850282
0.4291243134
0.4219695314
0.4145255647
0.4067974935
0.3987905927
0.3905103276
0.381962351
0.3731524988
0.3640867861
0.3547714033
0.3452127116
0.335417239
0.3253916756
0.315142869
0.3046778201
0.2940036775
0.2831277334
0.2720574185
0.2608002963
0.2493640587
0.2377565206
0.225985614
0.2140593836
0.2019859802
0.189773656
0.1774307586
0.1649657253
0.1523870773
0.1397034142
0.1269234078
0.1140557963
0.1011093783
0.08809300687
0.0750155835
0.06188605191
0.04871339204
0.0355066139
0.02227475142
0.009026856272
-0.004228008323
-0.01748077376
-0.03072237227
-0.04394374308
-0.05713583866
-0.07028963085
-0.08339611705
-0.09644632639
-0.1094313258
-0.1223422263
-0.1351701887
-0.1479064301
-0.1605422296
-0.1730689343
-0.1854779654
-0.1977608236
-0.2099090957
-0.2219144595
-0.2337686902
-0.2454636654
-0.2569913712
-0.2683439075
-0.2795134931
-0.2904924717
-0.3012733164
-0.3118486352
-0.3222111764
-0.3323538328
-0.3422696474
-0.3519518173
-0.3613936993
-0.3705888137
-0.379530849
-0.3882136665
-0.396631304
-0.4047779803
-0.4126480989
-0.4202362522
-0.4275372247
-0.434545997
-0.4412577491
-0.4476678638
-0.4537719296
-0.459565744
-0.4650453165
-0.470206871
-0.4750468486
-0.47956191
-0.4837489379
-0.487605039
-0.4911275463
-0.4943140203
-0.4971622516
-0.4996702617
-0.5018363045
-0.503658868
-0.5051366747
-0.5062686829
-0.5070540873
-0.5074923197
-0.5075830492
-0.5073261827
-0.5067218647
-0.5057704775
-0.5044726409
-0.5028292115
-0.5008412826
-0.4985101833
-0.4958374774
-0.4928249626
-0.4894746694
-0.4857888593
-0.4817700237
-0.477420882
-0.47274438
-0.4677436875
-0.4624221965
-0.4567835188
-0.4508314836
-0.4445701348
-0.4380037284
-0.4311367294
-0.4239738091
-0.4165198415
-0.4087799004
-0.4007592557
-0.3924633698
-0.3838978942
-0.3750686653
-0.3659817005
-0.3566431943
-0.3470595139
-0.3372371949
-0.3271829368
-0.3169035986
-0.3064061941
-0.295697887
-0.2847859858
-0.2736779395
-0.2623813319
-0.2509038767
-0.2392534121
-0.2274378955
-0.2154653983
-0.2033441
-0.1910822829
-0.1786883264
-0.1661707011
-0.1535379633
-0.140798749
-0.1279617678
-0.1150357975
-0.1020296776
-0.08895230341
-0.07581262005
-0.06261961626
-0.0493823183
-0.03610978374
-0.0228110953
-0.009495354608
0.003828323979
0.01715081965
0.03046301136
0.04375578408
0.05702003501
0.07024667983
0.08342665892
0.09655094353
0.109610542
0.1225965059
0.1354999362
0.1483119891
0.1610238827
0.1736269022
0.1861124066
0.1984718342
0.2106967085
0.2227786443
0.234709353
0.2464806488
0.2580844538
0.2695128038
0.2807578538
0.2918118834
0.302667302
0.3133166539
0.3237526236
0.3339680409
0.3439558855
0.3537092923
0.3632215555
0.3724861338
0.3814966545
0.3902469183
0.3987309028
0.4069427677
0.4148768578
0.4225277076
0.4298900447
0.4369587937
0.4437290794
0.4501962303
0.456355782
0.4622034799
0.4677352825
0.472947364
0.4778361171
0.4823981552
0.486630315
0.4905296587
0.494093476
0.4973192858
0.5002048382
0.5027481161
0.504947336
0.5068009503
0.5083076475
0.5094663533
0.5102762318
0.5107366857
0.5108473569
0.5106081265
0.5100191153
0.5090806838
0.5077934314
0.5061581966
0.5041760563
0.5018483248
0.4991765534
0.4961625292
0.4928082737
0.4891160416
0.4850883195
0.4807278237
0.476037499
0.4710205162
0.4656802703
0.4600203781
0.4540446755
0.4477572155
0.4411622647
0.434264301
0.4270680105
0.4195782838
0.4118002135
0.4037390899
0.3954003981
0.3867898138
0.3779131997
0.3687766014
0.3593862434
0.3497485245
0.3398700142
0.3297574472
0.3194177198
0.3088578845
0.2980851456
0.287106854
0.2759305025
0.2645637203
0.2530142681
0.2412900329
0.2293990221
0.2173493586
0.205149275
0.1928071079
0.1803312924
0.1677303561
0.1550129136
0.1421876603
0.1292633666
0.1162488719
0.1031530787
0.08998494599
0.07675348387
0.06346774681
0.05013682771
0.0367698516
0.02337596944
0.009964351814
-0.003455817308
-0.01687534688
-0.03028504508
-0.04367572557
-0.05703821384
-0.07036335344
-0.08364201228
-0.09686508891
-0.1100235187
-0.1231082801
-0.1361104008
-0.1490209639
-0.161831114
-0.1745320634
-0.1871150978
-0.1995715826
-0.2118929689
-0.2240707988
-0.2360967121
-0.247962451
-0.2596598667
-0.2711809243
-0.282517709
-0.2936624308
-0.3046074303
-0.315345184
-0.3258683093
-0.3361695694
-0.3462418789
-0.3560783079
-0.3656720874
-0.3750166135
-0.3841054524
-0.3929323443
-0.4014912081
-0.4097761457
-0.4177814454
-0.4255015867
-0.4329312436
-0.4400652881
-0.4468987943
-0.4534270414
-0.4596455172
-0.4655499209
-0.4711361664
-0.476400385
-0.4813389279
-0.4859483693
-0.4902255079
-0.4941673701
-0.4977712111
-0.5010345177
-0.5039550095
-0.5065306405
-0.5087596009
-0.5106403181
-0.5121714578
-0.5133519249
-0.5141808646
-0.5146576629
-0.5147819465
-0.5145535841
-0.5139726855
-0.5130396025
-0.5117549279
-0.5101194955
-0.5081343796
-0.5058008943
-0.5031205922
-0.5000952642
-0.4967269375
-0.4930178746
-0.4889705718
-0.4845877575
-0.4798723903
-0.4748276571
-0.4694569708
-0.4637639682
-0.4577525072
-0.4514266646
-0.4447907332
-0.4378492186
-0.4306068365
-0.4230685095
-0.4152393634
-0.4071247242
-0.3987301139
-0.3900612473
-0.3811240278
-0.3719245435
-0.3624690631
-0.3527640312
-0.3428160647
-0.3326319475
-0.3222186264
-0.311583206
-0.3007329442
-0.289675247
-0.2784176635
-0.2669678808
-0.2553337188
-0.2435231246
-0.2315441673
-0.2194050326
-0.2071140169
-0.1946795217
-0.182110048
-0.1694141906
-0.1566006317
-0.1436781355
-0.1306555421
-0.1175417612
-0.1043457661
-0.09107658777
-0.0777433085
-0.06435505566
-0.05092099549
-0.03745032684
-0.02395227486
-0.01043608466
0.00308898499
0.01661366803
0.03012869745
0.04362481163
0.05709276072
0.07052331295
0.08390726097
0.09723542817
0.110498675
0.1236879051
0.1367940717
0.1498081839
0.1627213125
0.1755245966
0.1882092492
0.2007665635
0.2131879189
0.2254647868
0.2375887366
0.2495514414
0.2613446836
0.2729603608
0.2843904911
0.295627219
0.3066628203
0.3174897077
0.3281004359
0.338487707
0.3486443751
0.3585634515
0.3682381094
0.3776616887
0.3868277005
0.3957298316
0.4043619487
0.4127181032
0.4207925343
0.428579674
0.4360741503
0.443270791
0.4501646277
0.4567508986
0.4630250522
0.4689827503
0.4746198712
0.4799325122
0.4849169926
0.4895698561
0.4938878734
0.497868044
0.501507599
0.5048040021
0.5077549524
0.5103583851
0.5126124735
0.51451563
0.5160665076
0.5172640003
0.5181072443
0.5185956184
0.5187287447
0.5185064887
0.5179289594
0.5169965094
0.5157097346
0.5140694738
0.5120768083
0.509733061
0.5070397955
0.5039988153
0.5006121625
0.4968821162
0.4928111915
0.488402137
0.4836579337
0.4785817927
0.4731771529
0.4674476788
0.4613972581
0.4550299988
0.4483502268
0.4413624825
0.4340715182
0.4264822944
0.4185999767
0.4104299323
0.4019777262
0.3932491175
0.3842500555
0.3749866756
0.365465295
0.3556924086
0.3456746844
0.3354189592
0.3249322336
0.3142216673
0.3032945746
0.2921584187
0.2808208073
0.269289487
0.2575723379
0.2456773688
0.2336127109
0.221386613
0.2090074354
0.1964836443
0.183823806
0.1710365813
0.1581307189
0.1451150501
0.1319984826
0.118789994
0.1054986263
0.09213347891
0.07870370328
0.065218496
0.05168709277
0.03811876198
0.02452279841
0.01090851686
-0.002714754298
-0.01633767943
-0.02995092212
-0.04354515149
-0.05711104869
-0.07063931322
-0.08412066933
-0.09754587241
-0.1109057153
-0.1241910346
-0.137392717
-0.1505017055
-0.1635090056
-0.1764056917
-0.1891829127
-0.2018318989
-0.214343967
-0.2267105271
-0.2389230877
-0.2509732624
-0.2628527747
-0.2745534646
-0.2860672936
-0.2973863505
-0.3085028567
-0.3194091718
-0.3300977985
-0.340561388
-0.350792745
-0.3607848326
-0.3705307771
-0.3800238731
-0.3892575876
-0.3982255648
-0.4069216304
-0.4153397958
-0.4234742624
-0.4313194255
-0.4388698781
-0.4461204147
-0.4530660347
-0.4597019464
-0.4660235697
-0.4720265394
-0.4777067086
-0.483060151
-0.4880831641
-0.4927722715
-0.4971242254
-0.5011360087
-0.5048048373
-0.508128162
-0.5111036702
-0.5137292875
-0.5160031791
-0.5179237514
-0.5194896527
-0.5206997743
-0.5215532515
-0.5220494639
-0.522188036
-0.5219688375
-0.5213919833
-0.5204578338
-0.5191669942
-0.5175203142
-0.5155188878
-0.5131640522
-0.5104573871
-0.5074007137
-0.503996093
-0.5002458252
-0.4961524474
-0.4917187324
-0.4869476865
-0.4818425475
-0.4764067829
-0.4706440869
-0.4645583784
-0.4581537981
-0.4514347057
-0.4444056771
-0.4370715008
-0.4294371754
-0.4215079056
-0.4132890987
-0.4047863613
-0.3960054949
-0.3869524925
-0.3776335341
-0.3680549827
-0.3582233798
-0.3481454413
-0.3378280522
-0.3272782626
-0.3165032825
-0.305510477
-0.2943073613
-0.2829015953
-0.2713009787
-0.2595134455
-0.2475470585
-0.2354100039
-0.2231105857
-0.2106572199
-0.1980584288
-0.1853228354
-0.1724591569
-0.1594761993
-0.1463828512
-0.1331880777
-0.119900914
-0.1065304596
-0.09308587196
-0.07957636006
-0.06601117823
-0.05239961978
-0.03875101059
-0.02507470277
-0.0113800682
0.002323507849
0.01602663321
0.02971991522
0.04339396717
0.05703941475
0.07064690249
0.08420710015
0.09771070918
0.111148469
0.1245111635
0.1377896273
0.1509747518
0.1640574919
0.177028872
0.189879992
0.2026020335
0.215186266
0.2276240528
0.2399068569
0.2520262469
0.2639739028
0.2757416217
0.2873213234
0.2987050561
0.3098850016
0.3208534809
0.3316029595
0.3421260523
0.3524155292
0.3624643193
0.3722655166
0.3818123841
0.3910983588
0.4001170562
0.4088622742
0.4173279984
0.425508405
0.4333978658
0.4409909516
0.4482824359
0.4552672988
0.4619407303
0.4682981335
0.4743351279
0.4800475526
0.4854314685
0.4904831621
0.4951991469
0.4995761668
0.5036111976
0.5073014496
0.5106443692
0.5136376409
0.5162791888
0.518567178
0.520500016
0.5220763536
0.5232950861
0.524155354
0.5246565435
0.5247982869
0.5245804635
0.524003199
0.5230668658
0.5217720823
0.520119713
0.5181108675
0.5157469001
0.5130294086
0.5099602333
0.5065414559
0.5027753976
0.4986646183
0.4942119142
0.4894203161
0.4842930874
0.4788337221
0.4730459417
0.4669336935
0.4605011473
0.4537526928
0.4466929367
0.4393266992
0.431659011
0.42369511
0.4154404372
0.4069006335
0.3980815356
0.3889891718
0.3796297583
0.3700096949
0.3601355601
0.3500141073
0.3396522597
0.3290571057
0.3182358941
0.3071960289
0.2959450648
0.2844907013
0.2728407778
0.2610032685
0.2489862762
0.2367980276
0.2244468668
0.2119412506
0.1992897415
0.186501003
0.1735837928
0.1605469573
0.1473994254
0.134150202
0.1208083627
0.1073830466
0.09388345078
0.08031882353
0.06669845826
0.05303168705
0.03932787421
0.02559640995
0.01184670386
-0.001911821493
-0.01566973706
-0.02941761374
-0.04314602888
-0.05684557272
-0.07050685485
-0.08412051064
-0.09767720769
-0.1111676522
-0.1245825954
-0.1379128398
-0.1511492455
-0.1642827367
-0.1773043077
-0.1902050289
-0.2029760533
-0.2156086225
-0.2280940725
-0.2404238399
-0.2525894675
-0.2645826102
-0.2763950411
-0.2880186565
-0.2994454819
-0.3106676775
-0.3216775431
-0.3324675241
-0.3430302161
-0.3533583702
-0.363444898
-0.3732828766
-0.382865553
-0.3921863489
-0.4012388654
-0.4100168872
-0.4185143868
-0.4267255289
-0.4346446742
-0.4422663833
-0.4495854205
-0.4565967574
-0.4632955762
-0.4696772734
-0.4757374623
-0.4814719769
-0.4868768738
-0.4919484357
-0.4966831735
-0.501077829
-0.5051293768
-0.5088350267
-0.5121922255
-0.5151986587
-0.5178522522
-0.5201511735
-0.5220938333
-0.5236788866
-0.5249052332
-0.5257720187
-0.5262786354
-0.5264247223
-0.5262101655
-0.5256350982
-0.524699901
-0.5234052011
-0.5217518722
-0.5197410339
-0.5173740509
-0.5146525318
-0.5115783287
-0.5081535352
-0.5043804854
-0.5002617519
-0.4958001449
-0.4909987091
-0.4858607225
-0.480389694
-0.4745893607
-0.4684636856
-0.4620168548
-0.4552532747
-0.4481775688
-0.440794575
-0.4331093416
-0.4251271245
-0.4168533832
-0.4082937771
-0.3994541619
-0.3903405853
-0.3809592829
-0.3713166742
-0.3614193577
-0.3512741069
-0.3408878654
-0.3302677422
-0.3194210066
-0.3083550839
-0.2970775493
-0.2855961236
-0.2739186676
-0.2620531766
-0.2500077749
-0.2377907106
-0.2254103494
-0.2128751694
-0.200193755
-0.1873747911
-0.1744270569
-0.1613594205
-0.1481808321
-0.1349003184
-0.1215269761
-0.1080699658
-0.09453850574
-0.08094186547
-0.0672893594
-0.05359034054
-0.03985419403
-0.02609033071
-0.01230818068
0.001482813146
0.01527320156
0.02905353549
0.04281437249
0.05654628324
0.07023985796
0.0838857129
0.09747449676
0.1109968971
0.1244436467
0.13780553
0.1510733892
0.164238131
0.1772907322
0.1902222463
0.2030238097
0.2156866474
0.2282020794
0.2405615265
0.2527565161
0.2647786881
0.2766198005
0.2882717355
0.2997265043
0.3109762534
0.3220132693
0.3328299844
0.3434189816
0.3537729997
0.3638849385
0.3737478633
0.3833550102
0.3926997901
0.4017757936
0.4105767955
0.4190967586
0.4273298384
0.4352703868
0.4429129558
0.4502523019
0.4572833888
0.4640013916
0.4704016997
0.4764799202
0.4822318807
0.4876536324
0.4927414526
0.4974918472
0.5019015535
0.505967542
0.5096870188
0.5130574272
0.5160764498
0.5187420098
0.5210522726
0.5230056471
0.5246007867
0.5258365901
0.5267122024
0.5272270152
0.5273806676
0.5271730462
0.5266042848
0.525674765
0.5243851155
0.5227362117
0.5207291752
0.5183653732
0.5156464172
0.5125741621
0.5091507051
0.5053783837
0.501259775
0.4967976931
0.4919951875
0.4868555412
0.4813822681
0.4755791108
0.4694500383
0.4629992425
0.4562311362
0.4491503496
0.4417617272
0.4340703245
0.4260814047
0.4178004348
0.4092330821
0.4003852102
0.3912628751
0.3818723209
0.3722199756
0.3623124467
0.3521565167
0.3417591384
0.3311274302
0.3202686712
0.3091902962
0.2978998905
0.2864051849
0.2747140505
0.2628344929
0.250774647
0.2385427714
0.2261472428
0.2135965501
0.2008992886
0.1880641543
0.1750999378
0.1620155183
0.1488198575
0.1355219934
0.1221310345
0.1086561528
0.09510657832
0.08149159223
0.06782052078
0.05410272876
0.04034761315
0.02656459669
0.01276312138
-0.001047357967
-0.01485738019
-0.02865748428
-0.04243821587
-0.05619013368
-0.06990381603
-0.08356986725
-0.09717892415
-0.1107216624
-0.1241888031
-0.1375711187
-0.1508594399
-0.1640446615
-0.1771177487
-0.1900697435
-0.2028917708
-0.2155750441
-0.2281108721
-0.2404906643
-0.2527059368
-0.2647483184
-0.2766095564
-0.2882815216
-0.2997562149
-0.3110257717
-0.3220824682
-0.3329187261
-0.3435271181
-0.3539003728
-0.3640313798
-0.3739131947
-0.3835390435
-0.3929023275
-0.4019966279
-0.41081571
-0.4193535276
-0.4276042269
-0.4355621509
-0.4432218432
-0.4505780514
-0.457625731
-0.4643600488
-0.4707763862
-0.4768703425
-0.4826377375
-0.4880746151
-0.4931772451
-0.4979421265
-0.5023659897
-0.5064457984
-0.5101787522
-0.5135622883
-0.5165940829
-0.5192720536
-0.5215943601
-0.5235594057
-0.5251658386
-0.5264125525
-0.5272986877
-0.5278236312
-0.5279870179
-0.52778873
-0.5272288975
-0.5263078984
-0.5250263577
-0.5233851478
-0.5213853872
-0.5190284403
-0.5163159161
-0.5132496672
-0.5098317886
-0.5060646162
-0.5019507252
-0.4974929285
-0.4926942744
-0.4875580449
-0.4820877534
-0.4762871421
-0.4701601794
-0.4637110577
-0.4569441898
-0.4498642064
-0.4424759527
-0.4347844854
-0.4267950686
-0.4185131709
-0.4099444611
-0.4010948049
-0.3919702603
-0.3825770736
-0.3729216755
-0.3630106763
-0.3528508615
-0.342449187
-0.3318127749
-0.3209489077
-0.3098650241
-0.2985687136
-0.2870677114
-0.275369893
-0.2634832686
-0.2514159781
-0.2391762854
-0.2267725723
-0.2142133332
-0.2015071694
-0.1886627825
-0.1756889694
-0.1625946154
-0.1493886888
-0.1360802342
-0.1226783668
-0.1091922657
-0.09563116807
-0.08200436237
-0.0683211823
-0.0545910003
-0.04082322115
-0.02702727549
-0.01321261341
0.0006113020593
0.01443500141
0.02824901514
0.04204388027
0.05581014681
0.06953838419
0.08321918781
0.09684318539
0.1104010435
0.1238834737
0.1372812394
0.1505851617
0.1637861257
0.1768750872
0.1898430785
0.2026812146
0.2153806992
0.2279328312
0.2403290099
0.2525607418
0.2646196455
0.276497458
0.2881860404
0.2996773831
0.3109636117
0.322036992
0.3328899356
0.343515005
0.3539049187
0.3640525562
0.3739509628
0.3835933545
0.3929731225
0.4020838378
0.4109192558
0.4194733202
0.4277401675
0.4357141306
0.4433897434
0.4507617436
0.4578250772
0.4645749013
0.4710065878
0.4771157266
0.4828981282
0.4883498271
0.4934670842
0.4982463894
0.5026844641
0.5067782633
0.5105249781
0.5139220368
0.5169671077
0.5196580999
0.521993165
0.5239706985
0.5255893408
0.526847978
0.5277457429
0.5282820155
0.5284564232
0.5282688415
0.5277193939
0.5268084515
0.5255366333
0.5239048054
0.5219140806
0.5195658174
0.5168616193
0.5138033337
0.5103930505
0.5066331008
0.5025260553
0.4980747223
0.4932821461
0.4881516049
0.4826866083
0.4768908951
0.4707684306
0.4643234042
0.457560226
0.4504835244
0.4430981424
0.4354091346
0.4274217637
0.4191414967
0.4105740016
0.4017251428
0.3926009779
0.3832077529
0.3735518984
0.3636400249
0.3534789182
0.3430755353
0.3324369988
0.3215705927
0.3104837574
0.299184084
0.2876793097
0.2759773123
0.2640861048
0.2520138298
0.2397687543
0.2273592635
0.2147938556
0.2020811354
0.189229809
0.1762486775
0.163146631
0.1499326425
0.1366157619
0.1232051097
0.1097098707
0.09613928783
0.08250265571
0.06880931435
0.05506864274
0.04129005244
0.02748298108
0.01365688595
-0.000178762483
-0.01401448709
-0.02784081056
-0.04164826188
-0.05542738282
-0.06916873445
-0.08286290354
-0.09650050908
-0.1100722086
-0.1235687048
-0.1369807517
-0.1502991608
-0.1635148079
-0.176618639
-0.1896016765
-0.2024550254
-0.2151698795
-0.2277375273
-0.2401493579
-0.2523968672
-0.2644716634
-0.2763654728
-0.2880701459
-0.2995776623
-0.3108801366
-0.3219698239
-0.3328391247
-0.3434805905
-0.3538869287
-0.3640510078
-0.3739658619
-0.3836246958
-0.3930208897
-0.4021480035
-0.4109997812
-0.4195701555
-0.4278532517
-0.4358433919
-0.4435350984
-0.4509230984
-0.4580023266
-0.4647679293
-0.4712152676
-0.4773399205
-0.4831376878
-0.4886045935
-0.4937368879
-0.4985310504
-0.5029837922
-0.5070920582
-0.5108530291
-0.5142641236
-0.5173229999
-0.5200275576
-0.5223759388
-0.5243665296
-0.5259979611
-0.5272691105
-0.5281791018
-0.5287273061
-0.5289133426
-0.5287370784
-0.5281986289
-0.5272983574
-0.5260368752
-0.5244150411
-0.5224339604
-0.5200949848
-0.5173997112
-0.5143499803
-0.5109478758
-0.5071957229
-0.5030960863
-0.4986517691
-0.4938658102
-0.4887414829
-0.4832822922
-0.4774919722
-0.4713744845
-0.4649340142
-0.4581749683
-0.4511019716
-0.4437198642
-0.4360336981
-0.4280487335
-0.4197704355
-0.41120447
-0.4023567003
-0.3932331825
-0.3838401619
-0.3741840684
-0.3642715123
-0.3541092796
-0.3437043274
-0.3330637792
-0.3221949199
-0.311105191
-0.2998021854
-0.2882936422
-0.2765874414
-0.2646915984
-0.2526142588
-0.2403636925
-0.2279482884
-0.2153765481
-0.2026570808
-0.1897985966
-0.1768099014
-0.16369989
-0.1504775409
-0.1371519093
-0.1237321214
-0.1102273681
-0.09664689869
-0.08300001427
-0.06929606173
-0.05554442717
-0.04175452947
-0.02793581391
-0.01409774561
-0.0002498031408
0.01359852805
0.02743776207
0.04125841914
0.05505103202
0.06880615256
0.08251435811
0.09616625804
0.1097525001
0.1232637769
0.1366908323
0.1500244675
0.1632555478
0.1763750084
0.189373861
0.2022431995
0.2149742067
0.2275581598
0.2399864366
0.2522505214
0.2643420109
0.2762526199
0.2879741868
0.2994986795
0.3108182008
0.3219249936
0.3328114465
0.343470099
0.3538936462
0.3640749446
0.374007016
0.3836830532
0.393096424
0.4022406762
0.4111095417
0.419696941
0.4279969873
0.4360039906
0.4437124612
0.4511171143
0.4582128728
0.4649948711
0.4714584585
0.4775992023
0.4834128911
0.488895537
0.4940433792
0.4988528859
0.5033207572
0.5074439271
0.5112195654
0.5146450803
0.5177181196
0.5204365725
0.522798571
0.5248024912
0.5264469547
0.5277308291
0.5286532289
0.5292135163
0.5294113016
0.5292464433
0.5287190482
0.5278294716
0.5265783169
0.5249664351
0.5229949242
0.5206651288
0.5179786388
0.5149372883
0.511543155
0.5077985576
0.5037060555
0.4992684461
0.4944887633
0.4893702755
0.483916483
0.4781311161
0.4720181321
0.4655817129
0.4588262617
0.4517564009
0.4443769677
0.4366930118
0.4287097916
0.4204327704
0.4118676129
0.4030201814
0.3938965314
0.3845029079
0.3748457408
0.3649316409
0.3547673947
0.3443599606
0.3337164632
0.3228441895
0.3117505828
0.3004432384
0.2889298981
0.2772184451
0.2653168981
0.2532334063
0.2409762439
0.2285538038
0.2159745925
0.203247224
0.190380414
0.1773829737
0.164263804
0.1510318895
0.1376962918
0.1242661441
0.1107506443
0.09715904901
0.08350066699
0.06978485303
0.05602100141
0.04221853946
0.02838692111
0.01453562044
0.0006741251884
-0.01318806978
-0.02704146894
-0.04087658263
-0.05468393356
-0.06845406326
-0.08217753864
-0.09584495835
-0.1094469593
-0.1229742231
-0.1364174822
-0.1497675267
-0.1630152102
-0.1761514562
-0.1891672647
-0.2020537177
-0.2148019858
-0.227403334
-0.239849128
-0.2521308396
-0.2642400531
-0.2761684708
-0.2879079184
-0.2994503512
-0.3107878593
-0.3219126728
-0.3328171677
-0.3434938704
-0.3539354635
-0.3641347904
-0.3740848604
-0.3837788532
-0.3932101241
-0.4023722079
-0.4112588241
-0.4198638804
-0.4281814774
-0.4362059125
-0.4439316839
-0.4513534942
-0.458466254
-0.4652650857
-0.4717453267
-0.4779025322
-0.483732479
-0.4892311678
-0.4943948262
-0.4992199111
-0.5037031114
-0.50784135
-0.5116317863
-0.5150718176
-0.5181590813
-0.5208914564
-0.523267065
-0.5252842735
-0.5269416937
-0.5282381841
-0.52917285
-0.529745045
-0.5299543706
-0.529800677
-0.5292840632
-0.5284048765
-0.5271637128
-0.525561416
-0.5235990772
-0.5212780343
-0.5185998708
-0.515566415
-0.5121797386
-0.5084421551
-0.5043562187
-0.499924722
-0.4951506947
-0.4900374007
-0.4845883368
-0.4788072297
-0.4726980335
-0.4662649274
-0.4595123122
-0.452444808
-0.4450672504
-0.4373846876
-0.4294023769
-0.4211257808
-0.4125605638
-0.4037125878
-0.3945879089
-0.3851927726
-0.3755336099
-0.3656170327
-0.3554498295
-0.3450389603
-0.3343915524
-0.3235148952
-0.3124164352
-0.3011037711
-0.2895846484
-0.2778669541
-0.2659587114
-0.2538680743
-0.2416033217
-0.229172852
-0.2165851774
-0.2038489177
-0.1909727947
-0.1779656264
-0.1648363204
-0.1515938683
-0.1382473394
-0.1248058743
-0.111278679
-0.09767501823
-0.08400420932
-0.07027561578
-0.05649864086
-0.04268272113
-0.02883731998
-0.01497192121
-0.001096022449
0.01278087129
0.02664925415
0.04049962592
0.05432249858
0.06810840275
0.08184789422
0.0955315604
0.1091500268
0.1226939633
0.1361540909
0.1495211876
0.1627860951
0.175939725
0.1889730647
0.2018771841
0.2146432414
0.2272624892
0.2397262804
0.2520260744
0.2641534428
0.2761000749
0.287857784
0.2994185124
0.3107743374
0.3219174765
0.3328402925
0.3435352993
0.3539951665
0.3642127249
0.3741809709
0.3838930717
0.3933423698
0.4025223875
0.4114268318
0.420049598
0.4283847743
0.436426646
0.4441696991
0.4516086241
0.4587383199
0.4655538972
0.4720506815
0.4782242168
0.4840702685
0.4895848262
0.4947641065
0.4996045555
0.5041028516
0.5082559074
0.5120608719
0.5155151324
0.5186163167
0.5213622943
0.5237511778
0.5257813247
0.5274513379
0.5287600673
0.52970661
0.5302903113
0.5305107652
0.5303678142
0.5298615501
0.5289923133
0.527760693
0.5261675266
0.5242138993
0.5219011431
0.5192308361
0.5162048015
0.5128251059
0.5090940585
0.5050142091
0.5005883465
0.4958194966
0.4907109204
0.4852661115
0.4794887941
0.47338292
0.4669526664
0.4602024326
0.4531368372
0.4457607151
0.4380791138
0.4300972901
0.4218207069
0.4132550288
0.4044061187
0.3952800334
0.38588302
0.3762215112
0.3663021208
0.3561316396
0.3457170305
0.3350654236
0.3241841118
0.3130805451
0.3017623262
0.2902372047
0.2785130722
0.266597957
0.2545000179
0.2422275394
0.2297889257
0.2171926948
0.204447473
0.1915619886
0.1785450664
0.1654056212
0.1521526519
0.1387952353
0.1253425201
0.1118037202
0.09818810883
0.08450501177
0.07076380136
0.05697388986
0.04314472305
0.02928577375
0.01540653535
0.001516515312
-0.01237477139
-0.02625780872
-0.04012308617
-0.05396110522
-0.06776238586
-0.0815174731
-0.09521694345
-0.1088514113
-0.1224115356
-0.1358880258
-0.1492716487
-0.1625532345
-0.1757236831
-0.1887739705
-0.2016951548
-0.2144783824
-0.227114894
-0.2395960308
-0.2519132403
-0.2640580819
-0.2760222333
-0.2877974956
-0.2993757993
-0.3107492096
-0.321909932
-0.3328503175
-0.3435628682
-0.3540402416
-0.3642752569
-0.3742608985
-0.3839903221
-0.3934568586
-0.4026540186
-0.4115754977
-0.4202151799
-0.4285671421
-0.4366256583
-0.4443852037
-0.4518404577
-0.4589863085
-0.4658178561
-0.4723304156
-0.4785195206
-0.4843809262
-0.4899106122
-0.4951047851
-0.4999598816
-0.5044725704
-0.5086397549
-0.5124585749
-0.5159264091
-0.5190408763
-0.5217998375
-0.5242013974
-0.5262439051
-0.5279259559
-0.5292463921
-0.5302043036
-0.5307990284
-0.5310301538
-0.5308975157
-0.5304011995
-0.5295415396
-0.5283191195
-0.5267347709
-0.5247895738
-0.5224848553
-0.5198221886
-0.5168033924
-0.5134305295
-0.5097059049
-0.5056320649
-0.501211795
-0.4964481181
-0.4913442924
-0.4859038091
-0.4801303901
-0.4740279856
-0.467600771
-0.4608531445
-0.4537897236
-0.4464153425
-0.4387350483
-0.4307540979
-0.422477954
-0.4139122819
-0.4050629452
-0.3959360019
-0.3865377002
-0.3768744745
-0.3669529406
-0.3567798914
-0.3463622922
-0.3357072761
-0.3248221386
-0.3137143334
-0.3023914664
-0.2908612912
-0.2791317035
-0.2672107358
-0.2551065517
-0.2428274404
-0.2303818112
-0.2177781876
-0.2050252012
-0.1921315863
-0.1791061736
-0.1659578843
-0.1526957238
-0.1393287755
-0.1258661951
-0.1123172036
-0.09869108144
-0.08499716208
-0.0712448255
-0.05744349186
-0.04360261501
-0.029731676
-0.01584017666
-0.001937632991
0.01196643129
0.02586249128
0.03974102745
0.05359253212
0.06740751602
0.08117651475
0.09489009528
0.1085388624
0.1221134653
0.1356046036
0.1490030342
0.1622995773
0.1754851227
0.1885506363
0.2014871659
0.2142858477
0.2269379121
0.2394346899
0.2517676182
0.2639282461
0.2759082407
0.2876993928
0.2992936223
0.310682984
0.3218596731
0.33281603
0.3435445462
0.3540378693
0.3642888077
0.3742903357
0.3840355987
0.3935179173
0.4027307922
0.4116679086
0.4203231406
0.4286905553
0.4367644168
0.4445391903
0.4520095459
0.4591703622
0.4660167295
0.4725439538
0.4787475594
0.4846232926
0.4901671238
0.4953752511
0.5002441023
0.5047703378
0.5089508524
0.512782778
0.5162634849
0.5193905845
0.5221619299
0.5245756181
0.5266299913
0.5283236374
0.5296553917
0.5306243375
0.5312298063
0.5314713788
0.5313488851
0.5308624045
0.5300122657
0.5287990466
0.5272235739
0.5252869223
0.5229904141
0.5203356181
0.5173243484
0.5139586637
0.5102408652
0.5061734955
0.5017593366
0.4970014083
0.4919029657
0.4864674975
0.480698723
0.4746005902
0.4681772726
0.4614331665
0.454372888
0.4470012702
0.439323359
0.4313444106
0.4230698873
0.4145054541
0.4056569746
0.3965305069
0.3871322999
0.3774687886
0.3675465898
0.3573724975
0.3469534787
0.3362966679
0.3254093627
0.3142990187
0.3029732446
0.2914397963
0.2797065726
0.2677816087
0.2556730718
0.2433892545
0.2309385698
0.2183295451
0.2055708163
0.1926711221
0.1796392976
0.1664842688
0.1532150461
0.1398407181
0.1263704458
0.1128134557
0.09917903405
0.08547652015
0.07171530006
0.05790480019
0.04405448079
0.0301738295
0.01627235484
0.002359579706
-0.01155496516
-0.0254617477
-0.03935124108
-0.05321393019
-0.06704031817
-0.08082093297
-0.09454633375
-0.1082071174
-0.121793925
-0.1352974482
-0.1487084356
-0.1620176991
-0.1752161201
-0.1882946561
-0.2012443462
-0.2140563182
-0.2267217936
-0.2392320947
-0.2515786496
-0.2637529987
-0.2757468003
-0.287551836
-0.2991600171
-0.3105633894
-0.3217541388
-0.3327245971
-0.3434672467
-0.3539747261
-0.3642398348
-0.3742555382
-0.3840149726
-0.3935114497
-0.4027384613
-0.4116896838
-0.4203589824
-0.4287404154
-0.4368282381
-0.4446169072
-0.4521010841
-0.4592756386
-0.4661356529
-0.4726764243
-0.4788934689
-0.4847825246
-0.4903395538
-0.4955607465
-0.5004425226
-0.5049815344
-0.5091746692
-0.5130190511
-0.5165120431
-0.519651249
-0.5224345147
-0.5248599301
-0.5269258303
-0.5286307965
-0.5299736572
-0.5309534891
-0.5315696173
-0.5318216164
-0.5317093101
-0.531232772
-0.530392325
-0.5291885414
-0.5276222423
-0.5256944973
-0.5234066236
-0.520760185
-0.517756991
-0.5143990957
-0.510688796
-0.5066286303
-0.5022213767
-0.4974700512
-0.4923779053
-0.4869484243
-0.4811853244
-0.4750925506
-0.4686742735
-0.461934887
-0.4548790049
-0.4475114578
-0.43983729
-0.4318617559
-0.4235903161
-0.4150286344
-0.4061825731
-0.3970581897
-0.3876617322
-0.3779996351
-0.3680785149
-0.3579051657
-0.3474865544
-0.336829816
-0.3259422487
-0.3148313088
-0.3035046057
-0.291969897
-0.2802350823
-0.2683081988
-0.2561974152
-0.2439110263
-0.2314574472
-0.2188452075
-0.2060829459
-0.1931794036
-0.180143419
-0.1669839209
-0.1537099231
-0.1403305178
-0.1268548696
-0.1132922088
-0.09965182589
-0.0859430642
-0.07217531423
-0.05835800692
-0.04450060723
-0.03061260766
-0.01670352177
-0.002782877632
0.01113978869
0.02505493966
0.03895304281
0.05282457729
0.06666004036
0.0804499539
0.09418487095
0.1078553821
0.1214521221
0.134965776
0.1483870858
0.1617068566
0.1749159632
0.1880053559
0.2009660669
0.2137892168
0.2264660202
0.2389877916
0.2513459522
0.2635320347
0.27553769
0.2873546922
0.2989749449
0.3103904862
0.3215934944
0.3325762934
0.3433313579
0.3538513185
0.3641289669
0.3741572607
0.383929328
0.3934384729
0.4026781792
0.4116421152
0.4203241384
0.4287182989
0.4368188445
0.4446202236
0.4521170898
0.4593043053
0.4661769441
0.4727302959
0.4789598692
0.4848613939
0.4904308249
0.4956643446
0.5005583652
0.5051095317
0.5093147239
0.5131710585
0.5166758912
0.5198268187
0.5226216797
0.5250585572
0.5271357792
0.5288519201
0.5302058017
0.5311964941
0.5318233158
0.5320858349
0.5319838691
0.5315174854
0.5306870009
0.5294929819
0.5279362438
0.5260178504
0.5237391133
0.5211015911
0.518107088
0.5147576529
0.5110555777
0.5070033962
0.5026038816
0.4978600455
0.4927751352
0.4873526317
0.4815962471
0.4755099227
0.4690978254
0.4623643455
0.4553140936
0.4479518971
0.4402827972
0.4323120455
0.4240451002
0.4154876225
0.4066454724
0.3975247053
0.3881315674
0.3784724914
0.3685540924
0.3583831631
0.3479666691
0.3373117446
0.326425687
0.3153159519
0.3039901485
0.292456034
0.2807215081
0.2687946081
0.256683503
0.2443964882
0.2319419796
0.2193285076
0.2065647121
0.1936593355
0.1806212176
0.167459289
0.1541825653
0.1408001407
0.1273211819
0.1137549218
0.1001106532
0.08639772223
0.07262552229
0.05880348737
0.04494108567
0.0310478131
0.01713318676
0.003206738444
-0.01072199189
-0.02464346266
-0.03854813723
-0.05242649038
-0.06626901487
-0.08006622798
-0.09380867792
-0.1074869504
-0.1210916751
-0.1346135318
-0.1480432573
-0.1613716512
-0.1745895826
-0.1876879963
-0.2006579187
-0.2134904643
-0.2261768416
-0.2387083593
-0.2510764321
-0.2632725865
-0.2752884668
-0.2871158407
-0.2987466052
-0.3101727916
-0.3213865715
-0.3323802621
-0.343146331
-0.3536774019
-0.3639662594
-0.374005854
-0.3837893069
-0.3933099147
-0.402561154
-0.4115366861
-0.4202303609
-0.4286362213
-0.4367485077
-0.4445616612
-0.4520703279
-0.4592693626
-0.466153832
-0.4727190183
-0.4789604225
-0.4848737673
-0.490455
-0.4957002957
-0.5006060592
-0.5051689283
-0.5093857754
-0.5132537099
-0.5167700804
-0.5199324762
-0.522738729
-0.5251869147
-0.5272753543
-0.5290026151
-0.5303675121
-0.5313691085
-0.5320067161
-0.5322798963
-0.53218846
-0.5317324681
-0.5309122308
-0.5297283084
-0.5281815098
-0.5262728928
-0.524003763
-0.521375673
-0.5183904212
-0.5150500507
-0.5113568481
-0.5073133414
-0.5029222987
-0.4981867264
-0.4931098665
-0.4876951952
-0.48194642
-0.4758674772
-0.4694625294
-0.4627359625
-0.4556923828
-0.4483366138
-0.4406736927
-0.4327088673
-0.4244475923
-0.4158955253
-0.4070585233
-0.3979426384
-0.3885541139
-0.3788993799
-0.3689850487
-0.3588179106
-0.3484049291
-0.3377532363
-0.3268701275
-0.3157630569
-0.3044396319
-0.2929076085
-0.2811748851
-0.2692494982
-0.2571396159
-0.2448535329
-0.2323996646
-0.2197865414
-0.2070228028
-0.1941171916
-0.1810785477
-0.1679158023
-0.1546379715
-0.1412541505
-0.1277735069
-0.1142052748
-0.1005587485
-0.08684327554
-0.07306825118
-0.05924311128
-0.04537732613
-0.0314803939
-0.01756183416
-0.003631181296
0.01030202195
0.02422823104
0.03813790622
0.05202151898
0.06586955865
0.07967253887
0.09342100412
0.1071055362
0.1207167605
0.134245353
0.1476820457
0.1610176339
0.1742429821
0.18734903
0.2003267992
0.2131673993
0.2258620334
0.238402005
