0
-0.02616825479
-0.05228420715
-0.0783299038
-0.1042874642
-0.130139093
-0.155867092
-0.1814538729
-0.2068819688
-0.2321340467
-0.257192919
-0.2820415555
-0.3066630951
-0.3310408571
-0.3551583525
-0.3789992958
-0.4025476152
-0.4257874641
-0.4487032318
-0.4712795536
-0.4935013216
-0.5153536947
-0.5368221084
-0.5578922849
-0.5785502423
-0.598782304
-0.6185751079
-0.6379156151
-0.6567911187
-0.6751892518
-0.693097996
-0.7105056893
-0.7274010332
-0.7437731005
-0.7596113423
-0.7749055947
-0.789646085
-0.8038234387
-0.8174286847
-0.8304532613
-0.8428890215
-0.854728238
-0.865963608
-0.8765882577
-0.8865957464
-0.8959800701
-0.9047356656
-0.9128574131
-0.9203406395
-0.9271811207
-0.9333750841
-0.9389192104
-0.9438106353
-0.9480469508
-0.9516262061
-0.9545469083
-0.9568080228
-0.9584089733
-0.9593496414
-0.9596303661
-0.9592519429
-0.9582156224
-0.9565231087
-0.9541765579
-0.9511785754
-0.9475322137
-0.9432409694
-0.9383087804
-0.9327400219
-0.9265395035
-0.9197124644
-0.9122645695
-0.9042019047
-0.895530972
-0.8862586844
-0.8763923602
-0.8659397178
-0.854908869
-0.8433083134
-0.8311469314
-0.8184339778
-0.8051790745
-0.7913922032
-0.7770836982
-0.7622642384
-0.7469448394
-0.7311368453
-0.7148519203
-0.6981020402
-0.6808994832
-0.6632568214
-0.6451869113
-0.6267028843
-0.6078181374
-0.5885463233
-0.5689013407
-0.5488973239
-0.5285486328
-0.5078698428
-0.4868757338
-0.46558128
-0.4440016391
-0.4221521414
-0.4000482789
-0.3777056943
-0.35514017
-0.3323676165
-0.3094040617
-0.2862656392
-0.2629685771
-0.2395291864
-0.2159638497
-0.1922890098
-0.1685211578
-0.1446768219
-0.120772556
-0.0968249276
-0.07285050684
-0.04886585474
-0.02488751174
-0.0009319863026
0.02298425652
0.04684480644
0.07063331922
0.09433352789
0.1179292539
0.1414044184
0.1647430527
0.1879293097
0.2109474746
0.2337819753
0.256417393
0.2788384731
0.3010301348
0.3229774819
0.3446658123
0.3660806282
0.3872076457
0.4080328044
0.4285422765
0.4487224765
0.4685600696
0.488041981
0.5071554041
0.5258878095
0.5442269525
0.5621608816
0.5796779461
0.5967668036
0.6134164275
0.6296161138
0.6453554883
0.6606245129
0.6754134924
0.68971308
0.7035142836
0.7168084714
0.7295873771
0.7418431048
0.7535681345
0.7647553258
0.7753979227
0.7854895574
0.7950242543
0.8039964328
0.8124009113
0.8202329095
0.827488051
0.834162366
0.8402522929
0.8457546803
0.8506667883
0.8549862897
0.8587112708
0.8618402324
0.8643720892
0.8663061708
0.8676422207
0.868380396
0.8685212665
0.8680658137
0.867015429
0.8653719125
0.8631374704
0.8603147132
0.8569066531
0.8529167008
0.848348663
0.8432067383
0.8374955144
0.8312199635
0.8243854384
0.8169976683
0.8090627539
0.8005871623
0.7915777223
0.7820416187
0.7719863867
0.7614199061
0.750350395
0.7387864038
0.7267368084
0.7142108036
0.7012178958
0.6877678964
0.673870914
0.659537347
0.6447778756
0.6296034544
0.6140253038
0.5980549019
0.5817039762
0.5649844948
0.5479086576
0.5304888878
0.5127378225
0.4946683036
0.4762933687
0.4576262415
0.4386803225
0.4194691791
0.4000065361
0.3803062659
0.3603823784
0.3402490114
0.3199204202
0.2994109678
0.2787351144
0.2579074075
0.2369424718
0.2158549983
0.1946597348
0.1733714749
0.1520050481
0.1305753092
0.1090971283
0.08758537998
0.06605493353
0.04452064231
0.02299733361
0.001499798474
-0.01995721853
-0.04135902938
-0.06269101269
-0.08393862365
-0.105087404
-0.1261229918
-0.1470311314
-0.1677976825
-0.1884086306
-0.2088500958
-0.2291083421
-0.2491697871
-0.2690210108
-0.2886487646
-0.30803998
-0.3271817775
-0.3460614752
-0.3646665967
-0.38298488
-0.401004285
-0.4187130018
-0.436099458
-0.4531523266
-0.4698605332
-0.4862132632
-0.5021999686
-0.5178103749
-0.5330344879
-0.5478625995
-0.5622852943
-0.5762934554
-0.5898782699
-0.6030312349
-0.6157441621
-0.6280091833
-0.6398187551
-0.6511656634
-0.6620430278
-0.6724443053
-0.682363295
-0.6917941408
-0.7007313353
-0.7091697226
-0.7171045014
-0.7245312274
-0.7314458158
-0.7378445433
-0.74372405
-0.7490813408
-0.7539137871
-0.7582191276
-0.761995469
-0.7652412869
-0.7679554258
-0.7701370994
-0.7717858901
-0.7729017488
-0.773484994
-0.7735363108
-0.7730567501
-0.7720477264
-0.7705110167
-0.7684487581
-0.7658634459
-0.7627579309
-0.759135417
-0.7549994577
-0.7503539536
-0.7452031484
-0.7395516257
-0.7334043048
-0.7267664369
-0.7196436003
-0.7120416966
-0.7039669452
-0.6954258788
-0.6864253381
-0.6769724664
-0.667074704
-0.6567397827
-0.6459757194
-0.6347908104
-0.6231936248
-0.611192998
-0.5987980253
-0.5860180548
-0.5728626804
-0.559341735
-0.5454652828
-0.531243612
-0.5166872273
-0.5018068421
-0.4866133706
-0.47111792
-0.4553317822
-0.4392664259
-0.422933488
-0.4063447653
-0.3895122062
-0.3724479018
-0.3551640774
-0.3376730839
-0.3199873887
-0.3021195672
-0.2840822936
-0.2658883318
-0.2475505269
-0.2290817958
-0.2104951181
-0.1918035271
-0.1730201006
-0.1541579519
-0.1352302207
-0.1162500636
-0.09723064533
-0.07818512964
-0.05912666999
-0.04006840061
-0.02102342748
-0.002004819295
0.01697440147
0.03590126744
0.05476287521
0.07354639411
0.09223907489
0.1108282584
0.129301384
0.1476459983
0.1658497632
0.1839004646
0.2017860198
0.2194944866
0.2370140703
0.2543331321
0.2714401966
0.2883239595
0.3049732946
0.3213772619
0.3375251138
0.353406303
0.3690104887
0.3843275434
0.3993475599
0.414060857
0.4284579861
0.4425297372
0.4562671446
0.4696614925
0.4827043207
0.4953874297
0.507702886
0.5196430266
0.5312004641
0.5423680909
0.5531390839
0.5635069081
0.5734653206
0.5830083745
0.5921304223
0.6008261187
0.6090904244
0.6169186082
0.6243062499
0.6312492425
0.6377437947
0.6437864324
0.6493740006
0.6545036649
0.6591729126
0.6633795538
0.6671217223
0.6703978758
0.6732067969
0.6755475924
0.6774196938
0.678822857
0.679757161
0.6802230082
0.6802211224
0.6797525483
0.6788186497
0.6774211079
0.6755619197
0.6732433959
0.670468158
0.6672391368
0.6635595687
0.6594329935
0.6548632508
0.649854477
0.6444111016
0.6385378435
0.6322397071
0.6255219783
0.6183902198
0.6108502675
0.6029082248
0.5945704587
0.585843594
0.576734509
0.5672503293
0.5573984229
0.5471863946
0.5366220798
0.5257135388
0.5144690507
0.5028971073
0.4910064067
0.4788058467
0.4663045182
0.4535116986
0.4404368452
0.4270895876
0.4134797215
0.3996172007
0.3855121307
0.3711747606
0.3566154764
0.341844793
0.3268733468
0.3117118883
0.2963712742
0.2808624596
0.2651964904
0.2493844953
0.2334376783
0.2173673101
0.2011847208
0.1849012919
0.1685284479
0.1520776486
0.1355603812
0.1189881521
0.1023724792
0.08572488347
0.06905688146
0.0523799771
0.03570565388
0.01904536694
0.002410535263
-0.01418746615
-0.03073731399
-0.04722774436
-0.06364756041
-0.07998563989
-0.09623094263
-0.112372518
-0.1283995124
-0.144301176
-0.1600668707
-0.1756860765
-0.1911483989
-0.2064435757
-0.2215614835
-0.2364921448
-0.2512257343
-0.2657525853
-0.2800631959
-0.2941482355
-0.3079985506
-0.3216051707
-0.3349593141
-0.3480523937
-0.3608760219
-0.3734220166
-0.385682406
-0.3976494336
-0.4093155631
-0.4206734833
-0.431716112
-0.4424366011
-0.4528283403
-0.4628849611
-0.4726003408
-0.4819686063
-0.4909841369
-0.4996415684
-0.5079357957
-0.5158619756
-0.5234155301
-0.5305921483
-0.5373877891
-0.5437986833
-0.5498213353
-0.5554525255
-0.5606893109
-0.5655290273
-0.5699692903
-0.5740079959
-0.5776433216
-0.580873727
-0.5836979542
-0.5861150277
-0.5881242547
-0.589725225
-0.5909178101
-0.5917021631
-0.5920787179
-0.5920481879
-0.5916115651
-0.5907701186
-0.5895253933
-0.5878792079
-0.5858336532
-0.5833910897
-0.5805541459
-0.577325715
-0.5737089532
-0.5697072763
-0.5653243567
-0.5605641207
-0.5554307445
-0.5499286516
-0.5440625084
-0.5378372205
-0.5312579294
-0.5243300073
-0.517059054
-0.5094508916
-0.5015115602
-0.4932473136
-0.4846646139
-0.4757701269
-0.4665707169
-0.4570734415
-0.4472855461
-0.437214459
-0.426867785
-0.4162533004
-0.4053789471
-0.3942528264
-0.3828831934
-0.3712784507
-0.3594471424
-0.3473979478
-0.335139675
-0.3226812546
-0.3100317335
-0.2972002679
-0.2841961168
-0.2710286359
-0.2577072703
-0.244241548
-0.2306410732
-0.2169155194
-0.2030746225
-0.1891281743
-0.175086015
-0.1609580268
-0.1467541269
-0.1324842603
-0.1181583932
-0.1037865061
-0.08937858632
-0.07494462197
-0.06049459438
-0.04603847151
-0.03158620107
-0.01714770375
-0.00273286637
0.01164846478
0.02598649066
0.04027146611
0.05449370644
0.06864359395
0.08271158439
0.09668821337
0.1105641027
0.1243299665
0.1379766177
0.1514949738
0.1648760629
0.1781110298
0.1911911418
0.2041077943
0.2168525161
0.2294169759
0.2417929864
0.2539725106
0.2659476665
0.2777107323
0.2892541512
0.3005705363
0.3116526752
0.3224935347
0.3330862649
0.3434242037
0.3535008809
0.3633100222
0.3728455529
0.3821016015
0.3910725038
0.3997528057
0.4081372664
0.4162208621
0.4239987884
0.431466463
0.4386195288
0.4454538558
0.4519655437
0.458150924
0.4640065618
0.4695292576
0.4747160491
0.4795642124
0.4840712635
0.4882349594
0.4920532986
0.4955245226
0.498647116
0.5014198069
0.5038415676
0.5059116143
0.5076294071
0.5089946498
0.5100072896
0.5106675163
0.5109757619
0.5109326991
0.510539241
0.5097965393
0.5087059829
0.5072691969
0.5054880401
0.5033646038
0.5009012095
0.4981004065
0.49496497
0.4914978984
0.4877024106
0.4835819433
0.4791401481
0.4743808885
0.4693082366
0.4639264696
0.4582400668
0.4522537057
0.445972258
0.4394007864
0.4325445402
0.4254089511
0.4179996295
0.4103223595
0.4023830952
0.3941879555
0.3857432201
0.377055324
0.3681308536
0.358976541
0.3495992592
0.3400060174
0.3302039551
0.3202003377
0.3100025503
0.2996180932
0.2890545755
0.2783197104
0.2674213091
0.2563672756
0.2451656004
0.2338243553
0.2223516877
0.2107558143
0.1990450156
0.1872276299
0.1753120476
0.1633067052
0.1512200791
0.1390606801
0.1268370472
0.1145577417
0.102231341
0.0898664333
0.07747161088
0.06505546472
0.05262657834
0.04019352197
0.02776484669
0.01534907858
0.002954712873
-0.009409791736
-0.02173601889
-0.03401560023
-0.04624022103
-0.0584016258
-0.07049162382
-0.08250209459
-0.09442499326
-0.106252356
-0.1179763052
-0.1295890547
-0.1410829151
-0.1524502984
-0.1636837234
-0.1747758203
-0.1857193355
-0.1965071365
-0.2071322163
-0.2175876979
-0.2278668389
-0.2379630355
-0.2478698269
-0.2575808993
-0.26709009
-0.276391391
-0.2854789529
-0.2943470885
-0.3029902763
-0.3114031639
-0.3195805711
-0.3275174931
-0.3352091037
-0.3426507577
-0.3498379941
-0.3567665384
-0.3634323052
-0.3698314004
-0.3759601234
-0.3818149693
-0.3873926307
-0.3926899994
-0.397704168
-0.4024324315
-0.4068722887
-0.4110214431
-0.4148778043
-0.4184394885
-0.4217048197
-0.42467233
-0.4273407599
-0.4297090594
-0.4317763872
-0.4335421113
-0.4350058088
-0.4361672657
-0.4370264762
-0.4375836426
-0.4378391741
-0.4377936864
-0.4374480008
-0.4368031424
-0.4358603398
-0.434621023
-0.4330868223
-0.4312595662
-0.4291412803
-0.4267341848
-0.4240406926
-0.4210634073
-0.4178051208
-0.4142688108
-0.4104576384
-0.4063749453
-0.4020242513
-0.3974092508
-0.3925338107
-0.3874019664
-0.3820179191
-0.3763860324
-0.3705108286
-0.3643969856
-0.3580493329
-0.3514728479
-0.3446726524
-0.3376540084
-0.330422314
-0.3229830998
-0.3153420243
-0.3075048698
-0.2994775381
-0.2912660462
-0.2828765217
-0.2743151984
-0.2655884117
-0.2567025939
-0.2476642697
-0.2384800512
-0.2291566332
-0.2197007887
-0.2101193636
-0.2004192717
-0.1906074905
-0.1806910553
-0.1706770549
-0.1605726262
-0.1503849492
-0.1401212423
-0.1297887566
-0.1193947714
-0.1089465888
-0.09845152874
-0.08791692372
-0.07735011404
-0.06675844247
-0.05614924928
-0.04552986721
-0.03490761638
-0.02428979935
-0.01368369611
-0.003096559121
0.007464391579
0.01799197328
0.02847904542
0.03891851442
0.04930333841
0.05962653195
0.0698811707
0.08006039598
0.09015741938
0.1001655272
0.1100780848
0.1198885412
0.129590433
0.139177389
0.1486431339
0.1579814927
0.1671863947
0.176251877
0.1851720887
0.1939412947
0.2025538788
0.2110043479
0.2192873348
0.2273976023
0.2353300456
0.2430796963
0.2506417248
0.2580114437
0.2651843102
0.2721559293
0.278922056
0.2854785983
0.2918216191
0.2979473389
0.3038521375
0.3095325566
0.3149853016
0.3202072429
0.3251954185
0.3299470349
0.3344594686
0.338730268
0.342757154
0.3465380214
0.3500709398
0.3533541546
0.3563860874
0.359165337
0.3616906797
0.3639610696
0.3659756389
0.367733698
0.3692347356
0.3704784183
0.3714645907
0.3721932748
0.3726646695
0.37287915
0.3728372671
0.3725397464
0.3719874873
0.3711815617
0.3701232131
0.3688138549
0.3672550696
0.3654486066
0.3633963806
0.3611004705
0.3585631167
0.3557867195
0.352773837
0.3495271829
0.3460496243
0.342344179
0.3384140133
0.3342624394
0.3298929125
0.3253090283
0.3205145199
0.3155132551
0.3103092333
0.304906582
0.2993095544
0.2935225253
0.2875499883
0.2813965523
0.2750669377
0.2685659732
0.2618985921
0.2550698284
0.2480848135
0.2409487718
0.2336670174
0.2262449501
0.2186880509
0.2110018789
0.2031920665
0.1952643157
0.187224394
0.17907813
0.1708314094
0.1624901709
0.1540604018
0.1455481336
0.1369594382
0.1283004231
0.1195772274
0.1107960175
0.1019629825
0.09308433019
0.0841662827
0.07521507197
0.06623693558
0.05723811244
0.04822483845
0.03920334227
0.030179841
0.02116053598
0.01215160853
0.003190832283
-0.00572826426
-0.01465176444
-0.02359143586
-0.03251515858
-0.0414474928
-0.05035548056
-0.05928444983
-0.06824092971
-0.07719347759
-0.086180757
-0.09506933494
-0.1038108759
-0.1125343674
-0.1212505101
-0.1298891302
-0.138440279
-0.1469165667
-0.1553125553
-0.1636185213
-0.1718285166
-0.1799372623
-0.1879389678
-0.1958278366
-0.203598205
-0.2112444847
-0.2187611548
-0.2261427713
-0.2333839725
-0.2404794819
-0.2474241124
-0.2542127699
-0.260840457
-0.2673022769
-0.2735934369
-0.2797092517
-0.2856451474
-0.2913966645
-0.2969594613
-0.3023293174
-0.3075021366
-0.3124739503
-0.3172409202
-0.3217993415
-0.3261456459
-0.3302764038
-0.3341883277
-0.3378782741
-0.3413432466
-0.344580398
-0.3475870326
-0.3503606084
-0.3528987392
-0.3551991968
-0.3572599126
-0.3590789794
-0.3606546535
-0.3619853556
-0.3630696727
-0.3639063593
-0.3644943389
-0.3648327045
-0.3649207201
-0.3647578215
-0.3643436169
-0.3636778876
-0.3627605887
-0.3615918492
-0.3601719725
-0.3585014364
-0.3565808933
-0.35441117
-0.3519932675
-0.3493283609
-0.3464177984
-0.3432631013
-0.339865963
-0.3362282483
-0.3323519924
-0.3282393998
-0.3238928432
-0.3193148621
-0.3145081617
-0.3094756107
-0.3042202403
-0.2987452423
-0.2930539666
-0.2871499202
-0.2810367643
-0.2747183122
-0.2681985272
-0.2614815202
-0.2545715465
-0.247473004
-0.2401904298
-0.2327284976
-0.2250920146
-0.2172859184
-0.2093152741
-0.2011852706
-0.1929012176
-0.1844685419
-0.1758927839
-0.1671795943
-0.1583347296
-0.1493640492
-0.1402735109
-0.1310691672
-0.1217571613
-0.1123437229
-0.1028351638
-0.09323787415
-0.08355831789
-0.07380302831
-0.06397860374
-0.05409170307
-0.04414904119
-0.03415738446
-0.02412354604
-0.01405438126
-0.003956782917
0.006162323455
0.01629598437
0.02643722318
0.03657904487
0.04671444097
0.05683639432
0.06693788404
0.07701189038
0.0870513996
0.09704940892
0.1069989314
0.1168930008
0.1267246767
0.1364870489
0.146173243
0.1557764245
0.1652898044
0.1747066433
0.1840202567
0.1932240197
0.2023113715
0.2112758203
0.2201109479
0.2288104142
0.237367962
0.2457774213
0.2540327141
0.2621278582
0.2700569722
0.2778142794
0.2853941122
0.2927909161
0.2999992539
0.3070138097
0.3138293927
0.3204409413
0.3268435266
0.3330323562
0.3390027778
0.3447502826
0.350270509
0.3555592453
0.3606124337
0.3654261727
0.3699967204
0.3743204976
0.3783940901
0.3822142517
0.3857779069
0.3890821527
0.3921242619
0.3949016842
0.3974120493
0.3996531683
0.4016230354
0.4033198302
0.4047419188
0.4058878554
0.4067563837
0.407346438
0.4076571443
0.4076878212
0.407437981
0.4069073297
0.4060957683
0.4050033925
0.4036304936
0.4019775581
0.4000452679
0.3978345003
0.3953463274
0.3925820158
0.3895430262
0.3862310124
0.3826478209
0.3787954891
0.3746762453
0.3702925066
0.3656468778
0.3607421499
0.3555812985
0.3501674819
0.3445040392
0.3385944883
0.332442524
0.3260520149
0.319427002
0.3125716953
0.3054904717
0.2981878719
0.2906685975
0.2829375083
0.2749996185
0.2668600942
0.2585242494
0.2499975429
0.2412855746
0.2323940818
0.2233289353
0.2140961357
0.2047018093
0.1951522041
0.1854536854
0.1756127317
0.1656359306
0.1555299737
0.1453016529
0.134957855
0.1245055576
0.1139518242
0.1033037995
0.09256870411
0.08175383017
0.07086653602
0.0599142413
0.04890442177
0.03784460426
0.02674236143
0.01560530657
0.004441088323
-0.006742614562
-0.01793809859
-0.02913764085
-0.04033350437
-0.05151794352
-0.06268320938
-0.07382155517
-0.08492524166
-0.09598654258
-0.10699775
-0.1179511799
-0.1288391772
-0.1396541216
-0.1503884327
-0.1610345753
-0.1715850649
-0.1820324728
-0.1923694317
-0.2025886404
-0.2126828695
-0.2226449662
-0.2324678598
-0.2421445662
-0.2516681933
-0.2610319457
-0.27022913
-0.2792531591
-0.2880975571
-0.2967559641
-0.3052221408
-0.3134899728
-0.3215534753
-0.3294067973
-0.3370442258
-0.3444601901
-0.3516492661
-0.3586061796
-0.3653258109
-0.3718031982
-0.3780335413
-0.3840122054
-0.3897347242
-0.3951968034
-0.400394324
-0.4053233454
-0.4099801082
-0.4143610371
-0.418462744
-0.42228203
-0.4258158883
-0.4290615066
-0.4320162689
-0.4346777578
-0.4370437568
-0.4391122513
-0.440881431
-0.4423496912
-0.4435156339
-0.4443780693
-0.444936017
-0.4451887066
-0.4451355788
-0.4447762859
-0.4441106924
-0.4431388752
-0.4418611238
-0.4402779408
-0.4383900412
-0.4361983525
-0.4337040143
-0.4309083776
-0.4278130043
-0.4244196662
-0.4207303442
-0.416747227
-0.41247271
-0.4079093935
-0.4030600817
-0.3979277804
-0.3925156957
-0.3868272316
-0.3808659878
-0.3746357578
-0.3681405263
-0.3613844664
-0.3543719375
-0.3471074817
-0.3395958214
-0.3318418562
-0.3238506593
-0.3156274747
-0.3071777131
-0.298506949
-0.2896209164
-0.2805255054
-0.271226758
-0.2617308643
-0.2520441581
-0.2421731129
-0.2321243372
-0.2219045704
-0.2115206781
-0.2009796474
-0.1902885822
-0.1794546985
-0.1684853192
-0.1573878694
-0.1461698713
-0.1348389389
-0.1234027727
-0.111869155
-0.1002459439
-0.08854106814
-0.07676252192
-0.06491835897
-0.05301668726
-0.04106566332
-0.02907348664
-0.01704839398
-0.004998653691
0.007067440049
0.01914157295
0.03121541641
0.04328063328
0.05532888368
0.06735183083
0.07934114679
0.09128851835
0.1031856528
0.1150242837
0.1267961768
0.1384931356
0.1501070072
0.161629688
0.1730531297
0.1843693443
0.1955704104
0.2066484783
0.2175957759
0.2284046138
0.2390673912
0.2495766009
0.2599248347
0.2701047889
0.2801092692
0.2899311959
0.2995636089
0.308999673
0.3182326821
0.3272560647
0.3360633881
0.3446483635
0.3530048498
0.3611268587
0.3690085588
0.3766442797
0.3840285159
0.3911559315
0.3980213633
0.4046198248
0.4109465103
0.4169967976
0.4227662519
0.4282506291
0.4334458787
0.4383481469
0.4429537792
0.4472593238
0.4512615334
0.4549573682
0.4583439977
0.4614188034
0.4641793805
0.4666235398
0.4687493094
0.4705549363
0.4720388877
0.4731998526
0.4740367425
0.4745486924
0.474735062
0.4745954357
0.4741296236
0.4733376618
0.4722198122
0.4707765626
0.4690086271
0.4669169449
0.4645026806
0.4617672232
0.4587121853
0.4553394024
0.4516509315
0.4476490503
0.4433362552
0.4387152603
0.4337889952
0.4285606036
0.423033441
0.4172110725
0.4110972707
0.4046960131
0.3980114796
0.3910480496
0.3838102991
0.376302998
0.3685311066
0.3604997722
0.3522143263
0.3436802802
0.3349033218
0.3258893119
0.3166442798
0.3071744196
0.2974860859
0.2875857894
0.2774801928
0.2671761059
0.2566804813
0.2460004093
0.2351431135
0.2241159456
0.2129263806
0.2015820114
0.1900905438
0.1784597911
0.1666976691
0.1548121902
0.1428114581
0.1307036623
0.1184970726
0.1062000329
0.09382095597
0.0813683174
0.06885064985
0.0562765371
0.04365460817
0.03099353129
0.01830200798
0.005588766985
-0.007137441778
-0.01986785326
-0.03259369339
-0.04530618512
-0.05799655457
-0.07065603711
-0.08327588343
-0.09584736566
-0.1083617835
-0.12081047
-0.1331847981
-0.1454761863
-0.1576761046
-0.1697760807
-0.1817677057
-0.1936426402
-0.20539262
-0.2170094619
-0.2284850693
-0.2398114384
-0.2509806631
-0.261984941
-0.2728165789
-0.2834679979
-0.2939317391
-0.3042004685
-0.3142669826
-0.3241242131
-0.333765232
-0.3431832566
-0.3523716541
-0.3613239467
-0.3700338155
-0.3784951058
-0.3867018309
-0.3946481765
-0.4023285048
-0.4097373587
-0.4168694657
-0.4237197413
-0.430283293
-0.4365554236
-0.442531635
-0.4482076306
-0.4535793194
-0.4586428181
-0.4633944546
-0.4678307699
-0.4719485216
-0.4757446853
-0.4792164575
-0.4823612574
-0.4851767287
-0.4876607419
-0.4898113949
-0.4916270156
-0.4931061624
-0.4942476256
-0.4950504282
-0.4955138271
-0.4956373132
-0.4954206124
-0.4948636854
-0.4939667284
-0.4927301726
-0.4911546842
-0.4892411644
-0.4869907483
-0.4844048045
-0.4814849344
-0.4782329712
-0.4746509784
-0.4707412489
-0.4665063033
-0.4619488883
-0.457071975
-0.4518787569
-0.4463726476
-0.4405572789
-0.434436498
-0.4280143655
-0.4212951518
-0.4142833353
-0.4069835985
-0.3994008253
-0.3915400978
-0.3834066923
-0.3750060765
-0.3663439053
-0.3574260169
-0.3482584293
-0.3388473358
-0.3291991008
-0.3193202558
-0.3092174947
-0.298897669
-0.2883677837
-0.2776349921
-0.2667065908
-0.2555900153
-0.244292834
-0.232822744
-0.2211875651
-0.2093952346
-0.1974538022
-0.185371424
-0.173156357
-0.1608169536
-0.1483616559
-0.1357989895
-0.123137558
-0.1103860368
-0.0975531674
-0.08464775117
-0.07167864327
-0.05865474663
-0.04558500573
-0.03247840045
-0.01934393988
-0.006190656002
0.00697240245
0.02013617633
0.03329160233
0.04642961924
0.05954117428
0.07261722931
0.08564876715
0.09862679781
0.1115423647
0.1243865511
0.1371504857
0.1498253496
0.162402382
0.1748728861
0.1872282356
0.1994598803
0.2115593525
0.2235182723
0.2353283541
0.2469814118
0.2584693648
0.2697842436
0.2809181955
0.2918634895
0.3026125226
0.3131578242
0.3234920622
0.3336080473
0.3434987385
0.3531572479
0.3625768458
0.3717509648
0.3806732049
0.3893373379
0.3977373117
0.4058672545
0.4137214791
0.4212944867
0.4285809708
0.4355758212
0.442274127
0.4486711809
0.4547624819
0.4605437384
0.4660108718
0.4711600189
0.4759875351
0.4804899962
0.4846642018
0.4885071768
0.492016174
0.495188676
0.4980223966
0.5005152831
0.5026655173
0.5044715169
0.5059319369
0.5070456703
0.5078118492
0.5082298452
0.5082992702
0.5080199762
0.5073920564
0.506415844
0.5050919132
0.5034210779
0.501404392
0.4990431481
0.496338877
0.4932933467
0.4899085609
0.4861867582
0.4821304103
0.4777422203
0.473025121
0.4679822729
0.4626170621
0.4569330979
0.4509342104
0.4446244482
0.438008075
0.4310895672
0.423873611
0.4163650985
0.4085691252
0.4004909858
0.3921361709
0.3835103636
0.3746194348
0.3654694399
0.3560666143
0.3464173692
0.3365282872
0.3264061177
0.3160577724
0.3054903206
0.2947109842
0.2837271326
0.272546278
0.26117607
0.2496242903
0.2378988474
0.2260077713
0.2139592078
0.2017614127
0.1894227467
0.176951669
0.1643567318
0.1516465744
0.1388299172
0.1259155554
0.1129123536
0.09982923898
0.08667519552
0.07345925772
0.06019050433
0.0468780521
0.0335310495
0.02015867033
0.006770107493
-0.006625433471
-0.02001874068
-0.0334006023
-0.04676181292
-0.06009317989
-0.07338552972
-0.0866297144
-0.09981661772
-0.1129371616
-0.1259823124
-0.138943087
-0.1518105593
-0.1645758662
-0.1772302138
-0.1897648833
-0.2021712375
-0.2144407263
-0.2265648929
-0.2385353794
-0.250343933
-0.2619824113
-0.2734427881
-0.2847171592
-0.2957977474
-0.3066769083
-0.3173471353
-0.3278010651
-0.3380314826
-0.3480313259
-0.3577936913
-0.367311838
-0.3765791929
-0.3855893549
-0.3943360998
-0.4028133839
-0.411015349
-0.418936326
-0.4265708387
-0.4339136083
-0.440959556
-0.4477038075
-0.454141696
-0.4602687653
-0.4660807731
-0.4715736938
-0.4767437215
-0.4815872725
-0.4861009878
-0.4902817354
-0.4941266128
-0.4976329484
-0.500798304
-0.503620476
-0.5060974974
-0.5082276387
-0.5100094094
-0.5114415592
-0.5125230783
-0.5132531988
-0.5136313947
-0.5136573826
-0.5133311217
-0.5126528141
-0.5116229043
-0.5102420793
-0.5085112679
-0.5064316401
-0.5040046062
-0.5012318161
-0.4981151582
-0.4946567574
-0.4908589748
-0.4867244049
-0.4822558748
-0.4774564414
-0.4723293901
-0.4668782319
-0.4611067014
-0.4550187537
-0.4486185625
-0.4419105165
-0.4348992165
-0.4275894727
-0.4199863006
-0.4120949184
-0.4039207426
-0.3954693849
-0.3867466478
-0.3777585211
-0.3685111773
-0.3590109678
-0.349264418
-0.3392782231
-0.3290592437
-0.3186145006
-0.30795117
-0.297076579
-0.2859982002
-0.2747236462
-0.2632606653
-0.251617135
-0.2398010577
-0.227820554
-0.2156838582
-0.2033993117
-0.1909753581
-0.1784205364
-0.1657434761
-0.1529528904
-0.1400575707
-0.1270663803
-0.1139882485
-0.1008321641
-0.08760716949
-0.07432235424
-0.06098684892
-0.04760981872
-0.03420045718
-0.02076797981
-0.007321617734
0.006129388661
0.01957579613
0.03300836495
0.04641786525
0.05979508346
0.07313082861
0.08641593866
0.0996412869
0.1127977881
0.1258764051
0.1388681545
0.1517641134
0.1645554253
0.1772333061
0.1897890504
0.2022140375
0.214499737
0.2266377151
0.2386196402
0.2504372885
0.2620825502
0.2735474344
0.284824075
0.2959047361
0.3067818174
0.317447859
0.3278955472
0.338117719
0.3481073671
0.357857645
0.3673618716
0.3766135355
0.3856062999
0.3943340067
0.4027906809
0.4109705344
0.4188679705
0.426477587
0.4337941808
0.4408127505
0.4475285009
0.4539368452
0.460033409
0.4658140328
0.471274775
0.4764119147
0.4812219542
0.485701621
0.4898478706
0.4936578885
0.4971290916
0.5002591305
0.5030458909
0.505487495
0.5075823028
0.5093289132
0.5107261649
0.5117731372
0.5124691508
0.5128137678
0.5128067922
0.5124482704
0.5117384903
0.5106779819
0.5092675162
0.5075081053
0.5054010011
0.5029476947
0.5001499153
0.497009629
0.4935290373
0.4897105757
0.4855569117
0.4810709432
0.4762557967
0.4711148244
0.4656516024
0.4598699281
0.4537738175
0.4473675024
0.4406554274
0.433642247
0.4263328219
0.4187322164
0.4108456939
0.4026787142
0.3942369289
0.385526178
0.3765524856
0.3673220558
0.3578412684
0.3481166744
0.3381549914
0.3279630993
0.3175480351
0.3069169881
0.2960772951
0.2850364353
0.2738020249
0.2623818121
0.2507836714
0.2390155985
0.2270857047
0.215002211
0.2027734426
0.1904078233
0.1779138697
0.1653001849
0.1525754524
0.1397484305
0.1268279476
0.1138228944
0.1007422174
0.08759491313
0.07439002149
0.06113662076
0.0478438217
0.03452076127
0.02117659572
0.007820506152
-0.005538319806
-0.01889072557
-0.03222759222
-0.04553981504
-0.05881830481
-0.0720539975
-0.08523786511
-0.09836093011
-0.111414263
-0.1243889847
-0.1372762559
-0.1500672652
-0.1627532691
-0.1753256159
-0.1877757382
-0.2000951532
-0.21227547
-0.2243084002
-0.2361857547
-0.2478994434
-0.2594414893
-0.2708040279
-0.281979322
-0.2929597795
-0.3037379383
-0.3143064607
-0.3246581563
-0.3347859921
-0.3446830872
-0.354342716
-0.3637583166
-0.3729234952
-0.3818320303
-0.3904778756
-0.3988551652
-0.4069582174
-0.4147815383
-0.4223198258
-0.4295679727
-0.4365210708
-0.4431744138
-0.4495235005
-0.455564038
-0.4612919444
-0.4667033519
-0.4717946087
-0.4765622825
-0.4810031617
-0.4851142583
-0.4888928098
-0.4923362808
-0.4954423649
-0.498208986
-0.5006343002
-0.5027166964
-0.5044547978
-0.5058474627
-0.5068937851
-0.5075930954
-0.5079449609
-0.5079491861
-0.5076058126
-0.506915119
-0.5058776211
-0.5044940711
-0.5027654572
-0.500693003
-0.4982781666
-0.4955226393
-0.4924283449
-0.4889974379
-0.4852323025
-0.4811355504
-0.4767100195
-0.4719587716
-0.4668850904
-0.4614924793
-0.4557846588
-0.4497655644
-0.4434393433
-0.4368103519
-0.4298831527
-0.4226625114
-0.4151533932
-0.4073609599
-0.3992905659
-0.3909477549
-0.3823382559
-0.3734679793
-0.3643430128
-0.3549696176
-0.3453542236
-0.3355034253
-0.3254239774
-0.3151227897
-0.304606923
-0.2938835839
-0.2829601199
-0.2718440144
-0.2605428817
-0.2490644618
-0.237416615
-0.2256073164
-0.2136446508
-0.201536807
-0.1892920723
-0.1769188266
-0.164425537
-0.1518207517
-0.1391130946
-0.126311259
-0.1134240019
-0.1004601379
-0.0874285332
-0.07433809977
-0.061197789
-0.04801658573
-0.03480350207
-0.02156757131
-0.00831784173
0.004936629579
0.01818678286
0.0314235619
0.04463792015
0.05782082696
0.07096327367
0.08405627981
0.09709089915
0.1100582259
0.1229494006
0.1357556164
0.1484681248
0.161078242
0.1735773542
0.1859569241
0.1982084963
0.2103237033
0.2222942711
0.2341120249
0.2457688944
0.2572569197
0.2685682566
0.2796951817
0.2906300978
0.3013655395
0.3118941774
0.322208824
0.3323024379
0.3421681291
0.3517991634
0.3611889671
0.3703311314
0.3792194167
0.3878477573
0.3962102648
0.4043012328
0.4121151404
0.4196466559
0.4268906409
0.4338421532
0.4404964505
0.4468489938
0.4528954499
0.458631695
0.4640538172
0.4691581191
0.4739411204
0.4783995605
0.4825304002
0.4863308242
0.489798243
0.4929302944
0.4957248454
0.4981799933
0.5002940675
0.50206563
0.5034934771
0.5045766396
0.5053143837
0.5057062116
0.5057518618
0.5054513091
0.5048047647
0.5038126761
0.5024757271
0.5007948365
0.4987711584
0.4964060809
0.4937012251
0.4906584443
0.4872798226
0.4835676734
0.479524538
0.4751531836
0.4704566017
0.4654380058
0.4601008295
0.454448724
0.4484855554
0.4422154025
0.4356425537
0.4287715041
0.4216069528
0.414153799
0.4064171394
0.3984022641
0.3901146536
0.3815599745
0.3727440759
0.3636729856
0.3543529055
0.3447902079
0.3349914308
0.3249632734
0.3147125921
0.3042463949
0.2935718376
0.2826962181
0.2716269719
0.2603716669
0.2489379983
0.2373337833
0.2255669555
0.2136455601
0.2015777478
0.1893717697
0.1770359713
0.1645787871
0.1520087347
0.1393344089
0.1265644762
0.1137076683
0.1007727768
0.08776864665
0.07470417049
0.06158828236
0.04842995171
0.03523817724
0.02202198075
0.008790401034
-0.004447512356
-0.01768270524
-0.03090612501
-0.04410872681
-0.05728147971
-0.07041537285
-0.08350142164
-0.09653067384
-0.1094942157
-0.1223831781
-0.1351887425
-0.1479021471
-0.1605146925
-0.1730177482
-0.185402758
-0.1976612461
-0.2097848227
-0.22176519
-0.2335941477
-0.2452635985
-0.2567655538
-0.2680921393
-0.2792355999
-0.2901883056
-0.3009427562
-0.3114915867
-0.3218275725
-0.3319436337
-0.3418328408
-0.3514884188
-0.3609037521
-0.3700723888
-0.3789880456
-0.3876446116
-0.3960361527
-0.4041569156
-0.4120013318
-0.4195640216
-0.4268397972
-0.4338236669
-0.4405108381
-0.446896721
-0.4529769313
-0.4587472933
-0.464203843
-0.4693428307
-0.4741607235
-0.4786542079
-0.4828201917
-0.4866558068
-0.4901584104
-0.4933255874
-0.4961551517
-0.498645148
-0.5007938531
-0.5025997767
-0.504061663
-0.5051784912
-0.5059494765
-0.5063740704
-0.506451961
-0.5061830736
-0.5055675707
-0.5046058514
-0.503298552
-0.5016465448
-0.499650938
-0.4973130746
-0.4946345319
-0.4916171202
-0.4882628815
-0.4845740885
-0.4805532427
-0.4762030726
-0.4715265324
-0.4665267994
-0.4612072725
-0.4555715691
-0.4496235234
-0.4433671831
-0.4368068075
-0.4299468638
-0.4227920243
-0.4153471637
-0.407617355
-0.3996078667
-0.3913241589
-0.3827718796
-0.3739568611
-0.3648851156
-0.3555628314
-0.3459963689
-0.3361922556
-0.3261571823
-0.3158979983
-0.3054217067
-0.2947354597
-0.2838465535
-0.2727624238
-0.2614906403
-0.2500389016
-0.2384150302
-0.2266269668
-0.2146827654
-0.2025905873
-0.1903586955
-0.1779954497
-0.1655093
-0.1529087811
-0.1402025071
-0.1273991649
-0.1145075087
-0.1015363538
-0.0884945708
-0.07539107931
-0.06223484203
-0.04903485855
-0.03580015922
-0.02253979897
-0.009262851131
0.004021598782
0.01730445925
0.030576639
0.04382905317
0.0570526296
0.07023831494
0.08337708092
0.0964599305
0.109477904
0.1224220852
0.1352836076
0.1480536604
0.1607234943
0.1732844278
0.1857278532
0.1980452422
0.2102281517
0.22226823
0.2341572223
0.2458869761
0.2574494472
0.2688367049
0.2800409377
0.2910544585
0.3018697097
0.3124792688
0.3228758532
0.3330523251
0.3430016967
0.352717135
0.3621919659
0.3714196797
0.3803939348
0.3891085625
0.3975575708
0.4057351492
0.4136356721
0.4212537028
0.4285839975
0.4356215085
0.442361388
0.4487989913
0.4549298802
0.4607498255
0.4662548107
0.4714410341
0.476304912
0.4808430805
0.4850523986
0.4889299495
0.4924730437
0.4956792197
0.4985462467
0.5010721255
0.5032550902
0.5050936093
0.506586387
0.5077323637
0.5085307173
0.5089808632
0.5090824554
0.5088353859
0.5082397858
0.5072960244
0.5060047093
0.5043666863
0.5023830383
0.500055085
0.4973843819
0.4943727192
0.4910221206
0.4873348421
0.4833133703
0.478960421
0.474278937
0.4692720863
0.46394326
0.4582960701
0.4523343467
0.4460621358
0.4394836963
0.4326034973
0.4254262148
0.4179567288
0.4102001199
0.4021616659
0.393846838
0.3852612972
0.3764108908
0.3673016476
0.3579397748
0.3483316529
0.338483832
0.3284030268
0.3180961125
0.3075701199
0.2968322306
0.285889772
0.2747502126
0.2634211566
0.251910339
0.2402256201
0.2283749801
0.216366514
0.2042084257
0.1919090224
0.1794767095
0.1669199839
0.1542474291
0.1414677088
0.1285895613
0.1156217932
0.1025732735
0.08945292788
0.07626973207
0.06303270604
0.04975090773
0.03643342689
0.02308937882
0.00972789819
-0.003641867266
-0.01701076297
-0.03036963379
-0.04370933027
-0.05702071496
-0.07029466859
-0.08352209637
-0.09669393422
-0.1098011549
-0.1228347744
-0.1357858578
-0.1486455257
-0.1614049599
-0.1740554099
-0.1865881987
-0.1989947286
-0.2112664874
-0.2233950541
-0.2353721044
-0.247189417
-0.2588388786
-0.27031249
-0.2816023713
-0.2927007674
-0.3036000533
-0.3142927393
-0.3247714762
-0.3350290605
-0.345058439
-0.3548527138
-0.3644051474
-0.3737091667
-0.3827583681
-0.3915465213
-0.4000675744
-0.4083156572
-0.4162850859
-0.4239703667
-0.4313661996
-0.4384674823
-0.4452693133
-0.4517669957
-0.4579560402
-0.4638321682
-0.4693913149
-0.474629632
-0.4795434905
-0.4841294829
-0.4883844261
-0.492305363
-0.4958895649
-0.4991345336
-0.5020380025
-0.5045979388
-0.5068125449
-0.5086802589
-0.5101997568
-0.5113699527
-0.5121899998
-0.5126592908
-0.5127774589
-0.5125443775
-0.5119601606
-0.5110251627
-0.5097399785
-0.5081054429
-0.5061226298
-0.5037928521
-0.5011176604
-0.498098842
-0.4947384199
-0.4910386513
-0.4870020261
-0.4826312654
-0.4779293193
-0.4728993652
-0.4675448058
-0.4618692664
-0.4558765925
-0.4495708477
-0.4429563103
-0.4360374707
-0.4288190285
-0.4213058891
-0.4135031602
-0.4054161489
-0.3970503575
-0.3884114799
-0.3795053982
-0.370338178
-0.3609160646
-0.351245479
-0.3413330129
-0.331185425
-0.3208096355
-0.3102127222
-0.2994019153
-0.2883845922
-0.2771682731
-0.2657606153
-0.2541694084
-0.2424025686
-0.2304681336
-0.218374257
-0.2061292025
-0.1937413388
-0.1812191333
-0.1685711467
-0.155806027
-0.1429325035
-0.1299593813
-0.1168955344
-0.1037499005
-0.09053147434
-0.07724930195
-0.06391247407
-0.05053012017
-0.03711140214
-0.023665508
-0.01020164562
0.003270963548
0.01674309085
0.03020550671
0.04364898697
0.0570643192
0.07044230901
0.08377378637
0.09704961187
0.110260683
0.1233979404
0.1364523741
0.1494150296
0.1622770141
0.1750295026
0.187663744
0.2001710668
0.2125428855
0.2247707063
0.2368461329
0.2487608722
0.2605067401
0.2720756672
0.2834597042
0.2946510273
0.305641944
0.3164248979
0.3269924738
0.3373374036
0.3474525705
0.3573310142
0.3669659356
0.3763507017
0.3854788499
0.3943440928
0.4029403219
0.4112616126
0.4193022276
0.4270566214
0.4345194438
0.4416855436
0.4485499723
0.4551079875
0.4613550559
0.4672868571
0.4728992857
0.4781884548
0.4831506986
0.4877825746
0.4920808665
0.4960425858
0.4996649746
0.502945507
0.5058818909
0.5084720699
0.5107142246
0.5126067736
0.5141483752
0.5153379277
0.5161745707
0.5166576855
0.5167868954
0.5165620664
0.5159833071
0.5150509684
0.5137656438
0.5121281686
0.5101396197
0.5078013146
0.5051148107
0.5020819043
0.498704629
0.4949852552
0.4909262874
0.4865304638
0.4818007533
0.4767403543
0.471352692
0.4656414165
0.4596104001
0.4532637348
0.4466057292
0.4396409062
0.4323739992
0.4248099495
0.4169539025
0.4088112044
0.4003873986
0.3916882219
0.3827196005
0.373487646
0.3639986513
0.3542590863
0.3442755933
0.3340549828
0.3236042286
0.3129304632
0.3020409726
0.290943192
0.2796446999
0.2681532135
0.2564765833
0.2446227876
0.2325999271
0.2204162195
0.2080799937
0.1955996843
0.1829838256
0.1702410458
0.1573800614
0.1444096709
0.1313387489
0.1181762399
0.1049311525
0.09161255291
0.07822955883
0.0647913333
0.05130707833
0.03778602863
0.02423744529
0.01067060939
-0.002905184304
-0.01648063374
-0.03004643594
-0.04359329341
-0.05711192049
-0.0705930497
-0.08402743815
-0.09740587384
-0.110719182
-0.1239582313
-0.1371139404
-0.1501772837
-0.1631392979
-0.1759910883
-0.1887238343
-0.201328796
-0.2137973201
-0.2261208457
-0.2382909101
-0.2502991551
-0.2621373321
-0.2737973083
-0.2852710718
-0.2965507377
-0.307628553
-0.3184969021
-0.3291483123
-0.3395754585
-0.3497711684
-0.3597284278
-0.3694403848
-0.3789003549
-0.3881018257
-0.3970384611
-0.4057041058
-0.4140927894
-0.422198731
-0.4300163425
-0.4375402329
-0.444765212
-0.4516862938
-0.4582987
-0.4645978634
-0.4705794311
-0.4762392672
-0.481573456
-0.4865783045
-0.4912503451
-0.4955863379
-0.4995832731
-0.5032383729
-0.5065490934
-0.5095131266
-0.512128402
-0.5143930878
-0.5163055923
-0.5178645653
-0.5190688984
-0.5199177265
-0.520410428
-0.5205466254
-0.5203261856
-0.5197492198
-0.5188160839
-0.5175273777
-0.515883945
-0.5138868729
-0.511537491
-0.5088373707
-0.5057883237
-0.5023924014
-0.4986518932
-0.4945693249
-0.4901474571
-0.4853892834
-0.4802980282
-0.4748771446
-0.4691303121
-0.4630614341
-0.4566746351
-0.4499742582
-0.4429648616
-0.4356512163
-0.4280383022
-0.4201313047
-0.4119356117
-0.4034568095
-0.394700679
-0.385673192
-0.3763805069
-0.3668289646
-0.3570250842
-0.3469755583
-0.3366872488
-0.3261671821
-0.315422544
-0.3044606753
-0.2932890663
-0.2819153519
-0.2703473065
-0.2585928385
-0.2466599849
-0.2345569058
-0.222291879
-0.209873294
-0.1973096467
-0.1846095332
-0.1717816439
-0.158834758
-0.145777737
-0.1326195188
-0.1193691118
-0.1060355883
-0.0926280787
-0.07915576484
-0.06562787411
-0.05205367285
-0.03844246013
-0.02480356132
-0.01114632169
0.002519899942
0.01618573769
0.02984182498
0.04347880099
0.05708731709
0.07065804321
0.08418167429
0.09764893662
0.1110505942
0.1243774553
0.1376203782
0.1507702782
0.1638181333
0.1767549906
0.1895719725
0.2022602828
0.2148112125
0.227216146
0.2394665672
0.2515540647
0.2634703384
0.2752072047
0.286756602
0.298110597
0.309261389
0.3202013163
0.330922861
0.3414186542
0.3516814811
0.3617042859
0.3714801769
0.3810024308
0.3902644978
0.3992600058
0.407982765
0.4164267719
0.4245862137
0.4324554722
0.4400291274
0.447301962
0.454268964
0.4609253309
0.4672664727
0.4732880152
0.478985803
0.484355902
0.4893946029
0.494098423
0.498464109
0.5024886391
0.5061692254
0.5095033153
0.5124885937
0.5151229845
0.5174046521
0.5193320024
0.5209036842
0.5221185901
0.5229758573
0.5234748681
0.5236152503
0.5233968777
0.5228198702
0.5218845933
0.5205916585
0.5189419225
0.5169364868
0.5145766967
0.5118641407
0.5088006495
0.5053882944
0.501629386
0.4975264731
0.4930823401
0.488300006
0.4831827219
0.4777339686
0.4719574547
0.4658571138
0.4594371018
0.4527017943
0.4456557833
0.4383038742
0.4306510826
0.4227026309
0.4144639446
0.4059406484
0.3971385631
0.3880637007
0.3787222608
0.3691206264
0.3592653593
0.3491631958
0.338821042
0.328245969
0.3174452083
0.3064261466
0.2951963208
0.2837634131
0.2721352453
0.2603197739
0.2483250841
0.2361593849
0.2238310031
0.2113483775
0.1987200535
0.1859546769
0.1730609881
0.1600478162
0.1469240727
0.1336987458
0.1203808938
0.1069796391
0.09350416207
0.07996369446
0.0663675133
0.05272493447
0.03904530628
0.02533800311
0.01161241897
-0.002122038985
-0.01585595685
-0.0295799205
-0.04328452206
-0.05696036634
-0.07059807727
-0.08418830439
-0.0977217292
-0.1111890716
-0.1245810963
-0.137888619
-0.1511025129
-0.1642137148
-0.1772132314
-0.1900921454
-0.2028416216
-0.2154529132
-0.2279173675
-0.2402264321
-0.2523716606
-0.2643447184
-0.2761373886
-0.2877415774
-0.2991493198
-0.3103527852
-0.3213442823
-0.332116265
-0.3426613372
-0.3529722579
-0.3630419464
-0.3728634869
-0.3824301334
-0.3917353143
-0.4007726369
-0.4095358918
-0.4180190572
-0.4262163031
-0.4341219951
-0.4417306985
-0.4490371818
-0.4560364206
-0.4627236007
-0.469094122
-0.4751436007
-0.4808678734
-0.4862629992
-0.4913252626
-0.4960511764
-0.5004374836
-0.5044811599
-0.5081794159
-0.5115296987
-0.5145296939
-0.5171773274
-0.5194707661
-0.52140842
-0.5229889429
-0.5242112332
-0.5250744351
-0.5255779388
-0.5257213811
-0.5255046455
-0.5249278627
-0.5239914101
-0.5226959117
-0.5210422376
-0.5190315037
-0.5166650705
-0.5139445426
-0.5108717674
-0.5074488338
-0.5036780709
-0.4995620464
-0.4951035647
-0.4903056652
-0.4851716201
-0.4797049322
-0.4739093324
-0.4677887773
-0.4613474466
-0.4545897399
-0.4475202739
-0.4401438793
-0.4324655974
-0.4244906765
-0.4162245688
-0.4076729261
-0.3988415962
-0.389736619
-0.3803642221
-0.3707308169
-0.3608429937
-0.3507075176
-0.340331324
-0.3297215131
-0.3188853459
-0.3078302388
-0.2965637586
-0.2850936171
-0.2734276663
-0.2615738926
-0.2495404115
-0.2373354618
-0.2249674006
-0.2124446968
-0.1997759256
-0.186969763
-0.1740349792
-0.1609804329
-0.1478150656
-0.1345478946
-0.1211880076
-0.1077445563
-0.09422674978
-0.08064384861
-0.06700515824
-0.05332002272
-0.03959781832
-0.02584794701
-0.01207983011
0.001697098234
0.01547339747
0.02923962716
0.0429863534
0.05670415535
0.07038363162
0.0840154068
0.0975901378
0.1110985203
0.1245312952
0.1378792549
0.1511332494
0.1642841931
0.1773230705
0.1902409427
0.2030289533
0.215678335
0.2281804146
0.2405266202
0.2527084859
0.2647176586
0.276545903
0.2881851077
0.2996272905
0.3108646039
0.3218893409
0.3326939395
0.3432709887
0.3536132329
0.3637135776
0.3735650935
0.3831610217
0.3924947784
0.4015599592
0.4103503436
0.4188598991
0.4270827857
0.4350133595
0.442646177
0.4499759983
0.4569977912
0.4637067345
0.4700982211
0.4761678615
0.4819114864
0.4873251502
0.4924051329
0.4971479434
0.5015503214
0.5056092398
0.509321907
0.5126857683
0.5156985084
0.5183580521
0.5206625665
0.5226104619
0.524200393
0.5254312596
0.5263022077
0.5268126299
0.5269621659
0.5267507027
0.5261783746
0.5252455634
0.5239528977
0.5223012528
0.5202917504
0.5179257569
0.5152048834
0.5121309841
0.5087061554
0.5049327339
0.5008132955
0.4963506531
0.4915478548
0.486408182
0.4809351472
0.4751324911
0.4690041805
0.4625544058
0.4557875772
0.4487083229
0.4413214848
0.433632116
0.425645477
0.4173670321
0.4088024458
0.3999575786
0.3908384834
0.3814514012
0.3718027566
0.3618991539
0.351747372
0.34135436
0.3307272328
0.3198732657
0.3087998895
0.2975146856
0.286025381
0.2743398423
0.2624660712
0.2504121981
0.2381864775
0.2257972815
0.2132530945
0.2005625074
0.1877342115
0.1747769927
0.1616997254
0.1485113667
0.1352209496
0.1218375776
0.1083704179
0.09482869554
0.08122168658
0.06755871219
0.05384913206
0.04010233801
0.02632774757
0.01253479754
-0.001267062514
-0.01506837672
-0.02885968936
-0.04263155137
-0.05637452683
-0.07007919939
-0.08373617875
-0.09733610711
-0.1108696655
-0.1243275804
-0.1377006297
-0.1509796494
-0.1641555396
-0.1772192712
-0.1901618913
-0.2029745302
-0.2156484068
-0.2281748351
-0.2405452299
-0.2527511127
-0.2647841175
-0.2766359967
-0.2882986266
-0.2997640131
-0.3110242968
-0.322071759
-0.3328988265
-0.3434980771
-0.3538622443
-0.3639842228
-0.3738570729
-0.3834740256
-0.3928284871
-0.4019140433
-0.4107244641
-0.419253708
-0.4274959259
-0.4354454653
-0.4430968742
-0.4504449045
-0.4574845162
-0.4642108804
-0.4706193826
-0.4767056262
-0.4824654352
-0.4878948572
-0.4929901661
-0.4977478647
-0.502164687
-0.5062376005
-0.5099638082
-0.5133407509
-0.5163661081
-0.5190378008
-0.5213539917
-0.5233130875
-0.5249137391
-0.5261548434
-0.5270355432
-0.5275552286
-0.5277135367
-0.5275103525
-0.5269458084
-0.5260202846
-0.5247344083
-0.5230890541
-0.5210853425
-0.5187246396
-0.5160085563
-0.5129389469
-0.5095179078
-0.5057477765
-0.5016311295
-0.4971707807
-0.4923697798
-0.4872314097
-0.4817591846
-0.4759568474
-0.4698283673
-0.4633779371
-0.45660997
-0.4495290971
-0.4421401637
-0.4344482265
-0.4264585496
-0.4181766014
-0.4096080505
-0.400758762
-0.3916347934
-0.3822423905
-0.3725879831
-0.3626781806
-0.3525197675
-0.3421196988
-0.3314850951
-0.3206232376
-0.3095415637
-0.2982476613
-0.2867492637
-0.2750542447
-0.2631706126
-0.2511065055
-0.2388701848
-0.2264700302
-0.2139145339
-0.2012122945
-0.1883720114
-0.1754024784
-0.1623125784
-0.1491112766
-0.1358076148
-0.122410705
-0.1089297233
-0.09537390351
-0.08175253075
-0.0680749353
-0.05435048609
-0.04058858427
-0.02679865679
-0.01299014995
0.0008274770785
0.01464475873
0.02845222955
0.04224043062
0.05599991614
0.06972125979
0.08339506126
0.09701195267
0.110562605
0.1240377344
0.1374281087
0.1507245537
0.1639179592
0.1769992858
0.1899595703
0.2027899327
0.2154815816
0.2280258207
0.2404140544
0.252637794
0.2646886632
0.276558404
0.2882388826
0.2997220944
0.3110001702
0.3220653809
0.3329101432
0.3435270248
0.3539087494
0.3640482015
0.3739384317
0.3835726611
0.3929442861
0.4020468829
0.4108742119
0.4194202221
0.4276790549
0.4356450485
0.4433127417
0.4506768774
0.4577324064
0.464474491
0.470898508
0.477000052
0.4827749387
0.4882192071
0.493329123
0.4981011811
0.5025321073
0.5066188614
0.5103586388
0.5137488726
0.5167872353
0.5194716404
0.5218002437
0.5237714451
0.5253838889
0.5266364654
0.5275283113
0.5280588104
0.528227594
0.5280345414
0.5274797794
0.5265636829
0.5252868742
0.5236502227
0.5216548444
0.5193021008
0.5165935986
0.513531188
0.5101169616
0.5063532533
0.5022426361
0.497787921
0.4929921545
0.4878586169
0.4823908199
0.4765925043
0.4704676372
0.4640204096
0.4572552332
0.4501767378
0.4427897678
0.4350993788
0.4271108346
0.4188296032
0.4102613531
0.4014119496
0.3922874506
0.3828941025
0.373238336
0.3633267618
0.3531661657
0.3427635042
0.3321258998
0.321260636
0.3101751524
0.2988770395
0.2873740335
0.2756740112
0.2637849844
0.2517150944
0.2394726067
0.227065905
0.2145034855
0.2017939514
0.1889460067
0.1759684504
0.1628701702
0.1496601369
0.1363473978
0.1229410707
0.1094503377
0.09588443865
0.08225266528
0.06856435443
0.0548288818
0.04105565555
0.02725410982
0.01343369829
-0.0003961123266
-0.01422584874
-0.02804603757
-0.04184721186
-0.05561991754
-0.06935471992
-0.08304221014
-0.09667301161
-0.1102377865
-0.1237272419
-0.1371321366
-0.1504432871
-0.1636515739
-0.176747948
-0.1897234368
-0.2025691503
-0.2152762876
-0.2278361423
-0.2402401088
-0.2524796884
-0.2645464945
-0.2764322592
-0.2881288381
-0.2996282164
-0.3109225143
-0.3220039925
-0.3328650571
-0.3434982653
-0.3538963302
-0.3640521258
-0.373958692
-0.3836092394
-0.3929971537
-0.4021160007
-0.4109595302
-0.4195216805
-0.4277965825
-0.4357785641
-0.4434621534
-0.450842083
-0.4579132934
-0.4646709365
-0.471110379
-0.4772272053
-0.4830172208
-0.4884764549
-0.4936011633
-0.4983878309
-0.502833174
-0.5069341427
-0.5106879231
-0.5140919388
-0.5171438533
-0.5198415708
-0.5221832385
-0.5241672472
-0.5257922329
-0.5270570772
-0.5279609087
-0.5285031031
-0.5286832838
-0.5285013221
-0.5279573376
-0.5270516976
-0.5257850174
-0.5241581594
-0.5221722328
-0.5198285928
-0.5171288397
-0.5140748176
-0.5106686133
-0.506912555
-0.5028092106
-0.4983613858
-0.4935721222
-0.4884446956
-0.4829826132
-0.4771896118
-0.4710696546
-0.464626929
-0.4578658436
-0.4507910249
-0.4434073145
-0.4357197658
-0.4277336402
-0.4194544036
-0.4108877232
-0.4020394626
-0.3929156787
-0.3835226173
-0.3738667084
-0.3639545624
-0.3537929652
-0.3433888738
-0.3327494112
-0.3218818619
-0.3107936667
-0.2994924175
-0.2879858524
-0.2762818503
-0.2643884254
-0.2523137215
-0.2400660071
-0.2276536692
-0.2150852075
-0.202369229
-0.1895144417
-0.1765296489
-0.1634237431
-0.1502056999
-0.1368845717
-0.1234694817
-0.1099696178
-0.09639422574
-0.08275260348
-0.06905409429
-0.05530808057
-0.04152397743
-0.02771122618
-0.01387928792
-3.763702539e-05
0.01380424535
0.02763687774
0.04145078487
0.05523650415
0.06898459218
0.08268563116
0.0963302354
0.1099090577
0.1234127958
0.1368321988
0.1501580733
0.1633812898
0.1764927892
0.1894835886
0.2023447877
0.2150675748
0.2276432328
0.2400631456
0.2523188032
0.2644018083
0.2763038815
0.2880168674
0.2995327399
0.3108436078
0.3219417202
0.3328194719
0.3434694084
0.3538842312
0.3640568027
0.3739801511
0.3836474753
0.3930521495
0.4021877275
0.4110479474
0.419626736
0.4279182126
0.4359166931
0.4436166943
0.4510129372
0.4581003508
0.4648740755
0.4713294665
0.4774620972
0.4832677618
0.4887424783
0.4938824916
0.4986842755
0.5031445358
0.5072602119
0.5110284792
0.5144467511
0.5175126807
0.5202241623
0.5225793331
0.5245765742
0.526214512
0.5274920189
0.528408214
0.5289624642
0.5291543841
0.5289838365
0.5284509325
0.5275560315
0.5262997407
0.5246829149
0.522706656
0.5203723119
0.5176814759
0.5146359857
0.5112379216
0.5074896057
0.5033935999
0.4989527044
0.4941699557
0.4890486244
0.4835922132
0.4778044541
0.4716893066
0.465250954
0.4584938014
0.4514224723
0.4440418053
0.4363568512
0.428372869
0.420095323
0.4115298783
0.4026823976
0.3935589366
0.3841657404
0.3745092388
0.3645960421
0.3544329366
0.3440268797
0.3333849956
0.3225145699
0.311423045
0.300118015
0.2886072199
0.2768985414
0.2649999964
0.2529197321
0.2406660205
0.2282472522
0.2156719313
0.2029486692
0.1900861787
0.1770932681
0.1639788353
0.1507518614
0.137421405
0.1239965956
0.1104866273
0.09690075301
0.08324827754
0.0695385516
0.05578096521
0.04198494138
0.02815992956
0.01431539923
0.0004608334154
-0.01339427785
-0.027240444
-0.04106818042
-0.05486801496
-0.06863049446
-0.08234619113
-0.09600570912
-0.1095996909
-0.1231188236
-0.1365538455
-0.1498955525
-0.163134804
-0.1762625296
-0.189269735
-0.2021475084
-0.2148870266
-0.2274795608
-0.2399164828
-0.2521892707
-0.2642895151
-0.2762089246
-0.2879393314
-0.2994726972
-0.3108011183
-0.3219168315
-0.332812219
-0.3434798139
-0.353912305
-0.3641025424
-0.3740435415
-0.3837284888
-0.3931507458
-0.4023038539
-0.4111815387
-0.4197777144
-0.4280864879
-0.4361021628
-0.4438192436
-0.451232439
-0.4583366658
-0.4651270525
-0.4715989422
-0.4777478965
-0.4835696978
-0.4890603525
-0.4942160941
-0.4990333851
-0.5035089198
-0.5076396268
-0.5114226707
-0.514855454
-0.5179356194
-0.5206610509
-0.5230298755
-0.5250404645
-0.5266914344
-0.5279816482
-0.5289102158
-0.529476495
-0.5296800916
-0.5295208599
-0.5289989027
-0.5281145713
-0.5268684652
-0.5252614318
-0.5232945655
-0.5209692074
-0.5182869443
-0.5152496072
-0.5118592706
-0.5081182508
-0.5040291041
-0.4995946257
-0.4948178472
-0.4897020346
-0.4842506864
-0.478467531
-0.4723565239
-0.4659218456
-0.4591678981
-0.4520993022
-0.4447208946
-0.4370377239
-0.4290550478
-0.4207783293
-0.4122132327
-0.40336562
-0.3942415469
-0.3848472586
-0.3751891855
-0.3652739386
-0.3551083054
-0.344699245
-0.3340538833
-0.3231795083
-0.3120835649
-0.3007736499
-0.2892575068
-0.2775430207
-0.2656382124
-0.2535512334
-0.2412903601
-0.2288639882
-0.2162806268
-0.2035488928
-0.1906775048
-0.1776752774
-0.1645511146
-0.1513140046
-0.1379730126
-0.1245372756
-0.1110159953
-0.09741843243
-0.0837538999
-0.07003175681
-0.05626140186
-0.04245226694
-0.02861381066
-0.0147555119
-0.0008868632878
0.01298263527
0.02684348314
0.04068618541
0.05450125947
0.06827924143
0.08201069266
0.09568620621
0.1092964133
0.1228319897
0.1362836622
0.1496422149
0.1628984952
0.176043421
0.1890679857
0.2019632654
0.2147204244
0.2273307216
0.2397855162
0.2520762739
0.2641945724
0.2761321076
0.2878806989
0.2994322953
0.3107789802
0.3219129774
0.3328266563
0.3435125371
0.3539632957
0.3641717691
0.3741309602
0.3838340423
0.3932743643
0.4024454548
0.4113410267
0.4199549815
0.4282814137
0.4363146144
0.4440490757
0.451479494
0.4586007739
0.465408032
0.4718965996
0.4780620262
0.4839000827
0.4894067643
0.4945782929
0.49941112
0.503901929
0.5080476376
0.5118453998
0.515292608
0.5183868946
0.5211261336
0.5235084424
0.5255321827
0.5271959619
0.5284986339
0.5294392999
0.5300173092
0.5302322593
0.5300839967
0.5295726165
0.5286984625
0.5274621271
0.5258644508
0.5239065216
0.5215896745
0.51891549
0.5158857939
0.5125026551
0.5087683849
0.5046855352
0.5002568965
0.4954854966
0.4903745979
0.4849276953
0.4791485142
0.4730410076
0.4666093535
0.4598579518
0.4527914219
0.4454145988
0.4377325304
0.4297504736
0.4214738911
0.4129084472
0.4040600044
0.394934619
0.3855385373
0.375878191
0.3659601929
0.3557913327
0.3453785717
0.3347290387
0.3238500246
0.3127489778
0.3014334988
0.2899113353
0.2781903765
0.2662786482
0.2541843066
0.2419156336
0.2294810304
0.2168890122
0.2041482019
0.1912673247
0.178255202
0.1651207449
0.1518729489
0.138520887
0.1250737038
0.1115406094
0.09793087275
0.08425381556
0.07051880578
0.05673525123
0.04291259315
0.02906029975
0.0151878597
0.001304775634
-0.01257944236
-0.02645528323
-0.04031324151
-0.05414382381
-0.06793755534
-0.08168498638
-0.09537669874
-0.1090033123
-0.1225554912
-0.1360239507
-0.149399463
-0.1626728639
-0.1758350589
-0.1888770297
-0.2017898402
-0.2145646423
-0.2271926826
-0.2396653081
-0.2519739719
-0.2641102395
-0.2760657942
-0.2878324429
-0.299402122
-0.3107669024
-0.3219189956
-0.3328507582
-0.343554698
-0.3540234786
-0.3642499246
-0.3742270263
-0.3839479449
-0.3934060169
-0.4025947589
-0.4115078716
-0.4201392446
-0.4284829604
-0.4365332985
-0.4442847391
-0.4517319672
-0.4588698761
-0.4656935709
-0.4721983718
-0.4783798175
-0.4842336682
-0.4897559081
-0.4949427488
-0.4997906316
-0.5042962299
-0.5084564514
-0.5122684405
-0.51572958
-0.5188374932
-0.521590045
-0.5239853441
-0.5260217436
-0.5276978426
-0.529012487
-0.5299647701
-0.5305540337
-0.5307798681
-0.5306421126
-0.5301408556
-0.5292764344
-0.5280494354
-0.5264606931
-0.5245112898
-0.5222025552
-0.5195360649
-0.5165136397
-0.5131373442
-0.5094094857
-0.5053326121
-0.5009095105
-0.4961432054
-0.4910369561
-0.4855942553
-0.4798188259
-0.473714619
-0.4672858108
-0.4605368
-0.453472205
-0.44609686
-0.4384158126
-0.4304343196
-0.4221578438
-0.4135920503
-0.4047428023
-0.3956161574
-0.3862183632
-0.3765558533
-0.3666352427
-0.3564633232
-0.3460470592
-0.3353935822
-0.3245101866
-0.3134043243
-0.3020835998
-0.2905557647
-0.278828713
-0.2669104748
-0.2548092119
-0.242533211
-0.2300908791
-0.217490737
-0.2047414139
-0.1918516413
-0.178830247
-0.1656861492
-0.1524283502
-0.1390659303
-0.1256080418
-0.1120639025
-0.09844278916
-0.08475403178
-0.07100700664
-0.05721113015
-0.0433758523
-0.02951065023
-0.01562502175
-0.001728478777
0.01216945913
0.02605927133
0.03993144256
0.05377646955
0.06758486743
0.08134717631
0.09505396773
0.1086958511
0.1222634802
0.1357475594
0.1491388503
0.162428178
0.1756064371
0.1886645983
0.2015937143
0.2143849263
0.2270294696
0.23951868
0.2518439995
0.2639969824
0.2759693006
0.28775275
0.2993392556
0.3107208772
0.321889815
0.3328384144
0.3435591721
0.3540447405
0.364287933
0.3742817291
0.3840192789
0.393493908
0.4026991221
0.4116286113
0.4202762543
0.4286361233
0.436702487
0.4444698154
0.4519327833
0.4590862738
0.4659253819
0.4724454181
0.4786419112
0.4845106118
0.4900474948
0.4952487625
0.5001108469
0.5046304127
0.5088043586
0.5126298206
0.516104173
0.5192250308
0.5219902511
0.5243979345
0.5264464267
0.5281343194
0.5294604511
0.5304239083
0.531024026
0.531260388
0.5311328273
0.5306414263
0.5297865164
0.5285686784
0.5269887414
0.5250477829
0.5227471274
0.5200883461
0.5170732554
0.513703916
0.5099826311
0.5059119452
0.5014946421
0.4967337431
0.491632505
0.4861944179
0.4804232023
0.4743228074
0.4678974079
0.4611514009
0.4540894035
0.4467162493
0.4390369851
0.4310568673
0.4227813588
0.4142161246
0.4053670285
0.3962401289
0.3868416742
0.3771780994
0.3672560208
0.3570822322
0.3466636998
0.3360075575
0.3251211022
0.3140117885
0.302687224
0.2911551636
0.2794235047
0.2675002814
0.2553936591
0.2431119292
0.2306635028
0.2180569055
0.2053007715
0.1924038373
0.1793749361
0.1662229917
0.1529570121
0.1395860836
0.1261193647
0.1125660795
0.09893551144
0.08523699712
0.07147991982
0.057673703
0.04382780395
0.02995170724
0.01605491825
0.002146956661
-0.01176265009
-0.02566437329
-0.03954868955
-0.05340608725
-0.06722707311
-0.08100217868
-0.09472196682
-0.1083770382
-0.1219580376
-0.1354556605
-0.1488606596
-0.1621638505
-0.1753561187
-0.1884284257
-0.2013718148
-0.2141774177
-0.2268364602
-0.2393402686
-0.2516802754
-0.2638480251
-0.2758351801
-0.2876335267
-0.2992349801
-0.3106315904
-0.3218155482
-0.3327791892
-0.3435150003
-0.3540156243
-0.364273865
-0.3742826922
-0.3840352466
-0.393524844
-0.4027449808
-0.4116893375
-0.4203517836
-0.4287263817
-0.4368073914
-0.4445892736
-0.4520666938
-0.4592345261
-0.4660878568
-0.4726219873
-0.4788324379
-0.4847149504
-0.4902654912
-0.4954802543
-0.5003556635
-0.504888375
-0.5090752799
-0.5129135061
-0.5164004202
-0.5195336297
-0.5223109843
-0.5247305772
-0.526790747
-0.5284900784
-0.5298274032
-0.5308018014
-0.5314126013
-0.5316593806
-0.5315419663
-0.5310604346
-0.5302151115
-0.5290065722
-0.5274356405
-0.5255033886
-0.5232111364
-0.5205604501
-0.5175531418
-0.5141912677
-0.5104771271
-0.5064132605
-0.5020024481
-0.4972477078
-0.492152293
-0.4867196909
-0.4809536192
-0.4748580246
-0.4684370793
-0.4616951784
-0.4546369371
-0.4472671872
-0.4395909741
-0.4316135532
-0.4233403861
-0.4147771372
-0.4059296697
-0.3968040417
-0.3874065015
-0.3777434842
-0.3678216066
-0.3576476629
-0.3472286202
-0.3365716134
-0.3256839406
-0.314573058
-0.3032465748
-0.2917122478
-0.2799779764
-0.2680517972
-0.2559418782
-0.2436565132
-0.2312041166
-0.2185932171
-0.205832452
-0.1929305616
-0.1798963829
-0.1667388434
-0.1534669553
-0.1400898095
-0.1266165687
-0.1130564618
-0.09941877703
-0.08571285614
-0.07194808757
-0.05813390018
-0.04427975677
-0.03039514763
-0.016489584
-0.00257259155
0.0113462961
0.02525754396
0.03915162219
0.05301901259
0.0668502152
0.08063575471
0.09436618704
0.1080321058
0.1216241485
0.1351330036
0.148549416
0.1618641942
0.175068216
0.188152435
0.201107887
0.2139256957
0.2265970792
0.2391133558
0.2514659497
0.2636463975
0.2756463535
0.2874575957
0.299072031
0.3104817015
0.3216787891
0.3326556215
0.3434046771
0.3539185903
0.3641901566
0.3742123373
0.3839782648
0.3934812465
0.4027147703
0.4116725084
0.4203483221
0.4287362654
0.43683059
0.4446257481
0.4521163972
0.4592974033
0.4661638444
0.472711014
0.4789344242
0.484829809
0.4903931269
0.495620564
0.5005085365
0.5050536929
0.5092529167
0.5131033284
0.5166022873
0.5197473935
0.5225364894
0.5249676615
0.5270392413
0.5287498066
0.5300981826
0.5310834426
0.5317049086
0.5319621519
0.5318549931
0.5313835028
0.5305480009
0.5293490568
0.5277874887
0.5258643634
0.5235809954
0.520938946
0.5179400221
0.5145862752
0.5108799998
0.5068237321
0.502420248
0.4976725611
0.4925839211
0.4871578112
0.4813979456
0.4753082676
0.4688929462
0.4621563734
0.4551031616
0.4477381399
0.4400663513
0.4320930487
0.4238236919
0.4152639432
0.4064196643
0.3972969114
0.387901932
0.3782411598
0.3683212106
0.3581488781
0.3477311287
0.3370750971
0.3261880812
0.3150775372
0.3037510746
0.2922164507
0.2804815657
0.2685544568
0.256443293
0.2441563696
0.2317021021
0.2190890211
0.2063257656
0.1934210778
0.180383797
0.1672228529
0.1539472605
0.1405661132
0.1270885767
0.1135238829
0.09988132339
0.08617024329
0.07240003462
0.05858013004
0.04471999628
0.03082912771
0.01691703982
0.002993262714
-0.01093266544
-0.02485120494
-0.03875282105
-0.0526279906
-0.06646720843
-0.08026099399
-0.09399989774
-0.1076745077
-0.1212754559
-0.1347934246
-0.1482191531
-0.1615434437
-0.1747571681
-0.1878512737
-0.2008167897
-0.2136448336
-0.2263266166
-0.2388534505
-0.2512167529
-0.2634080533
-0.2754189993
-0.2872413616
-0.2988670404
-0.3102880704
-0.3214966263
-0.3324850287
-0.3432457485
-0.3537714129
-0.3640548099
-0.3740888935
-0.3838667882
-0.3933817944
-0.4026273921
-0.4115972462
-0.4202852101
-0.4286853305
-0.4367918512
-0.4445992171
-0.4521020779
-0.4592952921
-0.46617393
-0.4727332775
-0.4789688393
-0.4848763418
-0.490451736
-0.4956912005
-0.500591144
-0.5051482078
-0.509359268
-0.5132214376
-0.5167320688
-0.5198887546
-0.5226893303
-0.5251318752
-0.5272147138
-0.5289364172
-0.5302958037
-0.5312919399
-0.5319241411
-0.532191972
-0.532095247
-0.5316340301
-0.530808635
-0.5296196249
-0.5280678122
-0.5261542577
-0.5238802701
-0.5212474049
-0.5182574636
-0.5149124923
-0.5112147803
-0.5071668585
-0.5027714977
-0.4980317069
-0.492950731
-0.4875320485
-0.4817793695
-0.4756966326
-0.4692880029
-0.4625578686
-0.455510838
-0.4481517369
-0.4404856045
-0.4325176907
-0.4242534519
-0.4156985476
-0.4068588367
-0.3977403728
-0.3883494008
-0.3786923523
-0.368775841
-0.3586066586
-0.3481917698
-0.3375383078
-0.326653569
-0.3155450087
-0.3042202351
-0.2926870048
-0.2809532173
-0.2690269094
-0.25691625
-0.244629534
-0.2321751772
-0.2195617104
-0.2067977731
-0.1938921083
-0.1808535558
-0.1676910467
-0.1544135969
-0.1410303013
-0.1275503272
-0.1139829082
-0.1003373378
-0.08662296326
-0.07284917883
-0.0590254196
-0.04516115494
-0.031265882
-0.01734911925
-0.003420399881
0.01051073463
0.02443474113
0.03834208129
0.05222322814
0.06606867263
0.07986893011
0.09361454681
0.1072961064
0.1209042363
0.1344296143
0.1478629746
0.1611951148
0.1744169014
0.1875192767
0.2004932645
0.2133299767
0.2260206193
0.2385564981
0.2509290248
0.2631297234
0.275150235
0.2869823246
0.2986178858
0.3100489472
0.3212676771
0.3322663894
0.3430375487
0.3535737754
0.3638678508
0.3739127219
0.3837015067
0.3932274984
0.4024841701
0.4114651795
0.4201643732
0.4285757907
0.4366936684
0.4445124442
0.4520267606
0.4592314686
0.4661216314
0.4726925276
0.4789396545
0.4848587312
0.4904457013
0.4956967363
0.5006082374
0.5051768385
0.5093994085
0.5132730533
0.5167951177
0.5199631873
0.5227750905
0.5252288992
0.5273229311
0.5290557499
0.5304261671
0.5314332421
0.5320762836
0.5323548494
0.5322687469
0.5318180336
0.5310030166
0.5298242525
0.5282825472
0.5263789552
0.5241147788
0.5214915676
0.5185111168
0.5151754666
0.5114869004
0.5074479434
0.5030613608
0.498330156
0.4932575684
0.4878470714
0.4821023698
0.4760273973
