1
0.9993369772
0.998024343
0.9967100663
0.9953941623
0.9940766462
0.9927575332
0.9914368384
0.9901145768
0.9887907635
0.9874654132
0.986138541
0.9848101615
0.9834802896
0.9821489399
0.980816127
0.9794818655
0.97814617
0.9768090549
0.9754705345
0.9741306232
0.9727893354
0.9714466852
0.9701026868
0.9687573543
0.9674107018
0.9660627433
0.9647134927
0.9633629639
0.9620111708
0.9606581271
0.9593038466
0.9579483429
0.9565916297
0.9552337205
0.9538746288
0.9525143681
0.9511529517
0.9497903931
0.9484267055
0.9470619021
0.9456959962
0.9443290009
0.9429609292
0.9415917942
0.9402216089
0.9388503861
0.9374781388
0.9361048797
0.9347306217
0.9333553774
0.9319791596
0.9306019808
0.9292238535
0.9278447904
0.9264648038
0.9250839061
0.9237021098
0.9223194272
0.9209358704
0.9195514517
0.9181661832
0.9167800771
0.9153931455
0.9140054002
0.9126168533
0.9112275168
0.9098374024
0.9084465219
0.9070548872
0.90566251
0.9042694019
0.9028755745
0.9014810394
0.9000858081
0.8986898922
0.897293303
0.895896052
0.8944981503
0.8930996095
0.8917004406
0.8903006549
0.8889002635
0.8874992775
0.886097708
0.884695566
0.8832928625
0.8818896083
0.8804858144
0.8790814915
0.8776766505
0.876271302
0.8748654568
0.8734591255
0.8720523187
0.870645047
0.8692373209
0.8678291508
0.8664205472
0.8650115204
0.8636020808
0.8621922387
0.8607820043
0.8593713878
0.8579603993
0.8565490491
0.8551373471
0.8537253034
0.852312928
0.8509002308
0.8494872218
0.8480739107
0.8466603075
0.8452464218
0.8438322634
0.8424178421
0.8410031673
0.8395882489
0.8381730963
0.836757719
0.8353421266
0.8339263284
0.8325103339
0.8310941525
0.8296777934
0.8282612659
0.8268445794
0.8254277429
0.8240107656
0.8225936567
0.8211764252
0.8197590802
0.8183416306
0.8169240855
0.8155064537
0.8140887442
0.8126709657
0.811253127
0.809835237
0.8084173044
0.8069993378
0.8055813459
0.8041633373
0.8027453205
0.8013273042
0.7999092967
0.7984913066
0.7970733422
0.795655412
0.7942375243
0.7928196873
0.7914019095
0.7899841989
0.7885665638
0.7871490123
0.7857315526
0.7843141927
0.7828969407
0.7814798047
0.7800627924
0.778645912
0.7772291713
0.7758125782
0.7743961404
0.7729798659
0.7715637622
0.7701478373
0.7687320987
0.7673165541
0.7659012111
0.7644860773
0.7630711603
0.7616564675
0.7602420064
0.7588277845
0.7574138091
0.7560000877
0.7545866276
0.753173436
0.7517605203
0.7503478877
0.7489355453
0.7475235004
0.7461117601
0.7447003314
0.7432892215
0.7418784374
0.740467986
0.7390578743
0.7376481094
0.7362386979
0.734829647
0.7334209633
0.7320126536
0.7306047248
0.7291971836
0.7277900366
0.7263832906
0.7249769521
0.7235710279
0.7221655244
0.7207604482
0.7193558059
0.7179516038
0.7165478485
0.7151445464
0.7137417038
0.7123393272
0.7109374228
0.7095359969
0.7081350557
0.7067346056
0.7053346528
0.7039352033
0.7025362633
0.701137839
0.6997399364
0.6983425616
0.6969457205
0.6955494192
0.6941536637
0.6927584598
0.6913638135
0.6899697306
0.688576217
0.6871832785
0.6857909208
0.6843991498
0.6830079711
0.6816173905
0.6802274135
0.6788380459
0.6774492933
0.6760611612
0.6746736552
0.6732867808
0.6719005435
0.6705149488
0.669130002
0.6677457088
0.6663620743
0.664979104
0.6635968031
0.6622151771
0.6608342312
0.6594539705
0.6580744004
0.656695526
0.6553173525
0.6539398851
0.6525631287
0.6511870886
0.6498117698
0.6484371773
0.6470633161
0.6456901912
0.6443178075
0.6429461701
0.6415752836
0.6402051532
0.6388357835
0.6374671794
0.6360993458
0.6347322873
0.6333660088
0.6320005148
0.6306358103
0.6292718997
0.6279087878
0.6265464792
0.6251849784
0.6238242901
0.6224644187
0.6211053689
0.619747145
0.6183897516
0.6170331931
0.6156774739
0.6143225985
0.6129685712
0.6116153963
0.6102630781
0.6089116211
0.6075610294
0.6062113073
0.6048624591
0.6035144888
0.6021674009
0.6008211993
0.5994758882
0.5981314717
0.596787954
0.5954453391
0.594103631
0.5927628337
0.5914229513
0.5900839878
0.588745947
0.5874088329
0.5860726495
0.5847374006
0.58340309
0.5820697216
0.5807372993
0.5794058268
0.578075308
0.5767457464
0.575417146
0.5740895104
0.5727628432
0.5714371482
0.570112429
0.5687886893
0.5674659325
0.5661441624
0.5648233824
0.5635035962
0.5621848072
0.5608670189
0.5595502348
0.5582344583
0.556919693
0.5556059422
0.5542932092
0.5529814976
0.5516708106
0.5503611515
0.5490525237
0.5477449305
0.5464383751
0.5451328609
0.5438283909
0.5425249685
0.5412225969
0.5399212791
0.5386210184
0.5373218179
0.5360236807
0.53472661
0.5334306087
0.53213568
0.5308418268
0.5295490523
0.5282573593
0.5269667509
0.5256772301
0.5243887998
0.5231014629
0.5218152223
0.5205300809
0.5192460415
0.5179631072
0.5166812805
0.5154005645
0.5141209618
0.5128424752
0.5115651076
0.5102888616
0.5090137399
0.5077397454
0.5064668806
0.5051951482
0.5039245509
0.5026550914
0.5013867721
0.5001195958
0.4988535651
0.4975886824
0.4963249503
0.4950623713
0.4938009481
0.492540683
0.4912815785
0.4900236371
0.4887668613
0.4875112535
0.486256816
0.4850035513
0.4837514618
0.4825005498
0.4812508176
0.4800022677
0.4787549022
0.4775087235
0.4762637339
0.4750199356
0.4737773308
0.4725359219
0.471295711
0.4700567003
0.468818892
0.4675822883
0.4663468912
0.4651127031
0.4638797258
0.4626479617
0.4614174126
0.4601880808
0.4589599683
0.4577330771
0.4565074092
0.4552829666
0.4540597514
0.4528377656
0.451617011
0.4503974896
0.4491792034
0.4479621542
0.446746344
0.4455317748
0.4443184482
0.4431063662
0.4418955307
0.4406859435
0.4394776063
0.438270521
0.4370646894
0.4358601132
0.4346567943
0.4334547342
0.4322539348
0.4310543978
0.4298561249
0.4286591177
0.4274633779
0.4262689073
0.4250757073
0.4238837797
0.4226931261
0.421503748
0.4203156471
0.4191288249
0.417943283
0.4167590229
0.4155760462
0.4143943544
0.4132139489
0.4120348313
0.4108570031
0.4096804656
0.4085052205
0.407331269
0.4061586127
0.4049872529
0.403817191
0.4026484284
0.4014809665
0.4003148067
0.3991499503
0.3979863986
0.3968241529
0.3956632146
0.3945035849
0.3933452652
0.3921882567
0.3910325606
0.3898781782
0.3887251107
0.3875733594
0.3864229254
0.3852738099
0.3841260142
0.3829795394
0.3818343866
0.3806905571
0.3795480518
0.378406872
0.3772670188
0.3761284932
0.3749912964
0.3738554293
0.3727208932
0.3715876889
0.3704558176
0.3693252803
0.368196078
0.3670682117
0.3659416823
0.364816491
0.3636926385
0.362570126
0.3614489542
0.3603291243
0.359210637
0.3580934933
0.3569776941
0.3558632403
0.3547501328
0.3536383723
0.3525279599
0.3514188962
0.3503111823
0.3492048188
0.3480998065
0.3469961464
0.3458938391
0.3447928855
0.3436932863
0.3425950423
0.3414981542
0.3404026228
0.3393084487
0.3382156328
0.3371241756
0.3360340779
0.3349453404
0.3338579638
0.3327719486
0.3316872956
0.3306040055
0.3295220787
0.328441516
0.327362318
0.3262844853
0.3252080184
0.3241329179
0.3230591845
0.3219868187
0.3209158209
0.3198461919
0.3187779321
0.3177110419
0.316645522
0.3155813729
0.314518595
0.3134571888
0.3123971548
0.3113384935
0.3102812053
0.3092252906
0.30817075
0.3071175837
0.3060657924
0.3050153762
0.3039663358
0.3029186713
0.3018723833
0.3008274721
0.2997839381
0.2987417816
0.2977010029
0.2966616024
0.2956235805
0.2945869374
0.2935516735
0.2925177891
0.2914852844
0.2904541597
0.2894244153
0.2883960516
0.2873690686
0.2863434668
0.2853192463
0.2842964073
0.2832749501
0.282254875
0.281236182
0.2802188715
0.2792029435
0.2781883984
0.2771752362
0.2761634571
0.2751530613
0.274144049
0.2731364202
0.2721301751
0.2711253139
0.2701218367
0.2691197435
0.2681190344
0.2671197097
0.2661217693
0.2651252133
0.2641300419
0.263136255
0.2621438527
0.2611528351
0.2601632022
0.2591749541
0.2581880907
0.2572026122
0.2562185184
0.2552358094
0.2542544853
0.2532745459
0.2522959913
0.2513188215
0.2503430364
0.249368636
0.2483956202
0.2474239889
0.2464537422
0.2454848799
0.244517402
0.2435513084
0.242586599
0.2416232736
0.2406613323
0.2397007749
0.2387416012
0.2377838112
0.2368274047
0.2358723815
0.2349187416
0.2339664848
0.2330156109
0.2320661198
0.2311180112
0.2301712851
0.2292259412
0.2282819793
0.2273393993
0.2263982009
0.2254583839
0.2245199481
0.2235828933
0.2226472193
0.2217129258
0.2207800126
0.2198484794
0.2189183259
0.217989552
0.2170621574
0.2161361417
0.2152115047
0.2142882461
0.2133663657
0.2124458631
0.211526738
0.2106089901
0.2096926191
0.2087776247
0.2078640065
0.2069517643
0.2060408976
0.2051314062
0.2042232896
0.2033165476
0.2024111797
0.2015071857
0.200604565
0.1997033175
0.1988034425
0.1979049399
0.1970078091
0.1961120498
0.1952176616
0.194324644
0.1934329967
0.1925427192
0.1916538111
0.1907662719
0.1898801013
0.1889952987
0.1881118637
0.1872297959
0.1863490948
0.18546976
0.1845917909
0.1837151871
0.1828399481
0.1819660735
0.1810935626
0.1802224151
0.1793526305
0.1784842082
0.1776171476
0.1767514484
0.17588711
0.1750241318
0.1741625133
0.173302254
0.1724433534
0.1715858108
0.1707296258
0.1698747977
0.1690213261
0.1681692103
0.1673184499
0.1664690441
0.1656209925
0.1647742944
0.1639289492
0.1630849564
0.1622423154
0.1614010256
0.1605610863
0.1597224969
0.1588852569
0.1580493655
0.1572148223
0.1563816264
0.1555497774
0.1547192746
0.1538901172
0.1530623048
0.1522358365
0.1514107119
0.1505869301
0.1497644906
0.1489433927
0.1481236356
0.1473052188
0.1464881415
0.145672403
0.1448580027
0.1440449399
0.1432332138
0.1424228237
0.1416137691
0.140806049
0.1399996629
0.13919461
0.1383908896
0.1375885009
0.1367874432
0.1359877158
0.135189318
0.1343922489
0.1335965079
0.1328020942
0.1320090071
0.1312172457
0.1304268094
0.1296376973
0.1288499087
0.1280634428
0.1272782989
0.1264944761
0.1257119736
0.1249307908
0.1241509267
0.1233723806
0.1225951517
0.1218192392
0.1210446423
0.1202713601
0.1194993919
0.1187287368
0.117959394
0.1171913627
0.1164246421
0.1156592313
0.1148951295
0.1141323358
0.1133708494
0.1126106696
0.1118517953
0.1110942258
0.1103379602
0.1095829977
0.1088293373
0.1080769783
0.1073259197
0.1065761607
0.1058277005
0.105080538
0.1043346725
0.1035901031
0.1028468288
0.1021048489
0.1013641623
0.1006247682
0.09988666574
0.09914985395
0.09841433195
0.09768009883
0.09694715368
0.09621549558
0.09548512361
0.09475603686
0.0940282344
0.0933017153
0.09257647864
0.09185252348
0.09112984888
0.09040845392
0.08968833764
0.08896949911
0.08825193737
0.08753565149
0.0868206405
0.08610690346
0.0853944394
0.08468324737
0.0839733264
0.08326467553
0.08255729379
0.08185118021
0.08114633382
0.08044275364
0.0797404387
0.079039388
0.07833960058
0.07764107544
0.0769438116
0.07624780806
0.07555306383
0.07485957792
0.07416734933
0.07347637705
0.07278666009
0.07209819744
0.07141098809
0.07072503103
0.07004032525
0.06935686974
0.06867466348
0.06799370544
0.06731399461
0.06663552997
0.06595831048
0.06528233512
0.06460760287
0.06393411268
0.06326186352
0.06259085435
0.06192108415
0.06125255186
0.06058525643
0.05991919684
0.05925437203
0.05859078094
0.05792842253
0.05726729575
0.05660739953
0.05594873283
0.05529129458
0.05463508372
0.05398009918
0.05332633991
0.05267380482
0.05202249287
0.05137240296
0.05072353403
0.05007588501
0.04942945482
0.04878424237
0.0481402466
0.04749746641
0.04685590072
0.04621554844
0.0455764085
0.04493847979
0.04430176123
0.04366625172
0.04303195017
0.04239885549
0.04176696656
0.04113628231
0.04050680161
0.03987852338
0.0392514465
0.03862556987
0.03800089238
0.03737741292
0.03675513038
0.03613404365
0.0355141516
0.03489545314
0.03427794713
0.03366163246
0.03304650801
0.03243257266
0.03181982528
0.03120826474
0.03059788993
0.02998869971
0.02938069295
0.02877386853
0.02816822531
0.02756376215
0.02696047793
0.0263583715
0.02575744172
0.02515768747
0.02455910759
0.02396170094
0.02336546639
0.02277040278
0.02217650898
0.02158378383
0.02099222618
0.02040183489
0.0198126088
0.01922454677
0.01863764763
0.01805191023
0.01746733343
0.01688391605
0.01630165694
0.01572055495
0.01514060891
0.01456181765
0.01398418002
0.01340769486
0.01283236099
0.01225817725
0.01168514247
0.01111325548
0.01054251511
0.009972920203
0.009404469571
0.008837162045
0.008270996453
0.007705971617
0.007142086362
0.006579339511
0.006017729885
0.005457256304
0.00489791759
0.004339712559
0.00378264003
0.00322669882
0.002671887744
0.002118205617
0.001565651252
0.001014223464
0.0004639210626
-8.52571397e-05
-0.0006333123331
-0.001180245708
-0.001726058457
-0.002270751772
-0.002814326847
-0.003356784875
-0.003898127051
-0.004438354573
-0.004977468636
-0.005515470439
-0.006052361179
-0.006588142055
-0.007122814269
-0.00765637902
-0.008188837511
-0.008720190943
-0.009250440521
-0.009779587447
-0.01030763293
-0.01083457816
-0.01136042437
-0.01188517274
-0.0124088245
-0.01293138084
-0.01345284298
-0.01397321212
-0.01449248948
-0.01501067627
-0.0155277737
-0.01604378298
-0.01655870532
-0.01707254195
-0.01758529406
-0.01809696288
-0.01860754963
-0.01911705551
-0.01962548175
-0.02013282956
-0.02063910016
-0.02114429477
-0.02165353634
-0.02078435042
-0.0199035912
-0.01899987357
-0.01807151467
-0.01712537152
-0.01617376605
-0.01522988396
-0.0143006847
-0.01338657377
-0.0124792876
-0.01156736147
-0.01065098222
-0.009737474913
-0.008828477339
-0.007921636777
-0.007016188095
-0.006112603485
-0.005211062372
-0.00431148893
-0.003413845721
-0.00251813362
-0.001624349847
-0.0007324872672
0.0001574609441
0.001045501168
0.001931639758
0.002815883055
0.003698237357
0.00457870892
0.005457303958
0.006334028645
0.007208889112
0.008081891454
0.00895304172
0.009822345925
0.01068981004
0.01155544
0.01241924169
0.01328122098
0.01414138367
0.01499973555
0.01585628235
0.01671102978
0.0175639835
0.01841514913
0.01926453227
0.02011213846
0.02095797323
0.02180204204
0.02264435034
0.02348490354
0.02432370701
0.02516076607
0.02599608603
0.02682967216
0.02766152967
0.02849166377
0.02932007961
0.03014678231
0.03097177698
0.03179506865
0.03261666236
0.0334365631
0.03425477582
0.03507130544
0.03588615685
0.03669933491
0.03751084445
0.03832069026
0.03912887709
0.03993540968
0.04074029273
0.04154353089
0.04234512881
0.04314509108
0.04394342229
0.04474012696
0.04553520961
0.04632867473
0.04712052677
0.04791077013
0.04869940923
0.04948644842
0.05027189202
0.05105574436
0.05183800969
0.05261869227
0.05339779631
0.05417532601
0.05495128553
0.05572567899
0.0564985105
0.05726978415
0.05803950398
0.05880767401
0.05957429824
0.06033938065
0.06110292516
0.06186493571
0.06262541618
0.06338437042
0.06414180229
0.06489771559
0.0656521141
0.06640500159
0.0671563818
0.06790625843
0.06865463517
0.06940151567
0.07014690358
0.07089080251
0.07163321603
0.07237414773
0.07311360112
0.07385157974
0.07458808706
0.07532312656
0.07605670168
0.07678881585
0.07751947246
0.07824867488
0.07897642647
0.07970273056
0.08042759046
0.08115100945
0.08187299079
0.08259353773
0.08331265349
0.08403034126
0.08474660421
0.08546144551
0.08617486829
0.08688687566
0.08759747072
0.08830665652
0.08901443613
0.08972081257
0.09042578886
0.09112936798
0.09183155289
0.09253234656
0.09323175191
0.09392977184
0.09462640926
0.09532166702
0.09601554799
0.09670805499
0.09739919084
0.09808895833
0.09877736024
0.09946439933
0.1001500783
0.1008344
0.1015173669
0.1021989819
0.1028792476
0.1035581666
0.1042357416
0.1049119752
0.1055868699
0.1062604285
0.1069326533
0.107603547
0.108273112
0.108941351
0.1096082664
0.1102738606
0.1109381362
0.1116010956
0.1122627411
0.1129230753
0.1135821005
0.1142398191
0.1148962334
0.1155513459
0.1162051588
0.1168576745
0.1175088952
0.1181588233
0.118807461
0.1194548106
0.1201008743
0.1207456544
0.121389153
0.1220313724
0.1226723148
0.1233119822
0.123950377
0.1245875012
0.1252233569
0.1258579463
0.1264912714
0.1271233344
0.1277541373
0.1283836822
0.1290119712
0.1296390062
0.1302647892
0.1308893224
0.1315126076
0.1321346469
0.1327554423
0.1333749956
0.1339933088
0.134610384
0.1352262228
0.1358408274
0.1364541996
0.1370663412
0.1376772541
0.1382869402
0.1388954014
0.1395026394
0.1401086561
0.1407134534
0.1413170329
0.1419193965
0.1425205459
0.143120483
0.1437192095
0.1443167271
0.1449130375
0.1455081426
0.1461020439
0.1466947432
0.1472862423
0.1478765426
0.148465646
0.1490535541
0.1496402685
0.1502257909
0.1508101229
0.1513932662
0.1519752222
0.1525559927
0.1531355792
0.1537139833
0.1542912065
0.1548672505
0.1554421168
0.1560158068
0.1565883222
0.1571596645
0.1577298352
0.1582988357
0.1588666676
0.1594333324
0.1599988315
0.1605631665
0.1611263387
0.1616883496
0.1622492007
0.1628088934
0.1633674291
0.1639248093
0.1644810353
0.1650361086
0.1655900305
0.1661428025
0.1666944258
0.167244902
0.1677942322
0.168342418
0.1688894606
0.1694353614
0.1699801217
0.1705237428
0.171066226
0.1716075727
0.1721477842
0.1726868617
0.1732248066
0.17376162
0.1742973033
0.1748318578
0.1753652847
0.1758975853
0.1764287607
0.1769588123
0.1774877413
0.1780155489
0.1785422363
0.1790678047
0.1795922553
0.1801155894
0.1806378081
0.1811589126
0.1816789041
0.1821977838
0.1827155527
0.1832322122
0.1837477633
0.1842622073
0.1847755451
0.185287778
0.1857989072
0.1863089337
0.1868178586
0.1873256831
0.1878324083
0.1883380353
0.1888425651
0.189345999
0.1898483379
0.1903495829
0.1908497352
0.1913487958
0.1918467657
0.1923436461
0.1928394379
0.1933341423
0.1938277603
0.1943202929
0.1948117411
0.1953021061
0.1957913888
0.1962795902
0.1967667114
0.1972527533
0.1977377171
0.1982216036
0.198704414
0.1991861491
0.19966681
0.2001463977
0.2006249131
0.2011023573
0.2015787312
0.2020540357
0.2025282719
0.2030014407
0.203473543
0.2039445799
0.2044145522
0.204883461
0.2053513071
0.2058180915
0.2062838151
0.2067484789
0.2072120838
0.2076746307
0.2081361205
0.2085965542
0.2090559326
0.2095142568
0.2099715275
0.2104277457
0.2108829123
0.2113370281
0.2117900942
0.2122421113
0.2126930803
0.2131430022
0.2135918778
0.214039708
0.2144864937
0.2149322357
0.2153769349
0.2158205922
0.2162632084
0.2167047845
0.2171453211
0.2175848193
0.2180232799
0.2184607036
0.2188970914
0.2193324441
0.2197667625
0.2202000475
0.2206323
0.2210635206
0.2214937103
0.22192287
0.2223510003
0.2227781022
0.2232041765
0.2236292239
0.2240532454
0.2244762417
0.2248982136
0.2253191619
0.2257390875
0.2261579912
0.2265758736
0.2269927358
0.2274085784
0.2278234022
0.2282372081
0.2286499968
0.2290617691
0.2294725259
0.2298822679
0.2302909958
0.2306987105
0.2311054128
0.2315111033
0.231915783
0.2323194526
0.2327221128
0.2331237645
0.2335244083
0.2339240452
0.2343226757
0.2347203008
0.2351169211
0.2355125375
0.2359071506
0.2363007613
0.2366933704
0.2370849784
0.2374755863
0.2378651948
0.2382538046
0.2386414165
0.2390280312
0.2394136495
0.2397982722
0.2401818999
0.2405645334
0.2409461735
0.2413268209
0.2417064763
0.2420851405
0.2424628143
0.2428394983
0.2432151934
0.2435899001
0.2439636194
0.2443363518
0.2447080982
0.2450788593
0.2454486358
0.2458174284
0.2461852379
0.246552065
0.2469179104
0.2472827749
0.2476466591
0.2480095639
0.2483714899
0.2487324378
0.2490924084
0.2494514024
0.2498094205
0.2501664634
0.250522532
0.2508776268
0.2512317486
0.2515848981
0.251937076
0.2522882831
0.2526385201
0.2529877876
0.2533360865
0.2536834174
0.254029781
0.254375178
0.2547196092
0.2550630753
0.255405577
0.2557471149
0.2560876899
0.2564273026
0.2567659537
0.257103644
0.2574403741
0.2577761448
0.2581109568
0.2584448107
0.2587777074
0.2591096474
0.2594406315
0.2597706605
0.260099735
0.2604278558
0.2607550235
0.2610812388
0.2614065025
0.2617308153
0.2620541778
0.2623765908
0.262698055
0.2630185712
0.2633381399
0.2636567619
0.2639744379
0.2642911687
0.2646069549
0.2649217973
0.2652356965
0.2655486532
0.2658606682
0.2661717422
0.2664818758
0.2667910698
0.2670993249
0.2674066419
0.2677130213
0.2680184639
0.2683229704
0.2686265416
0.268929178
0.2692308806
0.2695316498
0.2698314866
0.2701303915
0.2704283652
0.2707254086
0.2710215222
0.2713167068
0.2716109632
0.2719042919
0.2721966938
0.2724881696
0.2727787198
0.2730683454
0.2733570469
0.273644825
0.2739316806
0.2742176143
0.2745026268
0.2747867188
0.275069891
0.2753521442
0.2756334791
0.2759138964
0.2761933967
0.2764719809
0.2767496496
0.2770264035
0.2773022434
0.2775771699
0.2778511839
0.2781242859
0.2783964768
0.2786677572
0.2789381278
0.2792075895
0.2794761428
0.2797437885
0.2800105274
0.2802763601
0.2805412875
0.2808053101
0.2810684287
0.2813306441
0.2815919569
0.2818523679
0.2821118778
0.2823704874
0.2826281973
0.2828850084
0.2831409212
0.2833959366
0.2836500552
0.2839032778
0.2841556052
0.284407038
0.284657577
0.2849072229
0.2851559765
0.2854038384
0.2856508094
0.2858968903
0.2861420817
0.2863863845
0.2866297992
0.2868723268
0.2871139679
0.2873547232
0.2875945935
0.2878335795
0.288071682
0.2883089017
0.2885452393
0.2887806956
0.2890152713
0.2892489671
0.2894817839
0.2897137223
0.2899447831
0.290174967
0.2904042748
0.2906327073
0.290860265
0.291086949
0.2913127597
0.2915376981
0.2917617648
0.2919849607
0.2922072864
0.2924287427
0.2926493304
0.2928690502
0.2930879028
0.2933058891
0.2935230098
0.2937392656
0.2939546572
0.2941691856
0.2943828513
0.2945956552
0.294807598
0.2950186804
0.2952289033
0.2954382675
0.2956467735
0.2958544224
0.2960612147
0.2962671512
0.2964722328
0.2966764601
0.296879834
0.2970823552
0.2972840245
0.2974848427
0.2976848105
0.2978839287
0.298082198
0.2982796193
0.2984761933
0.2986719208
0.2988668025
0.2990608393
0.2992540319
0.299446381
0.2996378875
0.2998285522
0.3000183758
0.3002073591
0.3003955028
0.3005828079
0.3007692749
0.3009549048
0.3011396983
0.3013236562
0.3015067793
0.3016890684
0.3018705241
0.3020511475
0.3022309391
0.3024098999
0.3025880306
0.302765332
0.3029418048
0.30311745
0.3032922682
0.3034662603
0.303639427
0.3038117692
0.3039832877
0.3041539832
0.3043238566
0.3044929086
0.30466114
0.3048285517
0.3049951445
0.3051609191
0.3053258763
0.305490017
0.305653342
0.305815852
0.3059775479
0.3061384305
0.3062985005
0.3064577589
0.3066162063
0.3067738437
0.3069306717
0.3070866913
0.3072419033
0.3073963084
0.3075499074
0.3077027013
0.3078546907
0.3080058766
0.3081562597
0.3083058409
0.3084546209
0.3086026006
0.3087497808
0.3088961623
0.309041746
0.3091865326
0.309330523
0.3094737181
0.3096161186
0.3097577253
0.3098985392
0.3100385609
0.3101777914
0.3103162315
0.310453882
0.3105907437
0.3107268175
0.3108621041
0.3109966045
0.3111303195
0.3112632498
0.3113953963
0.31152676
0.3116573415
0.3117871417
0.3119161616
0.3120444018
0.3121718632
0.3122985468
0.3124244533
0.3125495835
0.3126739384
0.3127975187
0.3129203253
0.313042359
0.3131636207
0.3132841113
0.3134038315
0.3135227822
0.3136409644
0.3137583787
0.3138750261
0.3139909074
0.3141060234
0.3142203751
0.3143339632
0.3144467887
0.3145588523
0.314670155
0.3147806975
0.3148904808
0.3149995057
0.315107773
0.3152152836
0.3153220384
0.3154280382
0.3155332839
0.3156377763
0.3157415163
0.3158445048
0.3159467426
0.3160482307
0.3161489697
0.3162489607
0.3163482044
0.3164467018
0.3165444538
0.316641461
0.3167377246
0.3168332452
0.3169280239
0.3170220613
0.3171153586
0.3172079164
0.3172997356
0.3173908172
0.317481162
0.3175707709
0.3176596447
0.3177477844
0.3178351908
0.3179218647
0.3180078072
0.3180930189
0.3181775009
0.3182612539
0.3183442789
0.3184265768
0.3185081483
0.3185889945
0.3186691162
0.3187485143
0.3188271896
0.318905143
0.3189823755
0.3190588878
0.319134681
0.3192097558
0.3192841132
0.319357754
0.3194306791
0.3195028895
0.319574386
0.3196451695
0.3197152408
0.319784601
0.3198532508
0.3199211911
0.3199884229
0.3200549471
0.3201207644
0.3201858759
0.3202502825
0.3203139849
0.3203769841
0.3204392811
0.3205008766
0.3205617716
0.320621967
0.3206814637
0.3207402626
0.3207983646
0.3208557706
0.3209124814
0.320968498
0.3210238213
0.3210784522
0.3211323915
0.3211856403
0.3212381993
0.3212900695
0.3213412518
0.3213917471
0.3214415563
0.3214906804
0.3215391201
0.3215868764
0.3216339502
0.3216803425
0.3217260541
0.321771086
0.321815439
0.321859114
0.321902112
0.3219444339
0.3219860805
0.3220270529
0.3220673519
0.3221069783
0.3221459332
0.3221842174
0.3222218319
0.3222587775
0.3222950552
0.3223306659
0.3223656105
0.3223998898
0.322433505
0.3224664567
0.322498746
0.3225303738
0.3225613409
0.3225916484
0.322621297
0.3226502878
0.3226786217
0.3227062995
0.3227333222
0.3227596907
0.322785406
0.3228104688
0.3228348803
0.3228586412
0.3228817525
0.3229042151
0.32292603
0.322947198
0.3229677201
0.3229875972
0.3230068303
0.3230254201
0.3230433678
0.3230606741
0.3230773401
0.3230933666
0.3231087545
0.3231235049
0.3231376185
0.3231510964
0.3231639394
0.3231761485
0.3231877246
0.3231986687
0.3232089816
0.3232186643
0.3232277177
0.3232361427
0.3232439403
0.3232511114
0.3232576569
0.3232635778
0.3232688749
0.3232735492
0.3232776016
0.3232810331
0.3232838446
0.323286037
0.3232876112
0.3232885683
0.323288909
0.3232886343
0.3232877452
0.3232862426
0.3232841274
0.3232814005
0.3232780629
0.3232741156
0.3232695593
0.3232643952
0.323258624
0.3232522468
0.3232452645
0.3232376779
0.3232294881
0.3232206959
0.3232113023
0.3232013083
0.3231907147
0.3231795225
0.3231677326
0.3231553459
0.3231423635
0.3231287862
0.3231146149
0.3230998506
0.3230844942
0.3230685467
0.323052009
0.323034882
0.3230171666
0.3229988638
0.3229799746
0.3229604998
0.3229404404
0.3229197973
0.3228985715
0.3228767639
0.3228543754
0.3228314069
0.3228078595
0.322783734
0.3227590313
0.3227337525
0.3227078983
0.3226814699
0.322654468
0.3226268937
0.3225987479
0.3225700315
0.3225407454
0.3225108906
0.322480468
0.3224494786
0.3224179232
0.3223858029
0.3223531185
0.322319871
0.3222860614
0.3222516904
0.3222167592
0.3221812688
0.3221452199
0.3221086132
0.3220714497
0.3220337305
0.3219954571
0.3219566311
0.321917254
0.3218773259
0.321836846
0.3217958117
0.3217542371
0.3217125282
0.3216711014
0.3216300028
0.3215892668
0.3215489143
0.3215089544
0.3214693864
0.3214302053
0.3213914051
0.3213529824
0.3213149368
0.3212772674
0.32123997
0.3212030396
0.3211664732
0.3211302699
0.3210944308
0.3210589572
0.3210238499
0.3209891082
0.3209547299
0.3209207124
0.3208870544
0.3208537563
0.3208208181
0.3207882385
0.3207560159
0.3207241496
0.320692639
0.3206614832
0.3206306812
0.3206002321
0.3205701351
0.3205403894
0.3205109939
0.320481948
0.3204532506
0.3204249009
0.320396898
0.3203692411
0.3203419293
0.3203149617
0.3202883375
0.3202620557
0.3202361156
0.3202105162
0.3201852566
0.3201603361
0.3201357538
0.3201115087
0.3200876
0.3200640269
0.3200407885
0.320017884
0.3199953124
0.3199730729
0.3199511647
0.3199295868
0.3199083385
0.3198874189
0.3198668271
0.3198465623
0.3198266237
0.3198070102
0.3197877213
0.3197687558
0.3197501131
0.3197317922
0.3197137924
0.3196961127
0.3196787524
0.3196617105
0.3196449863
0.3196285788
0.3196124873
0.3195967109
0.3195812488
0.3195661001
0.319551264
0.3195367396
0.3195225261
0.3195086227
0.3194950285
0.3194817427
0.3194687645
0.319456093
0.3194437274
0.3194316669
0.3194199106
0.3194084578
0.3193973075
0.3193864589
0.3193759113
0.3193656638
0.3193557156
0.3193460658
0.3193367137
0.3193276584
0.319318899
0.3193104349
0.3193022651
0.3192943888
0.3192868052
0.3192795135
0.319272513
0.3192658027
0.3192593818
0.3192532496
0.3192474053
0.319241848
0.3192365769
0.3192315912
0.3192268901
0.3192224728
0.3192183385
0.3192144864
0.3192109157
0.3192076256
0.3192046152
0.3192018839
0.3191994307
0.319197255
0.3191953558
0.3191937324
0.319192384
0.3191913098
0.3191905091
0.3191899809
0.3191897246
0.3191897394
0.3191900244
0.3191905789
0.319191402
0.319192493
0.3191938512
0.3191954757
0.3191973657
0.3191995205
0.3192019393
0.3192046213
0.3192075657
0.3192107717
0.3192142387
0.3192179657
0.319221952
0.3192261969
0.3192306996
0.3192354593
0.3192404752
0.3192457465
0.3192512726
0.3192570526
0.3192630858
0.3192693714
0.3192759086
0.3192826966
0.3192897348
0.3192970224
0.3193045585
0.3193123425
0.3193203735
0.3193286509
0.3193371738
0.3193459415
0.3193549533
0.3193642083
0.3193737059
0.3193834454
0.3193934258
0.3194036466
0.3194141069
0.319424806
0.3194357432
0.3194469177
0.3194583288
0.3194699757
0.3194818577
0.319493974
0.3195063239
0.3195189067
0.3195317217
0.319544768
0.319558045
0.319571552
0.3195852881
0.3195992527
0.319613445
0.3196278644
0.31964251
0.3196573811
0.3196724771
0.3196877971
0.3197033405
0.3197191066
0.3197350946
0.3197513038
0.3197677334
0.3197843828
0.3198012513
0.3198183381
0.3198356424
0.3198531637
0.3198709011
0.319888854
0.3199070217
0.3199254034
0.3199439984
0.319962806
0.3199818255
0.3200010563
0.3200204975
0.3200401485
0.3200600086
0.320080077
0.3201003532
0.3201208363
0.3201415257
0.3201624206
0.3201835205
0.3202048245
0.320226332
0.3202480423
0.3202699546
0.3202920684
0.3203143829
0.3203368974
0.3203596112
0.3203825236
0.320405634
0.3204289416
0.3204524458
0.3204761459
0.3205000412
0.320524131
0.3205484147
0.3205728914
0.3205975607
0.3206224218
0.3206474739
0.3206727165
0.3206981488
0.3207237703
0.3207495801
0.3207755777
0.3208017623
0.3208281333
0.32085469
0.3208814318
0.320908358
0.3209354678
0.3209627607
0.320990236
0.321017893
0.321045731
0.3210737494
0.3211019476
0.3211303248
0.3211588804
0.3211876137
0.3212165241
0.3212456109
0.3212748735
0.3213043112
0.3213339234
0.3213637094
0.3213936685
0.3214238001
0.3214541036
0.3214845782
0.3215152234
0.3215460385
0.3215770229
0.3216081759
0.3216394968
0.321670985
0.3217026399
0.3217344609
0.3217664472
0.3217985983
0.3218309135
0.3218633922
0.3218960336
0.3219288373
0.3219618026
0.3219949288
0.3220282152
0.3220616613
0.3220952665
0.32212903
0.3221629513
0.3221970297
0.3222312647
0.3222656555
0.3223002016
0.3223349022
0.3223697569
0.322404765
0.3224399258
0.3224752387
0.3225107032
0.3225463185
0.3225820841
0.3226179994
0.3226540637
0.3226902764
0.3227266368
0.3227631445
0.3227997988
0.322836599
0.3228735445
0.3229106348
0.3229478692
0.3229852471
0.3230227679
0.323060431
0.3230982358
0.3231361817
0.323174268
0.3232124942
0.3232508597
0.3232893638
0.323328006
0.3233667857
0.3234057022
0.323444755
0.3234839435
0.323523267
0.323562725
0.3236023168
0.3236420419
0.3236818998
0.3237218897
0.3237620111
0.3238022634
0.323842646
0.3238831583
0.3239237998
0.3239645698
0.3240054678
0.3240464932
0.3240876453
0.3241289237
0.3241703277
0.3242118567
0.3242535101
0.3242952875
0.3243371881
0.3243792114
0.3244213569
0.3244636239
0.3245060119
0.3245485203
0.3245911485
0.324633896
0.3246767622
0.3247197464
0.3247628482
0.3248060669
0.3248494021
0.324892853
0.3249364192
0.3249801001
0.3250238951
0.3250678036
0.3251118252
0.3251559591
0.3252002049
0.325244562
0.3252890298
0.3253336077
0.3253782953
0.3254230919
0.325467997
0.32551301
0.3255581304
0.3256033576
0.3256486911
0.3256941302
0.3257396745
0.3257853234
0.3258310763
0.3258769327
0.325922892
0.3259689538
0.3260151173
0.3260613822
0.3261077477
0.3261542135
0.3262007789
0.3262474434
0.3262942064
0.3263410675
0.326388026
0.3264350814
0.3264822332
0.3265294809
0.3265768238
0.3266242615
0.3266717934
0.326719419
0.3267671377
0.326814949
0.3268628524
0.3269108474
0.3269589333
0.3270071097
0.327055376
0.3271037317
0.3271521763
0.3272007093
0.32724933
0.327298038
0.3273468328
0.3273957138
0.3274446805
0.3274937323
0.3275428689
0.3275920895
0.3276413937
0.327690781
0.3277402508
0.3277898027
0.3278394361
0.3278891505
0.3279389453
0.3279888201
0.3280387743
0.3280888074
0.328138919
0.3281891084
0.3282393752
0.3282897188
0.3283401388
0.3283906346
0.3284412057
0.3284918517
0.3285425719
0.3285933659
0.3286442332
0.3286951732
0.3287461855
0.3287972696
0.3288484249
0.3288996509
0.3289509472
0.3290023132
0.3290537484
0.3291052524
0.3291568245
0.3292084644
0.3292601716
0.3293119454
0.3293637855
0.3294156913
0.3294676623
0.329519698
0.329571798
0.3296239617
0.3296761887
0.3297284784
0.3297808303
0.329833244
0.329885719
0.3299382548
0.3299908509
0.3300435067
0.3300962219
0.3301489959
0.3302018282
0.3302547183
0.3303076659
0.3303606702
0.330413731
0.3304668477
0.3305200198
0.3305732469
0.3306265284
0.3306798638
0.3307332528
0.3307866948
0.3308401893
0.3308937358
0.330947334
0.3310009832
0.331054683
0.331108433
0.3311622327
0.3312160815
0.3312699791
0.331323925
0.3313779185
0.3314319594
0.3314860472
0.3315401813
0.3315943612
0.3316485866
0.331702857
0.3317571718
0.3318115307
0.3318659331
0.3319203786
0.3319748667
0.3320293969
0.3320839688
0.332138582
0.3321932359
0.3322479302
0.3323026642
0.3323574377
0.33241225
0.3324671009
0.3325219897
0.3325769161
0.3326318795
0.3326868796
0.3327419158
0.3327969878
0.332852095
0.332907237
0.3329624134
0.3330176237
0.3330728675
0.3331281442
0.3331834535
0.3332387948
0.3332941678
0.3333495721
0.333405007
0.3334604723
0.3335159674
0.3335714919
0.3336270454
0.3336826274
0.3337382375
0.3337938752
0.3338495401
0.3339052317
0.3339609496
0.3340166934
0.3340724626
0.3341282568
0.3341840756
0.3342399184
0.3342957849
0.3343516746
0.3344075871
0.3344635219
0.3345194787
0.334575457
0.3346314563
0.3346874762
0.3347435163
0.3347995761
0.3348556553
0.3349117533
0.3349678698
0.3350240043
0.3350801564
0.3351363257
0.3351925117
0.3352487141
0.3353049323
0.335361166
0.3354174147
0.335473678
0.3355299555
0.3355862467
0.3356425513
0.3356988689
0.3357551989
0.3358115409
0.3358678947
0.3359242596
0.3359806354
0.3360370216
0.3360934177
0.3361498234
0.3362062382
0.3362626618
0.3363190937
0.3363755334
0.3364319807
0.336488435
0.3365448959
0.3366013631
0.3366578362
0.3367143146
0.3367707981
0.3368272861
0.3368837783
0.3369402744
0.3369967737
0.3370532761
0.337109781
0.337166288
0.3372227968
0.3372793069
0.337335818
0.3373923295
0.3374488412
0.3375053527
0.3375618634
0.3376183731
0.3376748812
0.3377313875
0.3377878915
0.3378443929
0.3379008911
0.3379573859
0.3380138768
0.3380703634
0.3381268453
0.3381833222
0.3382397936
0.3382962591
0.3383527185
0.3384091711
0.3384656167
0.3385220549
0.3385784853
0.3386349075
0.3386913211
0.3387477256
0.3388041208
0.3388605063
0.3389168815
0.3389732463
0.3390296001
0.3390859426
0.3391422734
0.339198592
0.3392548983
0.3393111916
0.3393674718
0.3394237383
0.3394799908
0.3395362289
0.3395924523
0.3396486605
0.3397048532
0.33976103
0.3398171905
0.3398733343
0.3399294611
0.3399855705
0.3400416621
0.3400977355
0.3401537904
0.3402098264
0.340265843
0.3403218401
0.340377817
0.3404337736
0.3404897094
0.340545624
0.3406015172
0.3406573884
0.3407132373
0.3407690637
0.340824867
0.340880647
0.3409364033
0.3409921354
0.3410478431
0.3411035259
0.3411591836
0.3412148157
0.3412704219
0.3413260018
0.3413815551
0.3414370813
0.3414925802
0.3415480513
0.3416034944
0.341658909
0.3417142948
0.3417696515
0.3418249786
0.3418802758
0.3419355428
0.3419907792
0.3420459847
0.3421011588
0.3421563013
0.3422114118
0.34226649
0.3423215354
0.3423765477
0.3424315266
0.3424864718
0.3425413828
0.3425962594
0.3426511011
0.3427059077
0.3427606787
0.3428154139
0.3428701129
0.3429247753
0.3429794008
0.3430339891
0.3430885398
0.3431430525
0.343197527
0.3432519628
0.3433063597
0.3433607173
0.3434150352
0.3434693131
0.3435235507
0.3435777477
0.3436319036
0.3436860182
0.3437400911
0.343794122
0.3438481105
0.3439020563
0.3439559591
0.3440098186
0.3440636343
0.344117406
0.3441711334
0.344224816
0.3442784537
0.3443320459
0.3443855925
0.344439093
0.3444925472
0.3445459547
0.3445993152
0.3446526284
0.3447058939
0.3447591114
0.3448122805
0.3448654011
0.3449184726
0.3449714949
0.3450244675
0.3450773902
0.3451302627
0.3451830845
0.3452358554
0.3452885751
0.3453412433
0.3453938595
0.3454464236
0.3454989352
0.3455513939
0.3456037994
0.3456561515
0.3457084499
0.3457606941
0.3458128839
0.3458650189
0.3459170989
0.3459691236
0.3460210925
0.3460730055
0.3461248622
0.3461766622
0.3462284054
0.3462800913
0.3463317196
0.3463832901
0.3464348024
0.3464862563
0.3465376513
0.3465889873
0.3466402639
0.3466914808
0.3467426376
0.3467937342
0.3468447701
0.3468957451
0.3469466588
0.346997511
0.3470483014
0.3470990297
0.3471496955
0.3472002986
0.3472508386
0.3473013153
0.3473517284
0.3474020775
0.3474523623
0.3475025827
0.3475527382
0.3476028286
0.3476528535
0.3477028127
0.347752706
0.3478025329
0.3478522932
0.3479019866
0.3479516128
0.3480011715
0.3480506625
0.3481000853
0.3481494399
0.3481987258
0.3482479427
0.3482970904
0.3483461686
0.3483951771
0.3484441154
0.3484929833
0.3485417806
0.3485905069
0.348639162
0.3486877456
0.3487362574
0.3487846971
0.3488330644
0.3488813591
0.3489295808
0.3489777294
0.3490258044
0.3490738057
0.3491217329
0.3491695857
0.349217364
0.3492650673
0.3493126955
0.3493602483
0.3494077253
0.3494551263
0.3495024511
0.3495496993
0.3495968707
0.349643965
0.3496909819
0.3497379212
0.3497847825
0.3498315657
0.3498782704
0.3499248964
0.3499714434
0.3500179111
0.3500642993
0.3501106077
0.350156836
0.3502029839
0.3502490513
0.3502950378
0.3503409431
0.350386767
0.3504325093
0.3504781696
0.3505237478
0.3505692435
0.3506146564
0.3506599864
0.3507052331
0.3507503963
0.3507954758
0.3508404712
0.3508853823
0.3509302089
0.3509749507
0.3510196074
0.3510641788
0.3511086647
0.3511530647
0.3511973786
0.3512416062
0.3512857472
0.3513298013
0.3513737683
0.351417648
0.35146144
0.3515051442
0.3515487603
0.3515922881
0.3516357272
0.3516790774
0.3517223386
0.3517655104
0.3518085925
0.3518515848
0.3518944871
0.3519372989
0.3519800202
0.3520226506
0.35206519
0.352107638
0.3521499944
0.3521922591
0.3522344316
0.3522765119
0.3523184996
0.3523603946
0.3524021965
0.3524439051
0.3524855203
0.3525270417
0.3525684691
0.3526098023
0.352651041
0.352692185
0.3527332342
0.3527741881
0.3528150466
0.3528558095
0.3528964766
0.3529370475
0.3529775221
0.3530179001
0.3530581813
0.3530983655
0.3531384524
0.3531784418
0.3532183335
0.3532581272
0.3532978228
0.3533374199
0.3533769184
0.353416318
0.3534556186
0.3534948198
0.3535339214
0.3535729233
0.3536118252
0.3536506268
0.353689328
0.3537279286
0.3537664282
0.3538048268
0.353843124
0.3538813196
0.3539194135
0.3539574053
0.353995295
0.3540330822
0.3540707667
0.3541083484
0.354145827
0.3541832023
0.354220474
0.3542576421
0.3542947061
0.354331666
0.3543685215
0.3544052724
0.3544419185
0.3544784596
0.3545148954
0.3545512258
0.3545874505
0.3546235694
0.3546595822
0.3546954887
0.3547312887
0.3547669819
0.3548025683
0.3548380475
0.3548734194
0.3549086838
0.3549438404
0.3549788891
0.3550138296
0.3550486618
0.3550833855
0.355118001
0.3551525085
0.3551869085
0.3552212012
0.3552553871
0.3552894665
0.3553234399
0.3553573075
0.3553910698
0.3554247272
0.3554582799
0.3554917285
0.3555250732
0.3555583144
0.3555914524
0.3556244877
0.3556574205
0.3556902513
0.3557229803
0.355755608
0.3557881348
0.3558205609
0.3558528867
0.3558851126
0.3559172389
0.355949266
0.3559811943
0.356013024
0.3560447556
0.3560763893
0.3561079256
0.3561393647
0.3561707071
0.3562019531
0.356233103
0.3562641571
0.3562951159
0.3563259796
0.3563567486
0.3563874232
0.3564180039
0.3564484908
0.3564788844
0.3565091849
0.3565393928
0.3565695084
0.356599532
0.3566294639
0.3566593044
0.356689054
0.3567187129
0.3567482815
0.3567777601
0.356807149
0.3568364485
0.3568656591
0.3568947809
0.3569238144
0.3569527599
0.3569816177
0.357010388
0.3570390713
0.3570676679
0.3570961781
0.3571246022
0.3571529405
0.3571811933
0.357209361
0.3572374439
0.3572654423
0.3572933565
0.3573211869
0.3573489337
0.3573765972
0.3574041779
0.3574316759
0.3574590916
0.3574864254
0.3575136775
0.3575408482
0.3575679379
0.3575949468
0.3576218752
0.3576487236
0.3576754921
0.3577021811
0.3577287908
0.3577553217
0.3577817739
0.3578081479
0.3578344438
0.357860662
0.3578868029
0.3579128666
0.3579388535
0.3579647639
0.3579905981
0.3580163563
0.358042039
0.3580676463
0.3580931786
0.3581186361
0.3581440192
0.3581693282
0.3581945632
0.3582197247
0.358244813
0.3582698282
0.3582947707
0.3583196408
0.3583444388
0.3583691649
0.3583938195
0.3584184027
0.358442915
0.3584673566
0.3584917278
0.3585160288
0.3585402599
0.3585644215
0.3585885137
0.358612537
0.3586364914
0.3586603774
0.3586841952
0.3587079451
0.3587316274
0.3587552423
0.35877879
0.358802271
0.3588256854
0.3588490335
0.3588723156
0.358895532
0.3589186829
0.3589417687
0.3589647894
0.3589877456
0.3590106373
0.3590334649
0.3590562286
0.3590789287
0.3591015655
0.3591241392
0.3591466501
0.3591690985
0.3591914845
0.3592138086
0.3592360708
0.3592582716
0.3592804111
0.3593024896
0.3593245074
0.3593464646
0.3593683617
0.3593901988
0.3594119762
0.3594336941
0.3594553528
0.3594769525
0.3594984936
0.3595199762
0.3595414006
0.359562767
0.3595840757
0.359605327
0.359626521
0.3596476581
0.3596687385
0.3596897624
0.35971073
0.3597316417
0.3597524976
0.3597732981
0.3597940433
0.3598147335
0.3598353688
0.3598559497
0.3598764763
0.3598969488
0.3599173675
0.3599377326
0.3599580444
0.3599783031
0.3599985089
0.360018662
0.3600387628
0.3600588114
0.360078808
0.360098753
0.3601186465
0.3601384887
0.3601582799
0.3601780204
0.3601977103
0.3602173499
0.3602369393
0.3602564789
0.3602759689
0.3602954095
0.3603148008
0.3603341432
0.3603534369
0.360372682
0.3603918788
0.3604110276
0.3604301285
0.3604491817
0.3604681876
0.3604871462
0.3605060579
0.3605249229
0.3605437412
0.3605625133
0.3605812393
0.3605999193
0.3606185537
0.3606371427
0.3606556863
0.360674185
0.3606926388
0.360711048
0.3607294129
0.3607477335
0.3607660102
0.3607842431
0.3608024324
0.3608205784
0.3608386812
0.3608567411
0.3608747583
0.3608927329
0.3609106652
0.3609285554
0.3609464037
0.3609642103
0.3609819754
0.3609996992
0.3610173819
0.3610350237
0.3610526248
0.3610701854
0.3610877056
0.3611051858
0.3611226261
0.3611400267
0.3611573877
0.3611747095
0.3611919921
0.3612092358
0.3612264408
0.3612436072
0.3612607353
0.3612778253
0.3612948773
0.3613118915
0.3613288682
0.3613458074
0.3613627095
0.3613795746
0.3613964028
0.3614131944
0.3614299496
0.3614466685
0.3614633514
0.3614799983
0.3614966096
0.3615131853
0.3615297257
0.361546231
0.3615627013
0.3615791368
0.3615955378
0.3616119042
0.3616282365
0.3616445347
0.361660799
0.3616770296
0.3616932267
0.3617093904
0.361725521
0.3617416186
0.3617576834
0.3617737155
0.3617897151
0.3618056825
0.3618216177
0.361837521
0.3618533925
0.3618692324
0.3618850409
0.3619008181
0.3619165642
0.3619322794
0.3619479639
0.3619636178
0.3619792412
0.3619948344
0.3620103976
0.3620259308
0.3620414342
0.3620569081
0.3620723526
0.3620877678
0.3621031539
0.3621185111
0.3621338395
0.3621491393
0.3621644107
0.3621796538
0.3621948688
0.3622100558
0.362225215
0.3622403466
0.3622554507
0.3622705275
0.3622855771
0.3623005997
0.3623155954
0.3623305644
0.3623455069
0.362360423
0.3623753128
0.3623901766
0.3624050144
0.3624198265
0.3624346129
0.3624493738
0.3624641095
0.3624788199
0.3624935053
0.3625081659
0.3625228017
0.3625374129
0.3625519998
0.3625665623
0.3625811007
0.3625956151
0.3626101056
0.3626245725
0.3626390157
0.3626534356
0.3626678322
0.3626822057
0.3626965562
0.3627108839
0.3627251888
0.3627394712
0.3627537312
0.3627679689
0.3627821844
0.362796378
0.3628105497
0.3628246996
0.362838828
0.362852935
0.3628670206
0.362881085
0.3628951284
0.3629091509
0.3629231526
0.3629371337
0.3629510942
0.3629650344
0.3629789544
0.3629928542
0.3630067341
0.3630205941
0.3630344344
0.3630482551
0.3630620564
0.3630758383
0.363089601
0.3631033447
0.3631170694
0.3631307753
0.3631444625
0.3631581311
0.3631717813
0.3631854132
0.3631990269
0.3632126226
0.3632262002
0.3632397601
0.3632533023
0.3632668269
0.363280334
0.3632938238
0.3633072964
0.3633207519
0.3633341905
0.3633476122
0.3633610171
0.3633744055
0.3633877773
0.3634011328
0.363414472
0.363427795
0.3634411021
0.3634543932
0.3634676685
0.3634809281
0.3634941722
0.3635074008
0.363520614
0.3635338121
0.363546995
0.3635601629
0.3635733159
0.3635864541
0.3635995776
0.3636126866
0.3636257811
0.3636388613
0.3636519272
0.3636649791
0.3636780168
0.3636910407
0.3637040508
0.3637170471
0.3637300299
0.3637429992
0.3637559551
0.3637688977
0.3637818271
0.3637947435
0.3638076469
0.3638205374
0.3638334151
0.3638462802
0.3638591328
0.3638719728
0.3638848005
0.363897616
0.3639104193
0.3639232105
0.3639359898
0.3639487572
0.3639615128
0.3639742567
0.3639869891
0.36399971
0.3640124196
0.3640251178
0.3640378049
0.3640504808
0.3640631458
0.3640757998
0.3640884431
0.3641010756
0.3641136975
0.3641263088
0.3641389098
0.3641515003
0.3641640806
0.3641766507
0.3641892108
0.3642017609
0.364214301
0.3642268314
0.364239352
0.364251863
0.3642643644
0.3642768564
0.3642893389
0.3643018123
0.3643142764
0.3643267313
0.3643391773
0.3643516143
0.3643640424
0.3643764618
0.3643888724
0.3644012745
0.364413668
0.3644260531
0.3644384298
0.3644507982
0.3644631584
0.3644755105
0.3644878545
0.3645001906
0.3645125188
0.3645248391
0.3645371518
0.3645494568
0.3645617542
0.3645740441
0.3645863266
0.3645986018
0.3646108697
0.3646231304
0.364635384
0.3646476305
0.3646598701
0.3646721028
0.3646843287
0.3646965478
0.3647087603
0.3647209661
0.3647331654
0.3647453583
0.3647575448
0.3647697249
0.3647818989
0.3647940666
0.3648062283
0.3648183839
0.3648305335
0.3648426772
0.3648548152
0.3648669473
0.3648790738
0.3648911946
0.3649033099
0.3649154197
0.364927524
0.364939623
0.3649517167
0.3649638051
0.3649758884
0.3649879666
0.3650000397
0.3650121079
0.3650241711
0.3650362295
0.3650482831
0.365060332
0.3650723762
0.3650844158
0.3650964508
0.3651084814
0.3651205075
0.3651325293
0.3651445468
0.36515656
0.365168569
0.3651805739
0.3651925747
0.3652045715
0.3652165643
0.3652285533
0.3652405384
0.3652525196
0.3652644972
0.3652764711
0.3652884413
0.365300408
0.3653123711
0.3653243308
0.3653362871
0.36534824
0.3653601896
0.365372136
0.3653840791
0.3653960191
0.365407956
0.3654198898
0.3654318207
0.3654437486
0.3654556736
0.3654675957
0.3654795151
0.3654914317
0.3655033456
0.3655152568
0.3655271654
0.3655390715
0.365550975
0.3655628761
0.3655747748
0.3655866711
0.365598565
0.3656104567
0.3656223461
0.3656342334
0.3656461184
0.3656580014
0.3656698823
0.3656817612
0.3656936381
0.3657055131
0.3657173862
0.3657292574
0.3657411268
0.3657529945
0.3657648604
0.3657767246
0.3657885872
0.3658004481
0.3658123075
0.3658241654
0.3658360218
0.3658478767
0.3658597302
0.3658715824
0.3658834332
0.3658952827
0.3659071309
0.3659189779
0.3659308237
0.3659426683
0.3659545118
0.3659663543
0.3659781957
0.365990036
0.3660018754
0.3660137138
0.3660255514
0.366037388
0.3660492238
0.3660610587
0.3660728929
0.3660847264
0.3660965591
0.3661083911
0.3661202224
0.3661320532
0.3661438833
0.3661557129
0.3661675419
0.3661793704
0.3661911984
0.366203026
0.3662148532
0.3662266799
0.3662385063
0.3662503324
0.3662621581
0.3662739836
0.3662858088
0.3662976338
0.3663094585
0.3663212831
0.3663331076
0.3663449319
0.3663567561
0.3663685802
0.3663804042
0.3663922282
0.3664040523
0.3664158763
0.3664277004
0.3664395245
0.3664513487
0.366463173
0.3664749975
0.366486822
0.3664986468
0.3665104717
0.3665222969
0.3665341223
0.3665459479
0.3665577738
0.3665696
0.3665814265
0.3665932534
0.3666050805
0.3666169081
0.366628736
0.3666405643
0.3666523931
0.3666642223
0.3666760519
0.366687882
0.3666997126
0.3667115437
0.3667233753
0.3667352074
0.3667470401
0.3667588733
0.3667707071
0.3667825415
0.3667943765
0.3668062121
0.3668180484
0.3668298853
0.3668417228
0.3668535611
0.3668654
0.3668772396
0.3668890799
0.3669009209
0.3669127627
0.3669246051
0.3669364484
0.3669482924
0.3669601372
0.3669719827
0.366983829
0.3669956762
0.3670075241
0.3670193729
0.3670312225
0.3670430729
0.3670549242
0.3670667763
0.3670786292
0.3670904831
0.3671023378
0.3671141934
0.3671260498
0.3671379072
0.3671497654
0.3671616246
0.3671734846
0.3671853456
0.3671972074
0.3672090702
0.367220934
0.3672327986
0.3672446642
0.3672565307
0.3672683982
0.3672802666
0.3672921359
0.3673040062
0.3673158775
0.3673277496
0.3673396228
0.3673514969
0.3673633719
0.367375248
0.3673871249
0.3673990028
0.3674108817
0.3674227616
0.3674346424
0.3674465241
0.3674584068
0.3674702905
0.3674821751
0.3674940606
0.3675059472
0.3675178346
0.367529723
0.3675416124
0.3675535027
0.3675653939
0.3675772861
0.3675891791
0.3676010732
0.3676129681
0.3676248639
0.3676367607
0.3676486584
0.367660557
0.3676724565
0.3676843568
0.3676962581
0.3677081602
0.3677200632
0.3677319671
0.3677438719
0.3677557775
0.3677676839
0.3677795912
0.3677914993
0.3678034083
0.367815318
0.3678272286
0.36783914
0.3678510521
0.3678629651
0.3678748788
0.3678867933
0.3678987085
0.3679106245
0.3679225412
0.3679344587
0.3679463768
0.3679582957
0.3679702153
0.3679821355
0.3679940564
0.3680059779
0.3680179001
0.368029823
0.3680417464
0.3680536705
0.3680655952
0.3680775204
0.3680894462
0.3681013726
0.3681132995
0.3681252269
0.3681371549
0.3681490833
0.3681610123
0.3681729417
0.3681848715
0.3681968018
0.3682087326
0.3682206637
0.3682325952
0.3682445271
0.3682564594
0.368268392
0.368280325
0.3682922582
0.3683041918
0.3683161256
0.3683280597
0.368339994
0.3683519285
0.3683638633
0.3683757982
0.3683877333
0.3683996686
0.368411604
0.3684235395
0.3684354751
0.3684474108
0.3684593465
0.3684712822
0.368483218
0.3684951537
0.3685070895
0.3685190251
0.3685309607
0.3685428963
0.3685548317
0.3685667669
0.368578702
0.368590637
0.3686025717
0.3686145062
0.3686264405
0.3686383745
0.3686503082
0.3686622416
0.3686741746
0.3686861073
0.3686980396
0.3687099715
0.368721903
0.368733834
0.3687457645
0.3687576945
0.368769624
0.368781553
0.3687934813
0.3688054091
0.3688173362
0.3688292626
0.3688411884
0.3688531134
0.3688650377
0.3688769613
0.3688888841
0.368900806
0.3689127271
0.3689246473
0.3689365667
0.3689484851
0.3689604025
0.368972319
0.3689842344
0.3689961488
0.3690080622
0.3690199744
0.3690318855
0.3690437955
0.3690557042
0.3690676118
0.3690795181
0.3690914232
0.3691033269
0.3691152293
0.3691271303
0.36913903
0.3691509282
0.369162825
0.3691747203
0.369186614
0.3691985062
0.3692103968
0.3692222858
0.3692341732
0.3692460589
0.3692579429
0.3692698251
0.3692817056
0.3692935842
0.369305461
0.369317336
0.369329209
0.3693410801
0.3693529492
0.3693648163
0.3693766814
0.3693885444
0.3694004052
0.369412264
0.3694241205
0.3694359749
0.3694478269
0.3694596768
0.3694715242
0.3694833694
0.3694952121
0.3695070524
0.3695188903
0.3695307256
0.3695425585
0.3695543887
0.3695662164
0.3695780414
0.3695898637
0.3696016833
0.3696135001
0.3696253142
0.3696371254
0.3696489338
0.3696607392
0.3696725417
0.3696843413
0.3696961378
0.3697079312
0.3697197216
0.3697315088
0.3697432928
0.3697550737
0.3697668513
0.3697786256
0.3697903965
0.3698021641
0.3698139283
0.369825689
0.3698374463
0.3698492
0.3698609502
0.3698726967
0.3698844396
0.3698961788
0.3699079142
0.3699196459
0.3699313738
0.3699430978
0.3699548179
0.3699665341
0.3699782463
0.3699899545
0.3700016586
0.3700133586
0.3700250545
0.3700367461
0.3700484336
0.3700601167
0.3700717956
0.37008347
0.3700951401
0.3701068057
0.3701184668
0.3701301234
0.3701417754
0.3701534228
0.3701650655
0.3701767035
0.3701883368
0.3701999652
0.3702115888
0.3702232076
0.3702348214
0.3702464302
0.370258034
0.3702696327
0.3702812263
0.3702928148
0.3703043981
0.3703159762
0.370327549
0.3703391165
0.3703506786
0.3703622354
0.3703737867
0.3703853325
0.3703968728
0.3704084076
0.3704199367
0.3704314602
0.3704429781
0.3704544902
0.3704659966
0.3704774972
0.3704889919
0.3705004808
0.3705119638
0.3705234408
0.3705349118
0.3705463769
0.3705578358
0.3705692887
0.3705807354
0.370592176
0.3706036104
0.3706150385
0.3706264603
0.3706378759
0.370649285
0.3706606878
0.3706720842
0.3706834741
0.3706948576
0.3707062345
0.3707176048
0.3707289686
0.3707403257
0.3707516762
0.3707630199
0.370774357
0.3707856873
0.3707970107
0.3708083274
0.3708196372
0.3708309401
0.3708422361
0.3708535252
0.3708648072
0.3708760822
0.3708873502
0.3708986111
0.3709098649
0.3709211115
0.370932351
0.3709435833
0.3709548083
0.3709660261
0.3709772366
0.3709884397
0.3709996355
0.3710108239
0.3710220049
0.3710331785
0.3710443446
0.3710555032
0.3710666543
0.3710777978
0.3710889338
0.3711000621
0.3711111828
0.3711222958
0.3711334012
0.3711444988
0.3711555887
0.3711666708
0.3711777451
0.3711888116
0.3711998702
0.371210921
0.3712219639
0.3712329988
0.3712440258
0.3712550448
0.3712660558
0.3712770588
0.3712880537
0.3712990406
0.3713100193
0.3713209899
0.3713319524
0.3713429067
0.3713538528
0.3713647907
0.3713757204
0.3713866418
0.3713975548
0.3714084596
0.3714193561
0.3714302442
0.3714411239
0.3714519952
0.3714628581
0.3714737126
0.3714845586
0.3714953961
0.3715062251
0.3715170456
0.3715278575
0.3715386608
0.3715494556
0.3715602417
0.3715710193
0.3715817881
0.3715925483
0.3716032999
0.3716140427
0.3716247767
0.3716355021
0.3716462186
0.3716569264
0.3716676254
0.3716783155
0.3716889968
0.3716996693
0.3717103328
0.3717209875
0.3717316333
0.3717422701
0.371752898
0.3717635169
0.3717741268
0.3717847278
0.3717953197
0.3718059026
0.3718164764
0.3718270412
0.3718375968
0.3718481434
0.3718586809
0.3718692092
0.3718797284
0.3718902385
0.3719007393
0.371911231
0.3719217135
0.3719321867
0.3719426507
0.3719531055
0.371963551
0.3719739872
0.3719844141
0.3719948317
0.37200524
0.3720156389
0.3720260285
0.3720364088
0.3720467796
0.3720571411
0.3720674932
0.3720778359
0.3720881691
0.3720984929
0.3721088073
0.3721191121
0.3721294076
0.3721396935
0.3721499699
0.3721602368
0.3721704942
0.372180742
0.3721909803
0.3722012091
0.3722114283
0.3722216379
0.3722318379
0.3722420283
0.3722522091
0.3722623803
0.3722725418
0.3722826937
0.372292836
0.3723029686
0.3723130915
0.3723232047
0.3723333083
0.3723434021
0.3723534863
0.3723635607
0.3723736254
0.3723836804
0.3723937256
0.3724037611
0.3724137868
0.3724238027
0.3724338089
0.3724438052
0.3724537918
0.3724637686
0.3724737355
0.3724836927
0.37249364
0.3725035775
0.3725135052
0.372523423
0.372533331
0.3725432291
0.3725531173
0.3725629957
0.3725728641
0.3725827227
0.3725925714
0.3726024102
0.3726122391
0.3726220581
0.3726318672
0.3726416664
0.3726514556
0.3726612349
0.3726710043
0.3726807637
0.3726905132
0.3727002527
0.3727099822
0.3727197018
0.3727294115
0.3727391111
0.3727488008
0.3727584805
0.3727681503
0.37277781
0.3727874597
0.3727970995
0.3728067292
0.372816349
0.3728259587
0.3728355584
0.3728451481
0.3728547278
0.3728642975
0.3728738572
0.3728834068
0.3728929464
0.372902476
0.3729119955
0.372921505
0.3729310045
0.3729404939
0.3729499733
0.3729594426
0.3729689019
0.3729783511
0.3729877903
0.3729972195
0.3730066385
0.3730160476
0.3730254465
0.3730348355
0.3730442143
0.3730535831
0.3730629418
0.3730722905
0.3730816291
0.3730909577
0.3731002762
0.3731095846
0.373118883
0.3731281713
0.3731374495
0.3731467177
0.3731559758
0.3731652238
0.3731744618
0.3731836897
0.3731929075
0.3732021153
0.373211313
0.3732205007
0.3732296783
0.3732388458
0.3732480033
0.3732571507
0.3732662881
0.3732754154
0.3732845326
0.3732936398
0.373302737
0.3733118241
0.3733209011
0.3733299681
0.3733390251
0.373348072
0.3733571089
0.3733661357
0.3733751525
0.3733841593
0.373393156
0.3734021427
0.3734111194
0.3734200861
0.3734290427
0.3734379893
0.3734469259
0.3734558525
0.3734647691
0.3734736756
0.3734825722
0.3734914587
0.3735003353
0.3735092019
0.3735180584
0.373526905
0.3735357416
0.3735445683
0.3735533849
0.3735621916
0.3735709883
0.3735797751
0.3735885519
0.3735973187
0.3736060756
0.3736148225
0.3736235595
0.3736322866
0.3736410037
0.3736497109
0.3736584081
0.3736670955
0.3736757729
0.3736844404
0.3736930981
0.3737017458
0.3737103836
0.3737190115
0.3737276296
0.3737362378
0.3737448361
0.3737534245
0.3737620031
0.3737705718
0.3737791306
0.3737876797
0.3737962188
0.3738047482
0.3738132677
0.3738217774
0.3738302773
0.3738387673
0.3738472476
0.3738557181
0.3738641788
0.3738726297
0.3738810708
0.3738895021
0.3738979237
0.3739063356
0.3739147376
0.37392313
0.3739315126
0.3739398855
0.3739482486
0.373956602
0.3739649458
0.3739732798
0.3739816041
0.3739899187
0.3739982237
0.374006519
0.3740148046
0.3740230806
0.3740313469
0.3740396036
0.3740478506
0.374056088
0.3740643158
0.374072534
0.3740807426
0.3740889416
0.374097131
0.3741053108
0.3741134811
0.3741216418
0.3741297929
0.3741379345
0.3741460666
0.3741541891
0.3741623021
0.3741704056
0.3741784996
0.3741865841
0.3741946591
0.3742027247
0.3742107807
0.3742188273
0.3742268645
0.3742348922
0.3742429105
0.3742509194
0.3742589188
0.3742669089
0.3742748895
0.3742828608
0.3742908227
0.3742987752
0.3743067184
0.3743146522
0.3743225767
0.3743304919
0.3743383977
0.3743462942
0.3743541814
0.3743620594
0.374369928
0.3743777874
0.3743856375
0.3743934784
0.37440131
0.3744091324
0.3744169456
0.3744247496
0.3744325443
0.3744403299
0.3744481063
0.3744558735
0.3744636316
0.3744713805
0.3744791203
0.3744868509
0.3744945725
0.3745022849
0.3745099882
0.3745176824
0.3745253676
0.3745330437
0.3745407108
0.3745483688
0.3745560178
0.3745636577
0.3745712886
0.3745789106
0.3745865235
0.3745941275
0.3746017225
0.3746093086
0.3746168857
0.3746244539
0.3746320131
0.3746395635
0.3746471049
0.3746546375
0.3746621612
0.374669676
0.374677182
0.3746846791
0.3746921674
0.3746996468
0.3747071175
0.3747145794
0.3747220325
0.3747294768
0.3747369123
0.3747443391
0.3747517572
0.3747591665
0.3747665672
0.3747739591
0.3747813423
0.3747887169
0.3747960827
0.37480344
0.3748107886
0.3748181285
0.3748254599
0.3748327826
0.3748400967
0.3748474023
0.3748546993
0.3748619877
0.3748692676
0.374876539
0.3748838018
0.3748910561
0.3748983019
0.3749055393
0.3749127681
0.3749199886
0.3749272005
0.3749344041
0.3749415992
0.3749487859
0.3749559642
0.3749631341
0.3749702956
0.3749774488
0.3749845937
0.3749917302
0.3749988584
0.3750059783
0.3750130899
0.3750201932
0.3750272882
0.375034375
0.3750414535
0.3750485238
0.3750555859
0.3750626398
0.3750696855
0.375076723
0.3750837523
0.3750907735
0.3750977866
0.3751047915
0.3751117883
0.375118777
0.3751257576
0.3751327301
0.3751396946
0.3751466511
0.3751535995
0.3751605398
0.3751674722
0.3751743966
0.3751813129
0.3751882213
0.3751951218
0.3752020143
0.3752088989
0.3752157756
0.3752226443
0.3752295052
0.3752363582
0.3752432033
0.3752500406
0.3752568701
0.3752636917
0.3752705055
0.3752773115
0.3752841098
0.3752909002
0.3752976829
0.3753044579
0.3753112252
0.3753179847
0.3753247365
0.3753314806
0.3753382171
0.3753449459
0.3753516671
0.3753583806
0.3753650865
0.3753717848
0.3753784755
0.3753851586
0.3753918341
0.3753985021
0.3754051626
0.3754118155
0.375418461
0.3754250989
0.3754317294
0.3754383523
0.3754449679
0.3754515759
0.3754581766
0.3754647698
0.3754713557
0.3754779341
0.3754845052
0.3754910689
0.3754976253
0.3755041743
0.375510716
0.3755172504
0.3755237776
0.3755302974
0.37553681
0.3755433153
0.3755498134
0.3755563043
0.375562788
0.3755692644
0.3755757337
0.3755821959
0.3755886509
0.3755950987
0.3756015394
0.375607973
0.3756143995
0.3756208189
0.3756272313
0.3756336366
0.3756400349
0.3756464261
0.3756528103
0.3756591875
0.3756655578
0.375671921
0.3756782773
0.3756846267
0.3756909691
0.3756973046
0.3757036333
0.375709955
0.3757162698
0.3757225778
0.375728879
0.3757351733
0.3757414608
0.3757477415
0.3757540154
0.3757602825
0.3757665428
0.3757727964
0.3757790433
0.3757852835
0.3757915169
0.3757977437
0.3758039637
0.3758101771
0.3758163839
0.375822584
0.3758287775
0.3758349644
0.3758411447
0.3758473184
0.3758534855
0.3758596461
0.3758658001
0.3758719477
0.3758780887
0.3758842232
0.3758903512
0.3758964727
0.3759025878
0.3759086965
0.3759147987
0.3759208945
0.3759269839
0.3759330669
0.3759391435
0.3759452138
0.3759512777
0.3759573353
0.3759633866
0.3759694315
0.3759754702
0.3759815026
0.3759875287
0.3759935486
0.3759995623
0.3760055697
0.3760115709
0.3760175659
0.3760235547
0.3760295374
0.3760355139
0.3760414843
0.3760474486
0.3760534067
0.3760593588
0.3760653048
0.3760712447
0.3760771785
0.3760831062
0.3760890278
0.3760949434
0.376100853
0.3761067566
