1
0.9993378243
0.9980277269
0.99671767
0.9954076625
0.9940977128
0.9927878296
0.9914780215
0.990168297
0.9888586645
0.9875491326
0.9862397096
0.9849304038
0.9836212236
0.9823121772
0.9810032729
0.9796945188
0.9783859231
0.977077494
0.9757692394
0.9744611674
0.973153286
0.9718456031
0.9705381267
0.9692308646
0.9679238246
0.9666170145
0.9653104421
0.964004115
0.962698041
0.9613922276
0.9600866826
0.9587814133
0.9574764274
0.9561717322
0.9548673353
0.9535632441
0.9522594658
0.9509560079
0.9496528776
0.9483500821
0.9470476287
0.9457455246
0.9444437768
0.9431423926
0.9418413788
0.9405407427
0.9392404911
0.937940631
0.9366411694
0.9353421131
0.934043469
0.9327452438
0.9314474444
0.9301500774
0.9288531497
0.9275566678
0.9262606383
0.924965068
0.9236699633
0.9223753308
0.921081177
0.9197875082
0.9184943311
0.9172016518
0.9159094769
0.9146178126
0.9133266652
0.9120360409
0.910745946
0.9094563867
0.9081673691
0.9068788993
0.9055909834
0.9043036275
0.9030168377
0.9017306198
0.9004449798
0.8991599237
0.8978754573
0.8965915866
0.8953083173
0.8940256552
0.8927436061
0.8914621758
0.8901813698
0.8889011939
0.8876216538
0.886342755
0.885064503
0.8837869035
0.882509962
0.8812336839
0.8799580746
0.8786831397
0.8774088844
0.8761353141
0.8748624342
0.87359025
0.8723187667
0.8710479895
0.8697779237
0.8685085745
0.8672399469
0.8659720461
0.8647048773
0.8634384453
0.8621727554
0.8609078124
0.8596436214
0.8583801872
0.8571175148
0.8558556092
0.854594475
0.8533341173
0.8520745407
0.85081575
0.84955775
0.8483005454
0.8470441408
0.845788541
0.8445337505
0.843279774
0.8420266161
0.8407742812
0.8395227739
0.8382720987
0.8370222601
0.8357732625
0.8345251102
0.8332778078
0.8320313595
0.8307857697
0.8295410426
0.8282971826
0.8270541939
0.8258120808
0.8245708474
0.8233304978
0.8220910363
0.820852467
0.819614794
0.8183780212
0.8171421529
0.8159071929
0.8146731453
0.813440014
0.812207803
0.8109765162
0.8097461575
0.8085167308
0.8072882398
0.8060606884
0.8048340805
0.8036084197
0.8023837098
0.8011599545
0.7999371575
0.7987153225
0.7974944532
0.7962745531
0.7950556258
0.7938376749
0.792620704
0.7914047165
0.790189716
0.788975706
0.7877626899
0.7865506712
0.7853396531
0.7841296392
0.7829206328
0.7817126372
0.7805056558
0.7792996917
0.7780947484
0.776890829
0.7756879367
0.7744860748
0.7732852465
0.7720854548
0.770886703
0.769688994
0.7684923312
0.7672967173
0.7661021557
0.7649086491
0.7637162007
0.7625248135
0.7613344903
0.7601452342
0.7589570479
0.7577699346
0.7565838968
0.7553989377
0.7542150599
0.7530322663
0.7518505597
0.7506699427
0.7494904183
0.7483119891
0.7471346577
0.745958427
0.7447832994
0.7436092778
0.7424363647
0.7412645626
0.7400938743
0.7389243022
0.7377558489
0.7365885169
0.7354223087
0.7342572268
0.7330932736
0.7319304516
0.7307687632
0.7296082108
0.7284487969
0.7272905236
0.7261333935
0.7249774088
0.7238225718
0.7226688848
0.7215163501
0.72036497
0.7192147466
0.7180656821
0.7169177789
0.7157710389
0.7146254645
0.7134810577
0.7123378206
0.7111957554
0.7100548641
0.7089151487
0.7077766115
0.7066392542
0.7055030791
0.704368088
0.703234283
0.702101666
0.7009702388
0.6998400036
0.6987109621
0.6975831163
0.6964564679
0.695331019
0.6942067712
0.6930837265
0.6919618866
0.6908412533
0.6897218283
0.6886036135
0.6874866106
0.6863708212
0.6852562471
0.6841428899
0.6830307514
0.6819198331
0.6808101368
0.679701664
0.6785944163
0.6774883953
0.6763836026
0.6752800398
0.6741777083
0.6730766098
0.6719767456
0.6708781174
0.6697807265
0.6686845745
0.6675896627
0.6664959927
0.6654035658
0.6643123834
0.6632224469
0.6621337577
0.6610463171
0.6599601265
0.6588751872
0.6577915005
0.6567090677
0.6556278901
0.6545479689
0.6534693054
0.6523919008
0.6513157564
0.6502408733
0.6491672528
0.648094896
0.647023804
0.6459539782
0.6448854195
0.6438181291
0.6427521081
0.6416873576
0.6406238787
0.6395616725
0.6385007399
0.6374410821
0.6363827001
0.6353255949
0.6342697674
0.6332152187
0.6321619498
0.6311099615
0.6300592549
0.6290098309
0.6279616904
0.6269148343
0.6258692635
0.6248249789
0.6237819813
0.6227402717
0.6216998508
0.6206607195
0.6196228785
0.6185863289
0.6175510712
0.6165171063
0.6154844349
0.6144530579
0.6134229759
0.6123941897
0.6113667
0.6103405075
0.609315613
0.608292017
0.6072697203
0.6062487236
0.6052290274
0.6042106324
0.6031935393
0.6021777486
0.601163261
0.600150077
0.5991381973
0.5981276224
0.5971183528
0.5961103891
0.5951037319
0.5940983816
0.5930943387
0.5920916039
0.5910901775
0.5900900601
0.589091252
0.5880937539
0.587097566
0.5861026889
0.585109123
0.5841168687
0.5831259263
0.5821362964
0.5811479792
0.5801609752
0.5791752846
0.578190908
0.5772078455
0.5762260976
0.5752456645
0.5742665466
0.5732887441
0.5723122574
0.5713370867
0.5703632324
0.5693906946
0.5684194736
0.5674495697
0.5664809831
0.565513714
0.5645477627
0.5635831292
0.5626198139
0.5616578169
0.5606971384
0.5597377785
0.5587797374
0.5578230152
0.5568676122
0.5559135283
0.5549607638
0.5540093187
0.5530591931
0.5521103872
0.551162901
0.5502167345
0.5492718879
0.5483283612
0.5473861544
0.5464452676
0.5455057008
0.544567454
0.5436305272
0.5426949205
0.5417606338
0.5408276672
0.5398960205
0.5389656937
0.5380366869
0.5371089999
0.5361826327
0.5352575853
0.5343338575
0.5334114493
0.5324903606
0.5315705913
0.5306521412
0.5297350103
0.5288191984
0.5279047055
0.5269915313
0.5260796757
0.5251691385
0.5242599197
0.5233520189
0.5224454361
0.5215401711
0.5206362236
0.5197335934
0.5188322804
0.5179322843
0.5170336049
0.5161362419
0.5152401952
0.5143454644
0.5134520493
0.5125599497
0.5116691652
0.5107796956
0.5098915407
0.5090047
0.5081191733
0.5072349604
0.5063520608
0.5054704743
0.5045902005
0.503711239
0.5028335897
0.501957252
0.5010822257
0.5002085103
0.4993361055
0.4984650109
0.4975952262
0.4967267509
0.4958595846
0.494993727
0.4941291776
0.4932659359
0.4924040017
0.4915433743
0.4906840535
0.4898260387
0.4889693294
0.4881139254
0.4872598259
0.4864070307
0.4855555392
0.4847053509
0.4838564653
0.4830088819
0.4821626003
0.4813176199
0.4804739402
0.4796315607
0.4787904808
0.4779507
0.4771122178
0.4762750336
0.4754391468
0.4746045569
0.4737712634
0.4729392657
0.4721085631
0.4712791551
0.4704510411
0.4696242205
0.4687986928
0.4679744572
0.4671515132
0.4663298602
0.4655094975
0.4646904246
0.4638726407
0.4630561452
0.4622409376
0.461427017
0.460614383
0.4598030347
0.4589929716
0.4581841929
0.4573766981
0.4565704863
0.4557655569
0.4549619093
0.4541595426
0.4533584563
0.4525586496
0.4517601217
0.450962872
0.4501668996
0.449372204
0.4485787844
0.4477866399
0.4469957699
0.4462061737
0.4454178503
0.4446307992
0.4438450195
0.4430605104
0.4422772712
0.4414953011
0.4407145993
0.439935165
0.4391569974
0.4383800958
0.4376044592
0.4368300869
0.4360569782
0.4352851321
0.4345145478
0.4337452245
0.4329771615
0.4322103577
0.4314448125
0.4306805249
0.4299174941
0.4291557193
0.4283951995
0.427635934
0.4268779218
0.4261211621
0.425365654
0.4246113967
0.4238583891
0.4231066306
0.4223561201
0.4216068567
0.4208588396
0.4201120679
0.4193665406
0.4186222569
0.4178792157
0.4171374163
0.4163968576
0.4156575388
0.4149194589
0.4141826169
0.413447012
0.4127126431
0.4119795094
0.4112476099
0.4105169437
0.4097875096
0.409059307
0.4083323346
0.4076065916
0.406882077
0.4061587899
0.4054367292
0.4047158939
0.4039962831
0.4032778958
0.402560731
0.4018447877
0.4011300648
0.4004165615
0.3997042766
0.3989932092
0.3982833582
0.3975747227
0.3968673016
0.3961610938
0.3954560985
0.3947523144
0.3940497407
0.3933483762
0.3926482199
0.3919492708
0.3912515279
0.39055499
0.3898596562
0.3891655253
0.3884725963
0.3877808682
0.3870903399
0.3864010104
0.3857128785
0.3850259431
0.3843402033
0.3836556579
0.3829723059
0.3822901461
0.3816091776
0.3809293991
0.3802508096
0.379573408
0.3788971932
0.3782221642
0.3775483197
0.3768756588
0.3762041803
0.375533883
0.3748647659
0.3741968279
0.3735300678
0.3728644846
0.372200077
0.371536844
0.3708747845
0.3702138973
0.3695541812
0.3688956352
0.3682382582
0.3675820489
0.3669270062
0.3662731291
0.3656204163
0.3649688666
0.3643184791
0.3636692524
0.3630211854
0.3623742771
0.3617285261
0.3610839314
0.3604404919
0.3597982062
0.3591570733
0.358517092
0.3578782612
0.3572405795
0.356604046
0.3559686593
0.3553344184
0.354701322
0.3540693689
0.353438558
0.3528088881
0.352180358
0.3515529664
0.3509267123
0.3503015944
0.3496776114
0.3490547623
0.3484330458
0.3478124607
0.3471930058
0.3465746799
0.3459574818
0.3453414102
0.3447264641
0.3441126421
0.343499943
0.3428883656
0.3422779088
0.3416685712
0.3410603517
0.340453249
0.339847262
0.3392423893
0.3386386298
0.3380359823
0.3374344454
0.336834018
0.3362346988
0.3356364867
0.3350393803
0.3344433784
0.3338484798
0.3332546833
0.3326619875
0.3320703913
0.3314798934
0.3308904926
0.3303021876
0.3297149772
0.32912886
0.328543835
0.3279599007
0.327377056
0.3267952996
0.3262146302
0.3256350466
0.3250565475
0.3244791317
0.3239027978
0.3233275447
0.3227533711
0.3221802756
0.3216082571
0.3210373143
0.3204674458
0.3198986504
0.3193309269
0.318764274
0.3181986904
0.3176341748
0.3170707259
0.3165083425
0.3159470233
0.3153867671
0.3148275724
0.3142694381
0.3137123628
0.3131563454
0.3126013844
0.3120474786
0.3114946268
0.3109428276
0.3103920797
0.3098423819
0.3092937328
0.3087461312
0.3081995758
0.3076540653
0.3071095984
0.3065661738
0.3060237901
0.3054824462
0.3049421407
0.3044028723
0.3038646397
0.3033274416
0.3027912767
0.3022561437
0.3017220413
0.3011889682
0.3006569231
0.3001259047
0.2995959116
0.2990669427
0.2985389965
0.2980120718
0.2974861672
0.2969612815
0.2964374133
0.2959145613
0.2953927243
0.2948719008
0.2943520897
0.2938332895
0.293315499
0.2927987168
0.2922829417
0.2917681723
0.2912544073
0.2907416454
0.2902298853
0.2897191256
0.2892093651
0.2887006024
0.2881928361
0.2876860651
0.287180288
0.2866755033
0.2861717099
0.2856689064
0.2851670915
0.2846662639
0.2841664222
0.2836675651
0.2831696913
0.2826727995
0.2821768883
0.2816819564
0.2811880026
0.2806950254
0.2802030235
0.2797119957
0.2792219406
0.2787328569
0.2782447432
0.2777575983
0.2772714207
0.2767862092
0.2763019625
0.2758186791
0.2753363579
0.2748549974
0.2743745964
0.2738951534
0.2734166673
0.2729391366
0.27246256
0.2719869362
0.2715122639
0.2710385417
0.2705657683
0.2700939424
0.2696230627
0.2691531278
0.2686841364
0.2682160871
0.2677489787
0.2672828098
0.2668175791
0.2663532852
0.2658899268
0.2654275026
0.2649660113
0.2645054516
0.264045822
0.2635871213
0.2631293482
0.2626725012
0.2622165792
0.2617615807
0.2613075044
0.2608543491
0.2604021133
0.2599507958
0.2595003952
0.2590509102
0.2586023394
0.2581546816
0.2577079353
0.2572620994
0.2568171724
0.2563731531
0.25593004
0.2554878319
0.2550465274
0.2546061253
0.2541666242
0.2537280227
0.2532903195
0.2528535134
0.252417603
0.2519825869
0.2515484639
0.2511152326
0.2506828917
0.2502514398
0.2498208757
0.249391198
0.2489624055
0.2485344967
0.2481074703
0.2476813251
0.2472560597
0.2468316728
0.246408163
0.2459855291
0.2455637698
0.2451428836
0.2447228693
0.2443037256
0.2438854512
0.2434680447
0.2430515048
0.2426358302
0.2422210196
0.2418070716
0.241393985
0.2409817585
0.2405703907
0.2401598802
0.2397502259
0.2393414263
0.2389334803
0.2385263863
0.2381201432
0.2377147497
0.2373102043
0.2369065059
0.236503653
0.2361016445
0.2357004789
0.235300155
0.2349006715
0.234502027
0.2341042202
0.23370725
0.2333111148
0.2329158135
0.2325213447
0.2321277071
0.2317348995
0.2313429204
0.2309517687
0.230561443
0.230171942
0.2297832644
0.229395409
0.2290083743
0.2286221592
0.2282367623
0.2278521823
0.2274684179
0.2270854678
0.2267033308
0.2263220055
0.2259414907
0.225561785
0.2251828872
0.2248047959
0.2244275099
0.2240510279
0.2236753486
0.2233004707
0.2229263929
0.222553114
0.2221806325
0.2218089474
0.2214380572
0.2210679607
0.2206986566
0.2203301436
0.2199624204
0.2195954858
0.2192293384
0.2188639771
0.2184994005
0.2181356073
0.2177725962
0.217410366
0.2170489154
0.2166882432
0.216328348
0.2159692285
0.2156108836
0.2152533119
0.2148965121
0.214540483
0.2141852234
0.2138307319
0.2134770072
0.2131240482
0.2127718535
0.2124204218
0.212069752
0.2117198427
0.2113706927
0.2110223007
0.2106746655
0.2103277857
0.2099816602
0.2096362876
0.2092916668
0.2089477964
0.2086046752
0.2082623019
0.2079206754
0.2075797942
0.2072396572
0.2069002632
0.2065616108
0.2062236988
0.205886526
0.2055500911
0.2052143929
0.2048794301
0.2045452015
0.2042117058
0.2038789418
0.2035469082
0.2032156038
0.2028850274
0.2025551777
0.2022209317
0.202394611
0.2025822278
0.2027951595
0.2030350812
0.2032951283
0.2035629711
0.2038254163
0.2040754969
0.2043127998
0.2045455809
0.2047852975
0.2050317552
0.2052776214
0.2055212508
0.2057649889
0.2060095931
0.206254584
0.2064997748
0.2067452339
0.2069909913
0.2072370391
0.2074833725
0.2077299915
0.2079768957
0.2082240843
0.2084715563
0.208719311
0.2089673475
0.2092156649
0.2094642623
0.2097131388
0.2099622935
0.2102117255
0.2104614337
0.2107114171
0.2109616749
0.2112122058
0.211463009
0.2117140833
0.2119654277
0.2122170411
0.2124689223
0.2127210702
0.2129734838
0.2132261618
0.2134791031
0.2137323064
0.2139857707
0.2142394945
0.2144934768
0.2147477163
0.2150022116
0.2152569615
0.2155119648
0.21576722
0.216022726
0.2162784812
0.2165344845
0.2167907343
0.2170472294
0.2173039684
0.2175609497
0.217818172
0.218075634
0.218333334
0.2185912707
0.2188494425
0.2191078481
0.2193664858
0.2196253543
0.2198844518
0.2201437771
0.2204033283
0.2206631041
0.2209231029
0.221183323
0.2214437629
0.2217044209
0.2219652955
0.222226385
0.2224876878
0.2227492023
0.2230109267
0.2232728594
0.2235349988
0.2237973431
0.2240598907
0.2243226398
0.2245855887
0.2248487358
0.2251120791
0.2253756171
0.225639348
0.22590327
0.2261673812
0.2264316801
0.2266961646
0.2269608332
0.2272256839
0.2274907149
0.2277559244
0.2280213106
0.2282868717
0.2285526057
0.2288185109
0.2290845854
0.2293508273
0.2296172347
0.2298838058
0.2301505386
0.2304174313
0.230684482
0.2309516887
0.2312190496
0.2314865626
0.231754226
0.2320220377
0.2322899958
0.2325580984
0.2328263434
0.233094729
0.2333632532
0.233631914
0.2339007094
0.2341696375
0.2344386962
0.2347078836
0.2349771977
0.2352466364
0.2355161978
0.2357858798
0.2360556805
0.2363255978
0.2365956296
0.236865774
0.237136029
0.2374063924
0.2376768622
0.2379474364
0.238218113
0.2384888898
0.2387597649
0.2390307362
0.2393018015
0.2395729588
0.2398442061
0.2401155413
0.2403869623
0.240658467
0.2409300534
0.2412017192
0.2414734626
0.2417452813
0.2420171732
0.2422891363
0.2425611685
0.2428332676
0.2431054316
0.2433776583
0.2436499457
0.2439222916
0.2441946938
0.2444671504
0.2447396591
0.2450122179
0.2452848246
0.2455574771
0.2458301732
0.246102911
0.2463756881
0.2466485025
0.2469213521
0.2471942347
0.2474671482
0.2477400904
0.2480130593
0.2482860526
0.2485590683
0.2488321042
0.2491051581
0.249378228
0.2496513117
0.249924407
0.2501975119
0.2504706241
0.2507437415
0.251016862
0.2512899834
0.2515631036
0.2518362205
0.2521093319
0.2523824357
0.2526555297
0.2529286117
0.2532016798
0.2534747316
0.2537477651
0.254020778
0.2542937684
0.254566734
0.2548396727
0.2551125824
0.2553854609
0.2556583061
0.2559311158
0.256203888
0.2564766204
0.256749311
0.2570219576
0.257294558
0.2575671103
0.2578396121
0.2581120615
0.2583844562
0.2586567942
0.2589290733
0.2592012914
0.2594734464
0.2597455362
0.2600175586
0.2602895115
0.2605613929
0.2608332006
0.2611049324
0.2613765864
0.2616481603
0.2619196521
0.2621910597
0.262462381
0.2627336139
0.2630047562
0.2632758059
0.2635467609
0.2638176192
0.2640883785
0.2643590369
0.2646295923
0.2649000425
0.2651703855
0.2654406192
0.2657107416
0.2659807506
0.2662506441
0.2665204201
0.2667900764
0.2670596111
0.2673290221
0.2675983073
0.2678674646
0.2681364921
0.2684053877
0.2686741493
0.2689427749
0.2692112625
0.2694796101
0.2697478155
0.2700158769
0.2702837921
0.2705515591
0.270819176
0.2710866407
0.2713539512
0.2716211055
0.2718881017
0.2721549376
0.2724216113
0.2726881209
0.2729544643
0.2732206395
0.2734866446
0.2737524776
0.2740181365
0.2742836193
0.2745489242
0.274814049
0.2750789919
0.275343751
0.2756083242
0.2758727095
0.2761369052
0.2764009092
0.2766647196
0.2769283344
0.2771917518
0.2774549698
0.2777179865
0.2779808
0.2782434084
0.2785058097
0.2787680021
0.2790299837
0.2792917525
0.2795533067
0.2798146445
0.2800757638
0.2803366629
0.2805973399
0.2808577928
0.28111802
0.2813780194
0.2816377892
0.2818973276
0.2821566328
0.2824157028
0.2826745359
0.2829331303
0.283191484
0.2834495954
0.2837074624
0.2839650835
0.2842224567
0.2844795802
0.2847364523
0.2849930711
0.2852494349
0.2855055418
0.2857613901
0.2860169781
0.2862723039
0.2865273658
0.286782162
0.2870366908
0.2872909504
0.2875449391
0.2877986551
0.2880520967
0.2883052622
0.2885581498
0.2888107578
0.2890630845
0.2893151283
0.2895668873
0.2898183599
0.2900695443
0.290320439
0.2905710422
0.2908213522
0.2910713674
0.2913210861
0.2915705066
0.2918196273
0.2920684464
0.2923169625
0.2925651737
0.2928130785
0.2930606753
0.2933079624
0.2935549381
0.293801601
0.2940479493
0.2942939814
0.2945396959
0.2947850909
0.295030165
0.2952749166
0.2955193441
0.2957634459
0.2960072205
0.2962506662
0.2964937816
0.2967365651
0.296979015
0.29722113
0.2974629084
0.2977043486
0.2979454493
0.2981862089
0.2984266257
0.2986666985
0.2989064255
0.2991458054
0.2993848366
0.2996235176
0.2998618471
0.3000998234
0.3003374451
0.3005747108
0.3008116189
0.3010481681
0.3012843568
0.3015201837
0.3017556473
0.3019907462
0.3022254789
0.302459844
0.30269384
0.3029274657
0.3031607196
0.3033936002
0.3036261062
0.3038582362
0.3040899888
0.3043213627
0.3045523564
0.3047829686
0.305013198
0.3052430431
0.3054725026
0.3057015753
0.3059302597
0.3061585545
0.3063864583
0.30661397
0.3068410881
0.3070678113
0.3072941384
0.307520068
0.3077455988
0.3079707296
0.3081954591
0.3084197859
0.3086437089
0.3088672267
0.3090903382
0.309313042
0.3095353369
0.3097572216
0.309978695
0.3101997557
0.3104204026
0.3106406344
0.31086045
0.3110798481
0.3112988275
0.311517387
0.3117355255
0.3119532417
0.3121705344
0.3123874025
0.3126038449
0.3128198603
0.3130354476
0.3132506056
0.3134653333
0.3136796294
0.3138934928
0.3141069224
0.3143199171
0.3145324757
0.3147445971
0.3149562803
0.3151675242
0.3153783275
0.3155886893
0.3157986085
0.3160080839
0.3162171145
0.3164256993
0.3166338372
0.3168415271
0.3170487679
0.3172555587
0.3174618984
0.3176677859
0.3178732203
0.3180782005
0.3182827254
0.3184867941
0.3186904056
0.3188935589
0.3190962529
0.3192984867
0.3195002594
0.3197015698
0.3199024171
0.3201028003
0.3203027185
0.3205021705
0.3207011557
0.3208996728
0.3210977212
0.3212952997
0.3214924075
0.3216890437
0.3218852073
0.3220808974
0.3222761132
0.3224708537
0.322665118
0.3228589052
0.3230522145
0.323245045
0.3234373957
0.323629266
0.3238206547
0.3240115613
0.3242019846
0.324391924
0.3245813786
0.3247703476
0.32495883
0.3251468252
0.3253343322
0.3255213503
0.3257078787
0.3258939165
0.326079463
0.3262645174
0.3264490788
0.3266331466
0.3268167199
0.3269997979
0.32718238
0.3273644653
0.3275460531
0.3277271426
0.3279077331
0.3280878239
0.3282674142
0.3284465033
0.3286250905
0.328803175
0.3289807563
0.3291578334
0.3293344058
0.3295104728
0.3296860336
0.3298610876
0.3300356341
0.3302096725
0.330383202
0.330556222
0.3307287318
0.3309007309
0.3310722184
0.3312431939
0.3314136566
0.331583606
0.3317530413
0.3319219621
0.3320903676
0.3322582572
0.3324256304
0.3325924866
0.332758825
0.3329246453
0.3330899467
0.3332547287
0.3334189908
0.3335827323
0.3337459526
0.3339086513
0.3340708278
0.3342324815
0.3343936118
0.3345542183
0.3347143004
0.3348738575
0.3350328892
0.3351913949
0.3353493741
0.3355068263
0.3356637511
0.3358201478
0.335976016
0.3361313552
0.3362861649
0.3364404447
0.336594194
0.3367474125
0.3369000995
0.3370522548
0.3372038777
0.337354968
0.337505525
0.3376555484
0.3378050378
0.3379539927
0.3381024126
0.3382502972
0.3383976461
0.3385444588
0.3386907349
0.338836474
0.3389816758
0.3391263398
0.3392704656
0.3394140529
0.3395571013
0.3396996104
0.3398415798
0.3399830092
0.3401238982
0.3402642464
0.3404040536
0.3405433193
0.3406820433
0.3408202251
0.3409578644
0.341094961
0.3412315145
0.3413675246
0.3415029909
0.3416379132
0.3417722911
0.3419061244
0.3420394127
0.3421721558
0.3423043534
0.3424360051
0.3425671108
0.3426976701
0.3428276828
0.3429571487
0.3430860673
0.3432144386
0.3433422622
0.3434695379
0.3435962655
0.3437224446
0.3438480752
0.3439731569
0.3440976896
0.3442216729
0.3443451068
0.3444679909
0.3445903251
0.3447121092
0.344833343
0.3449540263
0.3450741588
0.3451937404
0.345312771
0.3454312503
0.3455491782
0.3456665545
0.3457833791
0.3458996517
0.3460153722
0.3461305405
0.3462451565
0.3463592199
0.3464727307
0.3465856886
0.3466980937
0.3468099457
0.3469212445
0.34703199
0.3471421821
0.3472518207
0.3473609057
0.3474694369
0.3475774144
0.3476848379
0.3477917073
0.3478980227
0.3480037839
0.3481089909
0.3482136435
0.3483177417
0.3484212854
0.3485242746
0.3486267092
0.3487285892
0.3488299144
0.348930685
0.3490309007
0.3491305616
0.3492296676
0.3493282188
0.349426215
0.3495236563
0.3496205426
0.3497168739
0.3498126502
0.3499078715
0.3500025379
0.3500966492
0.3501902055
0.3502832068
0.3503756531
0.3504675444
0.3505588808
0.3506496622
0.3507398887
0.3508295603
0.3509186771
0.3510072391
0.3510952463
0.3511826987
0.3512695965
0.3513559396
0.3514417282
0.3515269622
0.3516116418
0.3516957669
0.3517793377
0.3518623543
0.3519448167
0.352026725
0.3521080792
0.3521888795
0.352269126
0.3523488187
0.3524279578
0.3525065433
0.3525845753
0.352662054
0.3527389795
0.3528153518
0.3528911711
0.3529664376
0.3530411512
0.3531153122
0.3531889208
0.3532619769
0.3533344808
0.3534064326
0.3534778325
0.3535486805
0.3536189769
0.3536887218
0.3537579154
0.3538265577
0.3538946491
0.3539621895
0.3540291793
0.3540956186
0.3541615075
0.3542268463
0.3542916351
0.3543558741
0.3544195636
0.3544827036
0.3545452944
0.3546073361
0.3546688291
0.3547297734
0.3547901694
0.3548500171
0.3549093169
0.3549680689
0.3550262734
0.3550839305
0.3551410406
0.3551976038
0.3552536203
0.3553090905
0.3553640144
0.3554183925
0.3554722249
0.3555255119
0.3555782537
0.3556304505
0.3556821027
0.3557332105
0.3557837741
0.3558337938
0.3558832699
0.3559322027
0.3559805924
0.3560284393
0.3560757436
0.3561225057
0.3561687259
0.3562144043
0.3562595414
0.3563041374
0.3563481927
0.3563917074
0.3564346819
0.3564771165
0.3565190115
0.3565603673
0.3566011841
0.3566414622
0.356681202
0.3567204038
0.3567590679
0.3567971946
0.3568347843
0.3568718373
0.3569083539
0.3569443344
0.3569797793
0.3570146888
0.3570490633
0.357082903
0.3571162085
0.35714898
0.3571812179
0.3572129225
0.3572440942
0.3572747333
0.3573048403
0.3573344155
0.3573634592
0.3573919718
0.3574199537
0.3574474053
0.357474327
0.3575007191
0.3575265819
0.357551916
0.3575767217
0.3576009994
0.3576247494
0.3576479722
0.3576706682
0.3576928377
0.3577144812
0.357735599
0.3577561917
0.3577762595
0.3577958029
0.3578148223
0.3578333182
0.3578512909
0.3578687409
0.3578856685
0.3579020743
0.3579179586
0.3579333218
0.3579481645
0.357962487
0.3579762898
0.3579895733
0.3580023379
0.3580145841
0.3580263124
0.3580375231
0.3580482168
0.3580583938
0.3580680547
0.3580771999
0.3580858298
0.3580939449
0.3581015457
0.3581086327
0.3581152062
0.3581212668
0.3581268149
0.358131851
0.3581363756
0.3581403892
0.3581438922
0.3581468851
0.3581493684
0.3581513425
0.358152808
0.3581537654
0.3581542151
0.3581541577
0.3581535936
0.3581525232
0.3581509472
0.358148866
0.3581462802
0.3581431901
0.3581395964
0.3581354995
0.3581308999
0.3581257982
0.3581201948
0.3581140903
0.3581074852
0.35810038
0.3580927752
0.3580846713
0.3580760689
0.3580669685
0.3580573706
0.3580472758
0.3580366845
0.3580255974
0.3580140148
0.3580019375
0.3579893658
0.3579763004
0.3579627418
0.3579486905
0.3579341471
0.3579191121
0.357903586
0.3578875695
0.357871063
0.3578540671
0.3578365824
0.3578186094
0.3578001486
0.3577812007
0.3577617662
0.3577418456
0.3577214395
0.3577005485
0.3576791732
0.357657314
0.3576349717
0.3576121466
0.3575888395
0.3575650509
0.3575407813
0.3575160314
0.3574908017
0.3574650927
0.3574389052
0.3574122396
0.3573850965
0.3573574766
0.3573293803
0.3573008084
0.3572717613
0.3572422398
0.3572122442
0.3571817754
0.3571508338
0.35711942
0.3570875347
0.3570551784
0.3570223517
0.3569890553
0.3569552898
0.3569210557
0.3568863536
0.3568511842
0.3568155481
0.3567794458
0.356742878
0.3567058453
0.3566683483
0.3566303876
0.3565919639
0.3565530777
0.3565137297
0.3564739205
0.3564336506
0.3563929208
0.3563517317
0.3563100838
0.3562679778
0.3562254143
0.356182394
0.3561389175
0.3560949853
0.3560505982
0.3560057568
0.3559604616
0.3559147134
0.3558685128
0.3558218603
0.3557747567
0.3557272026
0.3556791985
0.3556307453
0.3555818434
0.3555324935
0.3554826964
0.3554324525
0.3553817628
0.3553306276
0.3552790475
0.355227023
0.3551745549
0.3551216446
0.3550682934
0.3550145022
0.3549602713
0.3549055992
0.3548504833
0.3547949373
0.3547392574
0.3546837509
0.3546284644
0.3545734324
0.3545186766
0.3544642062
0.3544100212
0.3543561169
0.3543024877
0.3542491308
0.354196046
0.354143233
0.354090688
0.3540384064
0.3539863855
0.3539346252
0.3538831265
0.3538318916
0.3537809215
0.3537302159
0.3536797731
0.353629591
0.3535796686
0.3535300067
0.3534806058
0.3534314649
0.353382583
0.3533339598
0.353285595
0.3532374882
0.3531896388
0.3531420464
0.3530947105
0.3530476306
0.3530008064
0.3529542373
0.3529079229
0.3528618627
0.3528160563
0.3527705033
0.3527252031
0.3526801553
0.3526353594
0.3525908151
0.3525465217
0.352502479
0.3524586864
0.3524151434
0.3523718497
0.3523288048
0.3522860081
0.3522434593
0.3522011579
0.3521591034
0.3521172954
0.3520757335
0.3520344171
0.3519933459
0.3519525194
0.351911937
0.3518715985
0.3518315032
0.3517916509
0.3517520409
0.3517126729
0.3516735464
0.351634661
0.3515960162
0.3515576116
0.3515194466
0.351481521
0.3514438341
0.3514063856
0.3513691751
0.3513322019
0.3512954658
0.3512589663
0.3512227029
0.3511866752
0.3511508827
0.3511153249
0.3510800015
0.351044912
0.3510100559
0.3509754328
0.3509410423
0.3509068838
0.350872957
0.3508392614
0.3508057966
0.3507725621
0.3507395575
0.3507067823
0.3506742361
0.3506419184
0.3506098289
0.350577967
0.3505463323
0.3505149244
0.3504837428
0.3504527871
0.3504220569
0.3503915516
0.350361271
0.3503312144
0.3503013816
0.3502717719
0.3502423851
0.3502132207
0.3501842782
0.3501555572
0.3501270572
0.3500987778
0.3500707186
0.3500428792
0.350015259
0.3499878577
0.3499606748
0.3499337099
0.3499069626
0.3498804324
0.3498541188
0.3498280215
0.34980214
0.3497764739
0.3497510227
0.349725786
0.3497007633
0.3496759544
0.3496513586
0.3496269755
0.3496028048
0.3495788461
0.3495550987
0.3495315625
0.3495082368
0.3494851213
0.3494622155
0.3494395191
0.3494170315
0.3493947523
0.3493726812
0.3493508177
0.3493291614
0.3493077117
0.3492864684
0.3492654309
0.3492445989
0.3492239719
0.3492035495
0.3491833312
0.3491633167
0.3491435054
0.3491238971
0.3491044911
0.3490852872
0.3490662849
0.3490474838
0.3490288834
0.3490104834
0.3489922832
0.3489742825
0.3489564808
0.3489388778
0.3489214729
0.3489042658
0.3488872561
0.3488704433
0.348853827
0.3488374067
0.3488211821
0.3488051528
0.3487893182
0.3487736781
0.3487582319
0.3487429792
0.3487279197
0.3487130529
0.3486983783
0.3486838956
0.3486696044
0.3486555042
0.3486415945
0.3486278751
0.3486143454
0.3486010051
0.3485878537
0.3485748908
0.3485621159
0.3485495288
0.3485371289
0.3485249158
0.3485128892
0.3485010485
0.3484893934
0.3484779235
0.3484666384
0.3484555376
0.3484446207
0.3484338873
0.348423337
0.3484129693
0.3484027839
0.3483927804
0.3483829583
0.3483733172
0.3483638567
0.3483545763
0.3483454758
0.3483365546
0.3483278124
0.3483192486
0.348310863
0.3483026551
0.3482946245
0.3482867708
0.3482790936
0.3482715924
0.3482642668
0.3482571165
0.348250141
0.34824334
0.3482367129
0.3482302594
0.3482239791
0.3482178716
0.3482119364
0.3482061732
0.3482005816
0.348195161
0.3481899112
0.3481848317
0.3481799221
0.348175182
0.348170611
0.3481662087
0.3481619747
0.3481579085
0.3481540098
0.3481502781
0.3481467131
0.3481433144
0.3481400814
0.3481370139
0.3481341114
0.3481313735
0.3481287998
0.34812639
0.3481241435
0.34812206
0.3481201391
0.3481183804
0.3481167834
0.3481153478
0.3481140732
0.3481129592
0.3481120053
0.3481112112
0.3481105764
0.3481101005
0.3481097832
0.3481096241
0.3481096227
0.3481097786
0.3481100915
0.3481105609
0.3481111864
0.3481119676
0.3481129042
0.3481139957
0.3481152417
0.3481166418
0.3481181956
0.3481199028
0.3481217629
0.3481237754
0.3481259401
0.3481282566
0.3481307243
0.3481333429
0.3481361121
0.3481390313
0.3481421003
0.3481453186
0.3481486858
0.3481522015
0.3481558654
0.3481596769
0.3481636358
0.3481677416
0.3481719939
0.3481763924
0.3481809365
0.348185626
0.3481904605
0.3481954394
0.3482005625
0.3482058293
0.3482112395
0.3482167926
0.3482224883
0.3482283261
0.3482343056
0.3482404265
0.3482466884
0.3482530908
0.3482596334
0.3482663158
0.3482731376
0.3482800983
0.3482871976
0.3482944351
0.3483018104
0.3483093231
0.3483169728
0.3483247591
0.3483326816
0.3483407399
0.3483489337
0.3483572625
0.3483657259
0.3483743236
0.3483830551
0.3483919201
0.3484009181
0.3484100488
0.3484193118
0.3484287067
0.348438233
0.3484478905
0.3484576786
0.3484675971
0.3484776455
0.3484878234
0.3484981304
0.3485085662
0.3485191303
0.3485298224
0.3485406421
0.3485515889
0.3485626625
0.3485738625
0.3485851885
0.3485966401
0.3486082169
0.3486199185
0.3486317446
0.3486436947
0.3486557685
0.3486679656
0.3486802855
0.3486927279
0.3487052924
0.3487179786
0.3487307861
0.3487437145
0.3487567635
0.3487699326
0.3487832214
0.3487966297
0.3488101569
0.3488238027
0.3488375667
0.3488514485
0.3488654477
0.348879564
0.3488937969
0.348908146
0.3489226111
0.3489371916
0.3489518872
0.3489666975
0.3489816221
0.3489966607
0.3490118128
0.3490270781
0.3490424561
0.3490579465
0.3490735489
0.3490892629
0.3491050881
0.3491210242
0.3491370707
0.3491532272
0.3491694935
0.349185869
0.3492023534
0.3492189464
0.3492356475
0.3492524563
0.3492693725
0.3492863956
0.3493035253
0.3493207613
0.3493381031
0.3493555503
0.3493731025
0.3493907594
0.3494085206
0.3494263857
0.3494443543
0.349462426
0.3494806004
0.3494988772
0.349517256
0.3495357364
0.349554318
0.3495730004
0.3495917832
0.3496106661
0.3496296487
0.3496487305
0.3496679113
0.3496871906
0.349706568
0.3497260432
0.3497456157
0.3497652852
0.3497850514
0.3498049138
0.349824872
0.3498449257
0.3498650745
0.3498853179
0.3499056557
0.3499260874
0.3499466127
0.3499672311
0.3499879424
0.350008746
0.3500296417
0.350050629
0.3500717076
0.3500928771
0.3501141371
0.3501354872
0.3501569271
0.3501784563
0.3502000745
0.3502217814
0.3502435764
0.3502654593
0.3502874297
0.3503094871
0.3503316313
0.3503538618
0.3503761782
0.3503985802
0.3504210674
0.3504436395
0.3504662959
0.3504890364
0.3505118606
0.3505347681
0.3505577585
0.3505808315
0.3506039866
0.3506272235
0.3506505419
0.3506739412
0.3506974212
0.3507209815
0.3507446217
0.3507683415
0.3507921403
0.350816018
0.350839974
0.3508640081
0.3508881198
0.3509123087
0.3509365746
0.350960917
0.3509853355
0.3510098298
0.3510343994
0.3510590441
0.3510837634
0.351108557
0.3511334244
0.3511583654
0.3511833795
0.3512084664
0.3512336256
0.3512588569
0.3512841598
0.351309534
0.351334979
0.3513604946
0.3513860803
0.3514117358
0.3514374607
0.3514632546
0.3514891172
0.351515048
0.3515410468
0.3515671131
0.3515932465
0.3516194467
0.3516457134
0.3516720461
0.3516984444
0.3517249081
0.3517514366
0.3517780298
0.3518046871
0.3518314082
0.3518581928
0.3518850404
0.3519119507
0.3519389234
0.351965958
0.3519930542
0.3520202117
0.35204743
0.3520747087
0.3521020476
0.3521294462
0.3521569041
0.3521844211
0.3522119967
0.3522396306
0.3522673223
0.3522950716
0.352322878
0.3523507412
0.3523786608
0.3524066365
0.3524346679
0.3524627546
0.3524908962
0.3525190924
0.3525473428
0.3525756471
0.3526040048
0.3526324156
0.3526608792
0.3526893952
0.3527179631
0.3527465828
0.3527752537
0.3528039755
0.3528327478
0.3528615704
0.3528904427
0.3529193645
0.3529483354
0.352977355
0.353006423
0.3530355389
0.3530647025
0.3530939133
0.3531231711
0.3531524754
0.3531818258
0.3532112221
0.3532406638
0.3532701505
0.353299682
0.3533292579
0.3533588777
0.3533885412
0.3534182479
0.3534479976
0.3534777898
0.3535076241
0.3535375003
0.353567418
0.3535973767
0.3536273762
0.3536574161
0.353687496
0.3537176155
0.3537477743
0.3537779721
0.3538082084
0.3538384829
0.3538687953
0.3538991452
0.3539295323
0.3539599561
0.3539904163
0.3540209126
0.3540514446
0.3540820119
0.3541126142
0.3541432512
0.3541739224
0.3542046275
0.3542353662
0.3542661381
0.3542969428
0.35432778
0.3543586493
0.3543895505
0.354420483
0.3544514466
0.3544824408
0.3545134655
0.3545445201
0.3545756044
0.3546067179
0.3546378604
0.3546690315
0.3547002307
0.3547314579
0.3547627126
0.3547939944
0.354825303
0.3548566381
0.3548879992
0.3549193862
0.3549507985
0.3549822358
0.3550136979
0.3550451843
0.3550766947
0.3551082287
0.355139786
0.3551713662
0.355202969
0.3552345941
0.355266241
0.3552979095
0.3553295991
0.3553613096
0.3553930405
0.3554247916
0.3554565625
0.3554883528
0.3555201622
0.3555519903
0.3555838369
0.3556157015
0.3556475837
0.3556794833
0.3557114
0.3557433332
0.3557752828
0.3558072484
0.3558392295
0.355871226
0.3559032373
0.3559352633
0.3559673034
0.3559993575
0.3560314251
0.3560635059
0.3560955995
0.3561277057
0.356159824
0.3561919542
0.3562240958
0.3562562486
0.3562884122
0.3563205862
0.3563527703
0.3563849642
0.3564171676
0.35644938
0.3564816011
0.3565138307
0.3565460683
0.3565783137
0.3566105664
0.3566428262
0.3566750926
0.3567073655
0.3567396443
0.3567719289
0.3568042188
0.3568365136
0.3568688132
0.3569011171
0.356933425
0.3569657365
0.3569980514
0.3570303693
0.3570626898
0.3570950126
0.3571273373
0.3571596638
0.3571919915
0.3572243202
0.3572566495
0.3572889791
0.3573213087
0.3573536379
0.3573859664
0.3574182939
0.35745062
0.3574829444
0.3575152668
0.3575475868
0.3575799041
0.3576122183
0.3576445292
0.3576768364
0.3577091396
0.3577414384
0.3577737326
0.3578060217
0.3578383055
0.3578705836
0.3579028557
0.3579351214
0.3579673805
0.3579996326
0.3580318774
0.3580641145
0.3580963437
0.3581285646
0.3581607768
0.3581929801
0.3582251741
0.3582573585
0.3582895329
0.3583216971
0.3583538507
0.3583859934
0.3584181249
0.3584502448
0.3584823529
0.3585144487
0.358546532
0.3585786025
0.3586106598
0.3586427036
0.3586747335
0.3587067494
0.3587387508
0.3587707374
0.3588027089
0.3588346649
0.3588666053
0.3588985295
0.3589304374
0.3589623286
0.3589942028
0.3590260596
0.3590578988
0.35908972
0.3591215229
0.3591533072
0.3591850726
0.3592168187
0.3592485453
0.359280252
0.3593119385
0.3593436045
0.3593752497
0.3594068738
0.3594384764
0.3594700572
0.359501616
0.3595331524
0.3595646661
0.3595961567
0.3596276241
0.3596590678
0.3596904875
0.359721883
0.3597532539
0.3597845999
0.3598159208
0.3598472161
0.3598784856
0.359909729
0.359940946
0.3599721362
0.3600032994
0.3600344352
0.3600655433
0.3600966235
0.3601276754
0.3601586988
0.3601896932
0.3602206584
0.3602515942
0.3602825001
0.3603133759
0.3603442213
0.360375036
0.3604058197
0.360436572
0.3604672927
0.3604979815
0.360528638
0.360559262
0.3605898532
0.3606204112
0.3606509358
0.3606814267
0.3607118835
0.3607423059
0.3607726938
0.3608030467
0.3608333643
0.3608636464
0.3608938927
0.3609241029
0.3609542766
0.3609844136
0.3610145136
0.3610445763
0.3610746013
0.3611045885
0.3611345374
0.3611644478
0.3611943195
0.3612241521
0.3612539452
0.3612836988
0.3613134123
0.3613430856
0.3613727183
0.3614023102
0.361431861
0.3614613704
0.361490838
0.3615202636
0.361549647
0.3615789877
0.3616082856
0.3616375403
0.3616667516
0.3616959191
0.3617250427
0.3617541219
0.3617831565
0.3618121462
0.3618410907
0.3618699898
0.3618988432
0.3619276505
0.3619564116
0.361985126
0.3620137936
0.362042414
0.3620709869
0.3620995122
0.3621279894
0.3621564183
0.3621847987
0.3622131302
0.3622414126
0.3622696456
0.3622978289
0.3623259622
0.3623540453
0.3623820778
0.3624100596
0.3624379903
0.3624658696
0.3624936972
0.362521473
0.3625491966
0.3625768677
0.362604486
0.3626320514
0.3626595635
0.362687022
0.3627144266
0.3627417772
0.3627690734
0.3627963149
0.3628235015
0.3628506329
0.3628777089
0.3629047291
0.3629316932
0.3629586012
0.3629854525
0.3630122471
0.3630389845
0.3630656646
0.3630922871
0.3631188517
0.3631453582
0.3631718062
0.3631981955
0.3632245259
0.3632507971
0.3632770087
0.3633031607
0.3633292526
0.3633552842
0.3633812553
0.3634071656
0.3634330148
0.3634588027
0.3634845291
0.3635101935
0.3635357959
0.3635613359
0.3635868132
0.3636122277
0.363637579
0.3636628669
0.3636880912
0.3637132515
0.3637383477
0.3637633794
0.3637883464
0.3638132485
0.3638380854
0.3638628568
0.3638875625
0.3639122022
0.3639367757
0.3639612827
0.363985723
0.3640100964
0.3640344025
0.3640586411
0.364082812
0.3641069148
0.3641309495
0.3641549157
0.3641788131
0.3642026416
0.3642264008
0.3642500905
0.3642737105
0.3642972606
0.3643207404
0.3643441497
0.3643674883
0.364390756
0.3644139525
0.3644370775
0.3644601308
0.3644831122
0.3645060214
0.3645288582
0.3645516223
0.3645743135
0.3645969316
0.3646194762
0.3646419473
0.3646643445
0.3646866675
0.3647089162
0.3647310904
0.3647531897
0.3647752139
0.3647971628
0.3648190362
0.3648408339
0.3648625555
0.3648842008
0.3649057697
0.3649272619
0.3649486771
0.3649700151
0.3649912758
0.3650124587
0.3650335638
0.3650545907
0.3650755394
0.3650964094
0.3651172008
0.3651379135
0.3651585479
0.3651791041
0.3651995825
0.3652199832
0.3652403065
0.3652605528
0.3652807224
0.3653008154
0.3653208322
0.365340773
0.3653606381
0.3653804278
0.3654001423
0.3654197818
0.3654393467
0.3654588372
0.3654782535
0.3654975959
0.3655168648
0.3655360602
0.3655551826
0.3655742321
0.365593209
0.3656121135
0.365630946
0.3656497067
0.3656683958
0.3656870136
0.3657055604
0.3657240363
0.3657424417
0.3657607769
0.3657790419
0.3657972372
0.365815363
0.3658334195
0.365851407
0.3658693257
0.3658871759
0.3659049578
0.3659226716
0.3659403177
0.3659578963
0.3659754076
0.3659928519
0.3660102294
0.3660275403
0.366044785
0.3660619636
0.3660790765
0.3660961237
0.3661131057
0.3661300226
0.3661468747
0.3661636623
0.3661803855
0.3661970446
0.3662136399
0.3662301715
0.3662466398
0.366263045
0.3662793873
0.366295667
0.3663118842
0.3663280393
0.3663441325
0.366360164
0.366376134
0.3663920429
0.3664078907
0.3664236779
0.3664394045
0.3664550708
0.3664706772
0.3664862237
0.3665017107
0.3665171383
0.3665325068
0.3665478165
0.3665630675
0.3665782602
0.3665933947
0.3666084712
0.36662349
0.3666384514
0.3666533555
0.3666682026
0.3666829929
0.3666977266
0.366712404
0.3667270253
0.3667415908
0.3667561005
0.3667705548
0.366784954
0.3667992981
0.3668135875
0.3668278224
0.366842003
0.3668561294
0.3668702021
0.366884221
0.3668981866
0.366912099
0.3669259584
0.366939765
0.3669535191
0.3669672209
0.3669808706
0.3669944684
0.3670080146
0.3670215093
0.3670349528
0.3670483452
0.3670616869
0.367074978
0.3670882188
0.3671014094
0.3671145501
0.367127641
0.3671406825
0.3671536746
0.3671666177
0.3671795119
0.3671923575
0.3672051546
0.3672179035
0.3672306043
0.3672432574
0.3672558628
0.3672684209
0.3672809317
0.3672933956
0.3673058127
0.3673181833
0.3673305074
0.3673427855
0.3673550176
0.3673672039
0.3673793447
0.3673914402
0.3674034906
0.367415496
0.3674274568
0.3674393729
0.3674512448
0.3674630726
0.3674748565
0.3674865966
0.3674982932
0.3675099466
0.3675215568
0.3675331241
0.3675446486
0.3675561307
0.3675675704
0.367578968
0.3675903237
0.3676016377
0.3676129101
0.3676241412
0.3676353312
0.3676464802
0.3676575884
0.3676686561
0.3676796834
0.3676906705
0.3677016177
0.367712525
0.3677233928
0.3677342211
0.3677450102
0.3677557603
0.3677664716
0.3677771442
0.3677877783
0.3677983742
0.3678089319
0.3678194518
0.3678299339
0.3678403786
0.3678507859
0.367861156
0.3678714891
0.3678817855
0.3678920453
0.3679022686
0.3679124557
0.3679226068
0.367932722
0.3679428015
0.3679528455
0.3679628541
0.3679728277
0.3679827662
0.36799267
0.3680025391
0.3680123739
0.3680221743
0.3680319407
0.3680416732
0.368051372
0.3680610373
0.3680706692
0.3680802678
0.3680898335
0.3680993663
0.3681088665
0.3681183342
0.3681277695
0.3681371727
0.368146544
0.3681558834
0.3681651912
0.3681744675
0.3681837126
0.3681929265
0.3682021095
0.3682112617
0.3682203833
0.3682294745
0.3682385354
0.3682475661
0.368256567
0.368265538
0.3682744795
0.3682833915
0.3682922743
0.3683011279
0.3683099526
0.3683187485
0.3683275158
0.3683362546
0.3683449652
0.3683536476
0.3683623021
0.3683709287
0.3683795278
0.3683880993
0.3683966435
0.3684051605
0.3684136506
0.3684221138
0.3684305503
0.3684389603
0.3684473439
0.3684557013
0.3684640326
0.3684723381
0.3684806178
0.3684888719
0.3684971006
0.368505304
0.3685134822
0.3685216355
0.368529764
0.3685378678
0.3685459472
0.3685540021
0.3685620329
0.3685700395
0.3685780223
0.3685859813
0.3685939167
0.3686018287
0.3686097174
0.3686175829
0.3686254253
0.3686332449
0.3686410419
0.3686488162
0.3686565681
0.3686642977
0.3686720052
0.3686796908
0.3686873544
0.3686949964
0.3687026168
0.3687102159
0.3687177936
0.3687253502
0.3687328859
0.3687404007
0.3687478948
0.3687553684
0.3687628215
0.3687702544
0.3687776671
0.3687850599
0.3687924327
0.3687997859
0.3688071195
0.3688144336
0.3688217284
0.3688290041
0.3688362607
0.3688434985
0.3688507174
0.3688579178
0.3688650996
0.3688722631
0.3688794084
0.3688865356
0.3688936448
0.3689007362
0.3689078099
0.368914866
0.3689219048
0.3689289262
0.3689359304
0.3689429177
0.368949888
0.3689568415
0.3689637784
0.3689706988
0.3689776027
0.3689844905
0.368991362
0.3689982176
0.3690050573
0.3690118812
0.3690186895
0.3690254823
0.3690322597
0.3690390219
0.3690457689
0.3690525009
0.369059218
0.3690659204
0.3690726081
0.3690792813
0.3690859401
0.3690925846
0.369099215
0.3691058314
0.3691124338
0.3691190224
0.3691255974
0.3691321588
0.3691387068
0.3691452414
0.3691517628
0.3691582712
0.3691647666
0.3691712491
0.3691777189
0.3691841761
0.3691906208
0.3691970531
0.3692034731
0.369209881
0.3692162768
0.3692226606
0.3692290327
0.369235393
0.3692417418
0.369248079
0.3692544049
0.3692607195
0.369267023
0.3692733154
0.3692795969
0.3692858676
0.3692921275
0.3692983769
0.3693046157
0.3693108442
0.3693170623
0.3693232703
0.3693294683
0.3693356562
0.3693418344
0.3693480027
0.3693541614
0.3693603106
0.3693664503
0.3693725807
0.3693787019
0.3693848139
0.369390917
0.369397011
0.3694030963
0.3694091729
0.3694152408
0.3694213002
0.3694273512
0.3694333939
0.3694394284
0.3694454548
0.3694514731
0.3694574835
0.3694634861
0.369469481
0.3694754682
0.3694814479
0.3694874202
0.3694933852
0.3694993429
0.3695052934
0.3695112369
0.3695171735
0.3695231032
0.3695290261
0.3695349424
0.369540852
0.3695467552
0.369552652
0.3695585425
0.3695644268
0.3695703049
0.369576177
0.3695820432
0.3695879036
0.3695937582
0.3695996071
0.3696054504
0.3696112883
0.3696171207
0.3696229478
0.3696287697
0.3696345865
0.3696403982
0.369646205
0.3696520068
0.3696578039
0.3696635963
0.369669384
0.3696751672
0.369680946
0.3696867203
0.3696924904
0.3696982563
0.3697040181
0.3697097758
0.3697155296
0.3697212795
0.3697270257
0.3697327681
0.3697385068
0.3697442421
0.3697499738
0.3697557022
0.3697614273
0.3697671491
0.3697728678
0.3697785834
0.369784296
0.3697900056
0.3697957125
0.3698014166
0.369807118
0.3698128167
0.369818513
0.3698242068
0.3698298981
0.3698355872
0.3698412741
0.3698469588
0.3698526414
0.3698583219
0.3698640006
0.3698696773
0.3698753523
0.3698810255
0.3698866971
0.3698923671
0.3698980356
0.3699037027
0.3699093683
0.3699150327
0.3699206958
0.3699263578
0.3699320187
0.3699376786
0.3699433375
0.3699489955
0.3699546527
0.3699603091
0.3699659648
0.3699716199
0.3699772745
0.3699829286
0.3699885822
0.3699942355
0.3699998885
0.3700055413
0.3700111938
0.3700168463
0.3700224988
0.3700281512
0.3700338038
0.3700394565
0.3700451094
0.3700507626
0.3700564161
0.37006207
0.3700677244
0.3700733793
0.3700790347
0.3700846908
0.3700903476
0.3700960051
0.3701016634
0.3701073227
0.3701129828
0.3701186439
0.3701243061
0.3701299694
0.3701356338
0.3701412994
0.3701469663
0.3701526345
0.3701583042
0.3701639752
0.3701696477
0.3701753218
0.3701809975
0.3701866748
0.3701923538
0.3701980346
0.3702037172
0.3702094017
0.3702150881
0.3702207764
0.3702264668
0.3702321592
0.3702378538
0.3702435505
0.3702492494
0.3702549506
0.3702606542
0.3702663601
0.3702720684
0.3702777792
0.3702834925
0.3702892084
0.3702949269
0.370300648
0.3703063719
0.3703120985
0.3703178279
0.3703235601
0.3703292952
0.3703350333
0.3703407744
0.3703465184
0.3703522656
0.3703580159
0.3703637693
0.3703695259
0.3703752858
0.3703810489
0.3703868154
0.3703925853
0.3703983586
0.3704041353
0.3704099155
0.3704156993
0.3704214867
0.3704272776
0.3704330723
0.3704388706
0.3704446727
0.3704504785
0.3704562882
0.3704621018
0.3704679192
0.3704737406
0.3704795659
0.3704853952
0.3704912286
0.3704970661
0.3705029077
0.3705087534
0.3705146034
0.3705204576
0.370526316
0.3705321787
0.3705380458
0.3705439172
0.370549793
0.3705556733
0.3705615581
0.3705674473
0.3705733411
0.3705792394
0.3705851423
0.3705910499
0.3705969622
0.3706028791
0.3706088008
0.3706147272
0.3706206584
0.3706265944
0.3706325353
0.370638481
0.3706444317
0.3706503873
0.3706563479
0.3706623134
0.370668284
0.3706742596
0.3706802404
0.3706862262
0.3706922171
0.3706982132
0.3707042146
0.3707102211
0.3707162328
0.3707222498
0.3707282722
0.3707342998
0.3707403328
0.3707463711
0.3707524148
0.3707584639
0.3707645185
0.3707705786
0.3707766441
0.3707827151
0.3707887917
0.3707948738
0.3708009615
0.3708070547
0.3708131536
0.3708192582
0.3708253684
0.3708314843
0.3708376059
0.3708437332
0.3708498662
0.370856005
0.3708621496
0.3708683
0.3708744562
0.3708806182
0.3708867861
0.3708929599
0.3708991396
0.3709053252
0.3709115167
0.3709177141
0.3709239175
0.3709301269
0.3709363422
0.3709425636
0.370948791
0.3709550245
0.370961264
0.3709675095
0.3709737612
0.3709800189
0.3709862828
0.3709925527
0.3709988289
0.3710051111
0.3710113996
0.3710176942
0.371023995
0.371030302
0.3710366152
0.3710429346
0.3710492603
0.3710555922
0.3710619304
0.3710682749
0.3710746256
0.3710809827
0.371087346
0.3710937156
0.3711000916
0.3711064739
0.3711128625
0.3711192574
0.3711256588
0.3711320664
0.3711384805
0.3711449009
0.3711513277
0.3711577609
0.3711642005
0.3711706465
0.371177099
0.3711835578
0.3711900231
0.3711964947
0.3712029729
0.3712094574
0.3712159484
0.3712224459
0.3712289498
0.3712354601
0.371241977
0.3712485002
0.37125503
0.3712615662
0.3712681089
0.3712746581
0.3712812137
0.3712877759
0.3712943445
0.3713009196
0.3713075011
0.3713140892
0.3713206838
0.3713272848
0.3713338923
0.3713405063
0.3713471269
0.3713537538
0.3713603873
0.3713670273
0.3713736737
0.3713803267
0.3713869861
0.371393652
0.3714003244
0.3714070033
0.3714136886
0.3714203804
0.3714270787
0.3714337834
0.3714404946
0.3714472123
0.3714539364
0.371460667
0.371467404
0.3714741475
0.3714808974
0.3714876537
0.3714944165
0.3715011856
0.3715079612
0.3715147433
0.3715215317
0.3715283265
0.3715351277
0.3715419353
0.3715487492
0.3715555696
0.3715623963
0.3715692293
0.3715760688
0.3715829145
0.3715897666
0.371596625
0.3716034897
0.3716103607
0.371617238
0.3716241216
0.3716310115
0.3716379077
0.3716448101
0.3716517187
0.3716586336
0.3716655547
0.371672482
0.3716794156
0.3716863553
0.3716933012
0.3717002532
0.3717072115
0.3717141758
0.3717211463
0.3717281229
0.3717351056
0.3717420945
0.3717490894
0.3717560903
0.3717630973
0.3717701104
0.3717771294
0.3717841545
0.3717911856
0.3717982226
0.3718052657
0.3718123146
0.3718193695
0.3718264303
0.3718334971
0.3718405697
0.3718476481
0.3718547325
0.3718618227
0.3718689186
0.3718760204
0.371883128
0.3718902414
0.3718973605
0.3719044853
0.3719116158
0.3719187521
0.371925894
0.3719330416
0.3719401948
0.3719473536
0.3719545181
0.3719616881
0.3719688637
0.3719760448
0.3719832314
0.3719904236
0.3719976212
0.3720048243
0.3720120328
0.3720192468
0.3720264661
0.3720336909
0.3720409209
0.3720481563
0.3720553971
0.3720626431
0.3720698943
0.3720771509
0.3720844126
0.3720916795
0.3720989517
0.3721062289
0.3721135113
0.3721207988
0.3721280914
0.372135389
0.3721426916
0.3721499993
0.3721573119
0.3721646295
0.3721719521
0.3721792795
0.3721866118
0.372193949
0.372201291
0.3722086378
0.3722159894
0.3722233457
0.3722307067
0.3722380725
0.3722454429
0.372252818
0.3722601976
0.3722675819
0.3722749707
0.3722823641
0.372289762
0.3722971643
0.3723045711
0.3723119823
0.3723193979
0.3723268178
0.3723342421
0.3723416707
0.3723491036
0.3723565407
0.372363982
0.3723714275
0.3723788772
0.372386331
0.3723937888
0.3724012508
0.3724087167
0.3724161867
0.3724236607
0.3724311385
0.3724386203
0.372446106
0.3724535955
0.3724610888
0.3724685859
0.3724760867
0.3724835913
0.3724910995
0.3724986114
0.3725061269
0.3725136459
0.3725211685
0.3725286947
0.3725362243
0.3725437573
0.3725512938
0.3725588337
0.3725663769
0.3725739234
0.3725814731
0.3725890262
0.3725965824
0.3726041418
0.3726117043
0.3726192699
0.3726268386
0.3726344103
0.372641985
0.3726495627
0.3726571433
0.3726647267
0.372672313
0.3726799021
0.372687494
0.3726950886
0.3727026859
0.3727102859
0.3727178885
0.3727254937
0.3727331014
0.3727407116
0.3727483243
0.3727559395
0.372763557
0.3727711769
0.372778799
0.3727864235
0.3727940502
0.3728016791
0.3728093102
0.3728169434
0.3728245786
0.3728322159
0.3728398552
0.3728474965
0.3728551396
0.3728627847
0.3728704316
0.3728780803
0.3728857307
0.3728933829
0.3729010367
0.3729086921
0.3729163492
0.3729240078
0.3729316679
0.3729393294
0.3729469924
0.3729546568
0.3729623225
0.3729699895
0.3729776578
0.3729853272
0.3729929979
0.3730006696
0.3730083425
0.3730160163
0.3730236912
0.373031367
0.3730390438
0.3730467213
0.3730543997
0.3730620789
0.3730697588
0.3730774394
0.3730851207
0.3730928025
0.3731004849
0.3731081678
0.3731158511
0.3731235349
0.373131219
0.3731389035
0.3731465882
0.3731542732
0.3731619583
0.3731696436
0.373177329
0.3731850145
0.3731926999
0.3732003853
0.3732080706
0.3732157558
0.3732234408
0.3732311256
0.3732388101
0.3732464943
0.3732541782
0.3732618616
0.3732695446
0.3732772271
0.3732849091
0.3732925906
0.3733002714
0.3733079515
0.3733156309
0.3733233096
0.3733309876
0.3733386646
0.3733463409
0.3733540162
0.3733616905
0.3733693639
0.3733770362
0.3733847075
0.3733923776
0.3734000466
0.3734077144
0.373415381
0.3734230462
0.3734307102
0.3734383728
0.373446034
0.3734536938
0.3734613521
0.3734690089
0.3734766642
0.3734843179
0.3734919699
0.3734996203
0.373507269
0.3735149159
0.3735225611
0.3735302044
0.3735378459
0.3735454856
0.3735531233
0.373560759
0.3735683928
0.3735760245
0.3735836541
0.3735912817
0.3735989071
0.3736065303
0.3736141513
0.3736217701
0.3736293866
0.3736370008
0.3736446126
0.3736522221
0.3736598291
0.3736674337
0.3736750358
0.3736826354
0.3736902325
0.3736978269
0.3737054188
0.3737130079
0.3737205945
0.3737281783
0.3737357593
0.3737433376
0.373750913
0.3737584857
0.3737660554
0.3737736222
0.3737811861
0.3737887471
0.373796305
0.3738038599
0.3738114118
0.3738189605
0.3738265061
0.3738340486
0.3738415879
0.373849124
0.3738566569
0.3738641864
0.3738717127
0.3738792357
0.3738867553
0.3738942715
0.3739017843
0.3739092936
0.3739167995
0.3739243019
0.3739318008
0.3739392961
0.3739467878
0.3739542759
0.3739617604
0.3739692412
0.3739767183
0.3739841917
0.3739916613
0.3739991272
0.3740065893
0.3740140476
0.374021502
0.3740289525
0.3740363992
0.3740438419
0.3740512806
0.3740587154
0.3740661462
0.3740735729
0.3740809956
0.3740884143
0.3740958288
0.3741032392
0.3741106454
0.3741180475
0.3741254454
0.374132839
0.3741402284
0.3741476136
0.3741549944
0.374162371
0.3741697432
0.374177111
0.3741844745
0.3741918335
0.3741991881
0.3742065383
0.374213884
0.3742212252
0.3742285619
0.3742358941
0.3742432217
0.3742505447
0.3742578631
0.3742651769
0.374272486
0.3742797905
0.3742870903
0.3742943854
0.3743016758
0.3743089614
0.3743162423
0.3743235184
0.3743307896
0.3743380561
0.3743453177
0.3743525744
0.3743598263
0.3743670732
0.3743743153
0.3743815524
0.3743887845
0.3743960117
0.3744032338
0.374410451
0.3744176631
0.3744248702
0.3744320722
0.3744392691
0.374446461
0.3744536477
0.3744608292
0.3744680056
0.3744751769
0.3744823429
0.3744895038
0.3744966594
0.3745038098
0.3745109549
0.3745180948
0.3745252294
0.3745323587
0.3745394826
0.3745466013
0.3745537145
0.3745608225
0.374567925
0.3745750221
0.3745821139
0.3745892002
0.374596281
0.3746033564
0.3746104264
0.3746174908
0.3746245498
0.3746316032
0.3746386512
0.3746456935
0.3746527304
0.3746597616
0.3746667873
0.3746738074
0.3746808219
0.3746878307
0.3746948339
0.3747018315
0.3747088234
0.3747158097
0.3747227902
0.3747297651
0.3747367342
0.3747436977
0.3747506554
0.3747576073
0.3747645535
0.3747714939
0.3747784286
0.3747853574
0.3747922804
0.3747991977
0.3748061091
0.3748130146
0.3748199143
0.3748268082
0.3748336962
0.3748405783
0.3748474545
0.3748543248
0.3748611892
0.3748680476
0.3748749002
0.3748817468
0.3748885874
0.3748954221
0.3749022508
0.3749090736
0.3749158903
0.374922701
0.3749295058
0.3749363045
0.3749430972
0.3749498838
0.3749566644
0.374963439
0.3749702075
0.3749769699
0.3749837263
0.3749904765
0.3749972207
0.3750039588
0.3750106907
0.3750174165
0.3750241363
0.3750308498
0.3750375573
0.3750442586
0.3750509537
0.3750576427
0.3750643255
0.3750710021
0.3750776725
0.3750843368
0.3750909948
0.3750976467
0.3751042923
0.3751109318
0.375117565
0.3751241919
0.3751308127
0.3751374272
0.3751440354
0.3751506374
0.3751572332
0.3751638227
0.3751704059
0.3751769828
0.3751835535
0.3751901178
0.3751966759
0.3752032277
0.3752097732
0.3752163124
0.3752228453
0.3752293718
0.3752358921
0.375242406
0.3752489136
0.3752554149
0.3752619098
0.3752683984
0.3752748806
0.3752813565
0.3752878261
0.3752942893
0.3753007461
0.3753071966
0.3753136407
0.3753200784
0.3753265098
0.3753329348
0.3753393534
0.3753457656
0.3753521715
0.3753585709
0.375364964
0.3753713507
0.3753777309
0.3753841048
0.3753904723
0.3753968334
0.3754031881
0.3754095363
0.3754158782
0.3754222137
0.3754285427
0.3754348653
0.3754411815
0.3754474913
0.3754537947
0.3754600916
0.3754663822
0.3754726663
0.375478944
0.3754852152
0.37549148
0.3754977384
0.3755039904
0.3755102359
0.3755164751
0.3755227077
0.375528934
0.3755351538
0.3755413672
0.3755475741
0.3755537746
0.3755599687
0.3755661564
0.3755723376
0.3755785123
0.3755846807
0.3755908426
0.3755969981
0.3756031471
0.3756092897
0.3756154259
0.3756215556
0.375627679
0.3756337958
0.3756399063
0.3756460103
0.3756521079
0.3756581991
0.3756642838
0.3756703621
0.375676434
0.3756824995
0.3756885585
0.3756946111
0.3757006573
0.3757066971
0.3757127305
0.3757187575
0.375724778
0.3757307921
0.3757367998
0.3757428012
0.3757487961
0.3757547846
0.3757607667
0.3757667424
0.3757727117
0.3757786746
0.3757846311
0.3757905813
0.375796525
0.3758024624
0.3758083934
0.375814318
0.3758202362
0.3758261481
0.3758320535
0.3758379526
0.3758438454
0.3758497318
0.3758556118
0.3758614855
0.3758673528
0.3758732138
0.3758790684
0.3758849167
0.3758907586
0.3758965942
0.3759024235
0.3759082464
0.3759140631
0.3759198734
0.3759256773
0.375931475
0.3759372664
0.3759430514
0.3759488302
0.3759546027
0.3759603688
0.3759661287
0.3759718823
0.3759776296
0.3759833706
0.3759891054
0.3759948339
0.3760005562
0.3760062721
0.3760119819
0.3760176853
0.3760233826
0.3760290736
0.3760347583
0.3760404369
0.3760461092
0.3760517753
0.3760574352
0.3760630888
0.3760687363
0.3760743776
0.3760800127
0.3760856415
0.3760912643
0.3760968808
0.3761024911
0.3761080953
0.3761136934
0.3761192853
0.376124871
0.3761304506
0.376136024
0.3761415913
0.3761471525
0.3761527076
0.3761582566
0.3761637994
0.3761693362
0.3761748668
0.3761803914
0.3761859098
0.3761914222
0.3761969286
0.3762024288
0.3762079231
0.3762134112
0.3762188933
0.3762243694
0.3762298394
0.3762353034
0.3762407614
0.3762462134
0.3762516594
0.3762570994
0.3762625333
0.3762679613
0.3762733833
0.3762787994
0.3762842095
0.3762896136
0.3762950118
0.376300404
0.3763057903
0.3763111706
0.3763165451
0.3763219136
0.3763272762
0.3763326329
0.3763379837
0.3763433287
0.3763486677
0.3763540009
0.3763593282
0.3763646497
0.3763699653
0.3763752751
0.376380579
0.3763858771
0.3763911694
0.3763964559
0.3764017366
0.3764070115
0.3764122806
0.3764175439
0.3764228014
0.3764280532
0.3764332993
0.3764385395
0.3764437741
0.3764490029
0.376454226
0.3764594433
0.376464655
0.376469861
0.3764750613
0.3764802558
0.3764854448
0.376490628
0.3764958056
0.3765009776
0.3765061439
0.3765113045
0.3765164596
0.376521609
0.3765267529
0.3765318911
0.3765370237
0.3765421508
0.3765472723
0.3765523882
0.3765574986
0.3765626034
0.3765677027
0.3765727964
0.3765778847
0.3765829674
0.3765880446
0.3765931163
0.3765981826
0.3766032433
0.3766082986
0.3766133485
0.3766183929
0.3766234318
0.3766284654
0.3766334935
0.3766385162
0.3766435334
0.3766485453
0.3766535518
0.376658553
0.3766635487
0.3766685392
0.3766735242
0.3766785039
0.3766834783
0.3766884474
0.3766934112
0.3766983696
0.3767033228
0.3767082707
0.3767132133
0.3767181506
0.3767230827
0.3767280096
0.3767329312
0.3767378476
0.3767427587
0.3767476647
0.3767525654
0.376757461
0.3767623514
0.3767672367
0.3767721167
0.3767769916
0.3767818614
0.3767867261
0.3767915856
0.37679644
0.3768012894
0.3768061336
0.3768109728
0.3768158068
0.3768206359
0.3768254598
0.3768302788
0.3768350926
0.3768399015
0.3768447054
0.3768495042
0.3768542981
0.376859087
0.3768638709
0.3768686499
0.3768734239
0.3768781929
0.376882957
0.3768877162
0.3768924705
0.3768972199
0.3769019644
0.376906704
0.3769114388
0.3769161687
0.3769208937
0.3769256139
0.3769303292
0.3769350398
0.3769397455
0.3769444464
0.3769491425
0.3769538339
0.3769585205
0.3769632023
0.3769678793
0.3769725517
0.3769772193
0.3769818822
0.3769865403
0.3769911938
0.3769958426
0.3770004867
0.3770051261
0.3770097609
0.377014391
0.3770190165
0.3770236374
0.3770282536
0.3770328653
0.3770374723
0.3770420748
0.3770466727
0.377051266
0.3770558548
0.377060439
0.3770650187
0.3770695939
0.3770741645
0.3770787307
0.3770832923
0.3770878495
0.3770924022
0.3770969504
0.3771014942
0.3771060336
0.3771105685
0.377115099
0.3771196251
0.3771241468
0.3771286641
0.377133177
0.3771376856
0.3771421898
0.3771466896
0.3771511851
0.3771556763
0.3771601632
0.3771646458
0.3771691241
0.377173598
0.3771780678
0.3771825332
0.3771869944
0.3771914514
0.3771959041
0.3772003526
0.3772047969
0.377209237
0.3772136729
0.3772181046
0.3772225322
0.3772269556
0.3772313748
0.3772357899
0.3772402009
0.3772446078
0.3772490106
0.3772534092
0.3772578038
0.3772621943
0.3772665807
0.3772709631
0.3772753414
0.3772797157
0.377284086
0.3772884523
0.3772928146
0.3772971729
0.3773015273
0.3773058776
0.377310224
0.3773145663
0.3773189047
0.3773232391
0.3773275695
0.3773318961
